{"/Users/maximilianoguzman/Desktop/Antigravity/App Decretos/decretos-cft/components/ActionMenu.tsx": {"path":"/Users/maximilianoguzman/Desktop/Antigravity/App Decretos/decretos-cft/components/ActionMenu.tsx","statementMap":{"0":{"start":{"line":1,"column":0},"end":{"line":1,"column":59}},"1":{"start":{"line":2,"column":0},"end":{"line":2,"column":82}},"2":{"start":{"line":13,"column":46},"end":{"line":102,"column":1}},"3":{"start":{"line":14,"column":32},"end":{"line":14,"column":47}},"4":{"start":{"line":15,"column":20},"end":{"line":15,"column":48}},"5":{"start":{"line":17,"column":4},"end":{"line":25,"column":11}},"6":{"start":{"line":18,"column":35},"end":{"line":22,"column":9}},"7":{"start":{"line":19,"column":12},"end":{"line":21,"column":13}},"8":{"start":{"line":20,"column":16},"end":{"line":20,"column":33}},"9":{"start":{"line":23,"column":8},"end":{"line":23,"column":67}},"10":{"start":{"line":24,"column":8},"end":{"line":24,"column":83}},"11":{"start":{"line":24,"column":21},"end":{"line":24,"column":82}},"12":{"start":{"line":27,"column":20},"end":{"line":66,"column":6}},"13":{"start":{"line":31,"column":27},"end":{"line":31,"column":44}},"14":{"start":{"line":38,"column":27},"end":{"line":38,"column":54}},"15":{"start":{"line":45,"column":27},"end":{"line":45,"column":55}},"16":{"start":{"line":53,"column":27},"end":{"line":53,"column":41}},"17":{"start":{"line":61,"column":27},"end":{"line":61,"column":46}},"18":{"start":{"line":68,"column":4},"end":{"line":101,"column":6}},"19":{"start":{"line":71,"column":31},"end":{"line":71,"column":49}},"20":{"start":{"line":80,"column":24},"end":{"line":80,"column":null}},"21":{"start":{"line":86,"column":36},"end":{"line":86,"column":53}},"22":{"start":{"line":87,"column":36},"end":{"line":87,"column":53}},"23":{"start":{"line":104,"column":0},"end":{"line":104,"column":26}}},"fnMap":{"0":{"name":"(anonymous_9)","decl":{"start":{"line":13,"column":46},"end":{"line":13,"column":47}},"loc":{"start":{"line":13,"column":105},"end":{"line":102,"column":1}}},"1":{"name":"(anonymous_10)","decl":{"start":{"line":17,"column":14},"end":{"line":17,"column":17}},"loc":{"start":{"line":17,"column":19},"end":{"line":25,"column":5}}},"2":{"name":"(anonymous_11)","decl":{"start":{"line":18,"column":35},"end":{"line":18,"column":36}},"loc":{"start":{"line":18,"column":57},"end":{"line":22,"column":9}}},"3":{"name":"(anonymous_12)","decl":{"start":{"line":24,"column":15},"end":{"line":24,"column":18}},"loc":{"start":{"line":24,"column":21},"end":{"line":24,"column":82}}},"4":{"name":"(anonymous_13)","decl":{"start":{"line":31,"column":21},"end":{"line":31,"column":24}},"loc":{"start":{"line":31,"column":27},"end":{"line":31,"column":44}}},"5":{"name":"(anonymous_14)","decl":{"start":{"line":38,"column":21},"end":{"line":38,"column":24}},"loc":{"start":{"line":38,"column":27},"end":{"line":38,"column":54}}},"6":{"name":"(anonymous_15)","decl":{"start":{"line":45,"column":21},"end":{"line":45,"column":24}},"loc":{"start":{"line":45,"column":27},"end":{"line":45,"column":55}}},"7":{"name":"(anonymous_16)","decl":{"start":{"line":53,"column":21},"end":{"line":53,"column":24}},"loc":{"start":{"line":53,"column":27},"end":{"line":53,"column":41}}},"8":{"name":"(anonymous_17)","decl":{"start":{"line":61,"column":21},"end":{"line":61,"column":24}},"loc":{"start":{"line":61,"column":27},"end":{"line":61,"column":46}}},"9":{"name":"(anonymous_18)","decl":{"start":{"line":71,"column":25},"end":{"line":71,"column":28}},"loc":{"start":{"line":71,"column":31},"end":{"line":71,"column":49}}},"10":{"name":"(anonymous_19)","decl":{"start":{"line":79,"column":33},"end":{"line":79,"column":34}},"loc":{"start":{"line":80,"column":24},"end":{"line":80,"column":null}}},"11":{"name":"(anonymous_20)","decl":{"start":{"line":85,"column":41},"end":{"line":85,"column":44}},"loc":{"start":{"line":85,"column":46},"end":{"line":88,"column":33}}}},"branchMap":{"0":{"loc":{"start":{"line":19,"column":12},"end":{"line":21,"column":13}},"type":"if","locations":[{"start":{"line":19,"column":12},"end":{"line":21,"column":13}}]},"1":{"loc":{"start":{"line":19,"column":16},"end":{"line":19,"column":82}},"type":"binary-expr","locations":[{"start":{"line":19,"column":16},"end":{"line":19,"column":31}},{"start":{"line":19,"column":35},"end":{"line":19,"column":82}}]},"2":{"loc":{"start":{"line":28,"column":12},"end":{"line":34,"column":15}},"type":"cond-expr","locations":[{"start":{"line":28,"column":24},"end":{"line":34,"column":10}},{"start":{"line":34,"column":13},"end":{"line":34,"column":15}}]},"3":{"loc":{"start":{"line":50,"column":12},"end":{"line":56,"column":15}},"type":"cond-expr","locations":[{"start":{"line":50,"column":21},"end":{"line":56,"column":10}},{"start":{"line":56,"column":13},"end":{"line":56,"column":15}}]},"4":{"loc":{"start":{"line":58,"column":12},"end":{"line":65,"column":15}},"type":"cond-expr","locations":[{"start":{"line":58,"column":23},"end":{"line":65,"column":10}},{"start":{"line":65,"column":13},"end":{"line":65,"column":15}}]},"5":{"loc":{"start":{"line":77,"column":13},"end":{"line":98,"column":null}},"type":"binary-expr","locations":[{"start":{"line":77,"column":13},"end":{"line":77,"column":19}},{"start":{"line":78,"column":16},"end":{"line":97,"column":null}}]},"6":{"loc":{"start":{"line":81,"column":29},"end":{"line":82,"column":null}},"type":"binary-expr","locations":[{"start":{"line":81,"column":29},"end":{"line":81,"column":43}},{"start":{"line":82,"column":32},"end":{"line":82,"column":104}}]}},"s":{"0":0,"1":0,"2":0,"3":0,"4":0,"5":0,"6":0,"7":0,"8":0,"9":0,"10":0,"11":0,"12":0,"13":0,"14":0,"15":0,"16":0,"17":0,"18":0,"19":0,"20":0,"21":0,"22":0,"23":0},"f":{"0":0,"1":0,"2":0,"3":0,"4":0,"5":0,"6":0,"7":0,"8":0,"9":0,"10":0,"11":0},"b":{"0":[0],"1":[0,0],"2":[0,0],"3":[0,0],"4":[0,0],"5":[0,0],"6":[0,0]}}
,"/Users/maximilianoguzman/Desktop/Antigravity/App Decretos/decretos-cft/components/AdminPanel.tsx": {"path":"/Users/maximilianoguzman/Desktop/Antigravity/App Decretos/decretos-cft/components/AdminPanel.tsx","statementMap":{"0":{"start":{"line":1,"column":0},"end":{"line":1,"column":51}},"1":{"start":{"line":2,"column":0},"end":{"line":2,"column":129}},"2":{"start":{"line":3,"column":0},"end":{"line":3,"column":43}},"3":{"start":{"line":4,"column":0},"end":{"line":4,"column":68}},"4":{"start":{"line":18,"column":26},"end":{"line":18,"column":42}},"5":{"start":{"line":21,"column":22},"end":{"line":34,"column":1}},"6":{"start":{"line":22,"column":4},"end":{"line":29,"column":5}},"7":{"start":{"line":23,"column":23},"end":{"line":23,"column":62}},"8":{"start":{"line":24,"column":8},"end":{"line":26,"column":9}},"9":{"start":{"line":25,"column":12},"end":{"line":25,"column":38}},"10":{"start":{"line":28,"column":8},"end":{"line":28,"column":49}},"11":{"start":{"line":31,"column":4},"end":{"line":33,"column":6}},"12":{"start":{"line":37,"column":22},"end":{"line":43,"column":1}},"13":{"start":{"line":38,"column":4},"end":{"line":42,"column":5}},"14":{"start":{"line":39,"column":8},"end":{"line":39,"column":71}},"15":{"start":{"line":41,"column":8},"end":{"line":41,"column":48}},"16":{"start":{"line":46,"column":27},"end":{"line":49,"column":1}},"17":{"start":{"line":47,"column":18},"end":{"line":47,"column":33}},"18":{"start":{"line":48,"column":4},"end":{"line":48,"column":50}},"19":{"start":{"line":46,"column":13},"end":{"line":46,"column":27}},"20":{"start":{"line":52,"column":28},"end":{"line":54,"column":1}},"21":{"start":{"line":53,"column":4},"end":{"line":53,"column":42}},"22":{"start":{"line":52,"column":13},"end":{"line":52,"column":28}},"23":{"start":{"line":56,"column":46},"end":{"line":418,"column":1}},"24":{"start":{"line":57,"column":30},"end":{"line":57,"column":57}},"25":{"start":{"line":58,"column":34},"end":{"line":58,"column":49}},"26":{"start":{"line":59,"column":30},"end":{"line":59,"column":59}},"27":{"start":{"line":60,"column":34},"end":{"line":60,"column":63}},"28":{"start":{"line":63,"column":36},"end":{"line":63,"column":48}},"29":{"start":{"line":64,"column":42},"end":{"line":64,"column":54}},"30":{"start":{"line":65,"column":34},"end":{"line":65,"column":62}},"31":{"start":{"line":66,"column":40},"end":{"line":66,"column":55}},"32":{"start":{"line":69,"column":4},"end":{"line":73,"column":17}},"33":{"start":{"line":70,"column":8},"end":{"line":72,"column":9}},"34":{"start":{"line":71,"column":12},"end":{"line":71,"column":24}},"35":{"start":{"line":75,"column":22},"end":{"line":82,"column":5}},"36":{"start":{"line":76,"column":22},"end":{"line":76,"column":37}},"37":{"start":{"line":77,"column":40},"end":{"line":80,"column":11}},"38":{"start":{"line":77,"column":86},"end":{"line":80,"column":10}},"39":{"start":{"line":81,"column":8},"end":{"line":81,"column":27}},"40":{"start":{"line":84,"column":29},"end":{"line":134,"column":5}},"41":{"start":{"line":85,"column":8},"end":{"line":88,"column":9}},"42":{"start":{"line":86,"column":12},"end":{"line":86,"column":58}},"43":{"start":{"line":87,"column":12},"end":{"line":87,"column":19}},"44":{"start":{"line":90,"column":8},"end":{"line":93,"column":9}},"45":{"start":{"line":91,"column":12},"end":{"line":91,"column":71}},"46":{"start":{"line":92,"column":12},"end":{"line":92,"column":19}},"47":{"start":{"line":95,"column":8},"end":{"line":95,"column":28}},"48":{"start":{"line":96,"column":8},"end":{"line":96,"column":23}},"49":{"start":{"line":97,"column":8},"end":{"line":97,"column":25}},"50":{"start":{"line":99,"column":8},"end":{"line":133,"column":9}},"51":{"start":{"line":101,"column":49},"end":{"line":107,"column":14}},"52":{"start":{"line":109,"column":12},"end":{"line":111,"column":13}},"53":{"start":{"line":110,"column":16},"end":{"line":110,"column":34}},"54":{"start":{"line":114,"column":26},"end":{"line":114,"column":41}},"55":{"start":{"line":115,"column":12},"end":{"line":115,"column":59}},"56":{"start":{"line":116,"column":12},"end":{"line":116,"column":33}},"57":{"start":{"line":119,"column":12},"end":{"line":119,"column":24}},"58":{"start":{"line":121,"column":12},"end":{"line":121,"column":95}},"59":{"start":{"line":122,"column":12},"end":{"line":122,"column":28}},"60":{"start":{"line":123,"column":12},"end":{"line":123,"column":31}},"61":{"start":{"line":124,"column":12},"end":{"line":124,"column":33}},"62":{"start":{"line":126,"column":12},"end":{"line":130,"column":13}},"63":{"start":{"line":127,"column":16},"end":{"line":127,"column":58}},"64":{"start":{"line":129,"column":16},"end":{"line":129,"column":66}},"65":{"start":{"line":132,"column":12},"end":{"line":132,"column":33}},"66":{"start":{"line":136,"column":29},"end":{"line":142,"column":5}},"67":{"start":{"line":137,"column":22},"end":{"line":137,"column":37}},"68":{"start":{"line":138,"column":8},"end":{"line":138,"column":45}},"69":{"start":{"line":139,"column":8},"end":{"line":139,"column":29}},"70":{"start":{"line":140,"column":8},"end":{"line":140,"column":20}},"71":{"start":{"line":141,"column":8},"end":{"line":141,"column":73}},"72":{"start":{"line":144,"column":29},"end":{"line":156,"column":5}},"73":{"start":{"line":146,"column":8},"end":{"line":149,"column":9}},"74":{"start":{"line":147,"column":12},"end":{"line":147,"column":70}},"75":{"start":{"line":148,"column":12},"end":{"line":148,"column":19}},"76":{"start":{"line":151,"column":22},"end":{"line":151,"column":37}},"77":{"start":{"line":152,"column":8},"end":{"line":152,"column":42}},"78":{"start":{"line":153,"column":8},"end":{"line":153,"column":29}},"79":{"start":{"line":154,"column":8},"end":{"line":154,"column":20}},"80":{"start":{"line":155,"column":8},"end":{"line":155,"column":72}},"81":{"start":{"line":158,"column":34},"end":{"line":176,"column":5}},"82":{"start":{"line":159,"column":8},"end":{"line":162,"column":9}},"83":{"start":{"line":160,"column":12},"end":{"line":160,"column":41}},"84":{"start":{"line":161,"column":12},"end":{"line":161,"column":19}},"85":{"start":{"line":164,"column":22},"end":{"line":164,"column":37}},"86":{"start":{"line":165,"column":8},"end":{"line":168,"column":9}},"87":{"start":{"line":166,"column":12},"end":{"line":166,"column":57}},"88":{"start":{"line":167,"column":12},"end":{"line":167,"column":19}},"89":{"start":{"line":170,"column":8},"end":{"line":170,"column":55}},"90":{"start":{"line":171,"column":8},"end":{"line":171,"column":29}},"91":{"start":{"line":172,"column":8},"end":{"line":172,"column":20}},"92":{"start":{"line":173,"column":8},"end":{"line":173,"column":79}},"93":{"start":{"line":174,"column":8},"end":{"line":174,"column":24}},"94":{"start":{"line":175,"column":8},"end":{"line":175,"column":29}},"95":{"start":{"line":178,"column":4},"end":{"line":178,"column":29}},"96":{"start":{"line":178,"column":17},"end":{"line":178,"column":29}},"97":{"start":{"line":180,"column":4},"end":{"line":417,"column":6}},"98":{"start":{"line":216,"column":51},"end":{"line":216,"column":65}},"99":{"start":{"line":226,"column":51},"end":{"line":226,"column":67}},"100":{"start":{"line":249,"column":57},"end":{"line":249,"column":84}},"101":{"start":{"line":263,"column":53},"end":{"line":263,"column":83}},"102":{"start":{"line":275,"column":53},"end":{"line":275,"column":91}},"103":{"start":{"line":321,"column":32},"end":{"line":322,"column":null}},"104":{"start":{"line":350,"column":61},"end":{"line":350,"column":117}},"105":{"start":{"line":361,"column":63},"end":{"line":361,"column":91}},"106":{"start":{"line":394,"column":49},"end":{"line":394,"column":76}},"107":{"start":{"line":400,"column":49},"end":{"line":400,"column":87}},"108":{"start":{"line":420,"column":0},"end":{"line":420,"column":26}}},"fnMap":{"0":{"name":"(anonymous_9)","decl":{"start":{"line":21,"column":22},"end":{"line":21,"column":51}},"loc":{"start":{"line":21,"column":53},"end":{"line":34,"column":1}}},"1":{"name":"(anonymous_10)","decl":{"start":{"line":37,"column":22},"end":{"line":37,"column":23}},"loc":{"start":{"line":37,"column":58},"end":{"line":43,"column":1}}},"2":{"name":"(anonymous_11)","decl":{"start":{"line":46,"column":27},"end":{"line":46,"column":28}},"loc":{"start":{"line":46,"column":55},"end":{"line":49,"column":1}}},"3":{"name":"(anonymous_12)","decl":{"start":{"line":52,"column":28},"end":{"line":52,"column":29}},"loc":{"start":{"line":52,"column":55},"end":{"line":54,"column":1}}},"4":{"name":"(anonymous_13)","decl":{"start":{"line":56,"column":46},"end":{"line":56,"column":47}},"loc":{"start":{"line":56,"column":70},"end":{"line":418,"column":1}}},"5":{"name":"(anonymous_14)","decl":{"start":{"line":69,"column":14},"end":{"line":69,"column":17}},"loc":{"start":{"line":69,"column":19},"end":{"line":73,"column":5}}},"6":{"name":"(anonymous_15)","decl":{"start":{"line":75,"column":22},"end":{"line":75,"column":25}},"loc":{"start":{"line":75,"column":27},"end":{"line":82,"column":5}}},"7":{"name":"(anonymous_16)","decl":{"start":{"line":77,"column":66},"end":{"line":77,"column":67}},"loc":{"start":{"line":77,"column":86},"end":{"line":80,"column":10}}},"8":{"name":"(anonymous_17)","decl":{"start":{"line":84,"column":29},"end":{"line":84,"column":34}},"loc":{"start":{"line":84,"column":40},"end":{"line":134,"column":5}}},"9":{"name":"(anonymous_18)","decl":{"start":{"line":136,"column":29},"end":{"line":136,"column":30}},"loc":{"start":{"line":136,"column":66},"end":{"line":142,"column":5}}},"10":{"name":"(anonymous_19)","decl":{"start":{"line":144,"column":29},"end":{"line":144,"column":30}},"loc":{"start":{"line":144,"column":47},"end":{"line":156,"column":5}}},"11":{"name":"(anonymous_20)","decl":{"start":{"line":158,"column":34},"end":{"line":158,"column":37}},"loc":{"start":{"line":158,"column":39},"end":{"line":176,"column":5}}},"12":{"name":"(anonymous_21)","decl":{"start":{"line":216,"column":45},"end":{"line":216,"column":48}},"loc":{"start":{"line":216,"column":51},"end":{"line":216,"column":65}}},"13":{"name":"(anonymous_22)","decl":{"start":{"line":226,"column":45},"end":{"line":226,"column":48}},"loc":{"start":{"line":226,"column":51},"end":{"line":226,"column":67}}},"14":{"name":"(anonymous_23)","decl":{"start":{"line":249,"column":50},"end":{"line":249,"column":51}},"loc":{"start":{"line":249,"column":57},"end":{"line":249,"column":84}}},"15":{"name":"(anonymous_24)","decl":{"start":{"line":263,"column":46},"end":{"line":263,"column":47}},"loc":{"start":{"line":263,"column":53},"end":{"line":263,"column":83}}},"16":{"name":"(anonymous_25)","decl":{"start":{"line":275,"column":46},"end":{"line":275,"column":47}},"loc":{"start":{"line":275,"column":53},"end":{"line":275,"column":91}}},"17":{"name":"(anonymous_26)","decl":{"start":{"line":320,"column":39},"end":{"line":320,"column":40}},"loc":{"start":{"line":321,"column":32},"end":{"line":322,"column":null}}},"18":{"name":"(anonymous_27)","decl":{"start":{"line":350,"column":54},"end":{"line":350,"column":55}},"loc":{"start":{"line":350,"column":61},"end":{"line":350,"column":117}}},"19":{"name":"(anonymous_28)","decl":{"start":{"line":361,"column":57},"end":{"line":361,"column":60}},"loc":{"start":{"line":361,"column":63},"end":{"line":361,"column":91}}},"20":{"name":"(anonymous_29)","decl":{"start":{"line":394,"column":42},"end":{"line":394,"column":43}},"loc":{"start":{"line":394,"column":49},"end":{"line":394,"column":76}}},"21":{"name":"(anonymous_30)","decl":{"start":{"line":400,"column":42},"end":{"line":400,"column":43}},"loc":{"start":{"line":400,"column":49},"end":{"line":400,"column":87}}}},"branchMap":{"0":{"loc":{"start":{"line":24,"column":8},"end":{"line":26,"column":9}},"type":"if","locations":[{"start":{"line":24,"column":8},"end":{"line":26,"column":9}}]},"1":{"loc":{"start":{"line":48,"column":11},"end":{"line":48,"column":49}},"type":"binary-expr","locations":[{"start":{"line":48,"column":11},"end":{"line":48,"column":37}},{"start":{"line":48,"column":41},"end":{"line":48,"column":49}}]},"2":{"loc":{"start":{"line":70,"column":8},"end":{"line":72,"column":9}},"type":"if","locations":[{"start":{"line":70,"column":8},"end":{"line":72,"column":9}}]},"3":{"loc":{"start":{"line":85,"column":8},"end":{"line":88,"column":9}},"type":"if","locations":[{"start":{"line":85,"column":8},"end":{"line":88,"column":9}}]},"4":{"loc":{"start":{"line":85,"column":12},"end":{"line":85,"column":51}},"type":"binary-expr","locations":[{"start":{"line":85,"column":12},"end":{"line":85,"column":28}},{"start":{"line":85,"column":32},"end":{"line":85,"column":51}}]},"5":{"loc":{"start":{"line":90,"column":8},"end":{"line":93,"column":9}},"type":"if","locations":[{"start":{"line":90,"column":8},"end":{"line":93,"column":9}}]},"6":{"loc":{"start":{"line":109,"column":12},"end":{"line":111,"column":13}},"type":"if","locations":[{"start":{"line":109,"column":12},"end":{"line":111,"column":13}}]},"7":{"loc":{"start":{"line":126,"column":12},"end":{"line":130,"column":13}},"type":"if","locations":[{"start":{"line":126,"column":12},"end":{"line":130,"column":13}},{"start":{"line":128,"column":19},"end":{"line":130,"column":13}}]},"8":{"loc":{"start":{"line":129,"column":25},"end":{"line":129,"column":64}},"type":"binary-expr","locations":[{"start":{"line":129,"column":25},"end":{"line":129,"column":36}},{"start":{"line":129,"column":40},"end":{"line":129,"column":64}}]},"9":{"loc":{"start":{"line":146,"column":8},"end":{"line":149,"column":9}},"type":"if","locations":[{"start":{"line":146,"column":8},"end":{"line":149,"column":9}}]},"10":{"loc":{"start":{"line":159,"column":8},"end":{"line":162,"column":9}},"type":"if","locations":[{"start":{"line":159,"column":8},"end":{"line":162,"column":9}}]},"11":{"loc":{"start":{"line":165,"column":8},"end":{"line":168,"column":9}},"type":"if","locations":[{"start":{"line":165,"column":8},"end":{"line":168,"column":9}}]},"12":{"loc":{"start":{"line":178,"column":4},"end":{"line":178,"column":29}},"type":"if","locations":[{"start":{"line":178,"column":4},"end":{"line":178,"column":29}}]},"13":{"loc":{"start":{"line":212,"column":21},"end":{"line":219,"column":null}},"type":"binary-expr","locations":[{"start":{"line":212,"column":21},"end":{"line":212,"column":26}},{"start":{"line":213,"column":24},"end":{"line":218,"column":null}}]},"14":{"loc":{"start":{"line":222,"column":21},"end":{"line":229,"column":null}},"type":"binary-expr","locations":[{"start":{"line":222,"column":21},"end":{"line":222,"column":28}},{"start":{"line":223,"column":24},"end":{"line":228,"column":null}}]},"15":{"loc":{"start":{"line":289,"column":37},"end":{"line":298,"column":null}},"type":"cond-expr","locations":[{"start":{"line":290,"column":40},"end":{"line":291,"column":null}},{"start":{"line":295,"column":40},"end":{"line":296,"column":null}}]},"16":{"loc":{"start":{"line":326,"column":113},"end":{"line":328,"column":null}},"type":"cond-expr","locations":[{"start":{"line":327,"column":50},"end":{"line":327,"column":87}},{"start":{"line":328,"column":50},"end":{"line":328,"column":null}}]},"17":{"loc":{"start":{"line":330,"column":45},"end":{"line":333,"column":null}},"type":"cond-expr","locations":[{"start":{"line":331,"column":48},"end":{"line":331,"column":114}},{"start":{"line":333,"column":48},"end":{"line":333,"column":110}}]},"18":{"loc":{"start":{"line":359,"column":41},"end":{"line":366,"column":null}},"type":"binary-expr","locations":[{"start":{"line":359,"column":41},"end":{"line":359,"column":96}},{"start":{"line":360,"column":44},"end":{"line":365,"column":null}}]},"19":{"loc":{"start":{"line":372,"column":29},"end":{"line":376,"column":null}},"type":"binary-expr","locations":[{"start":{"line":372,"column":29},"end":{"line":372,"column":47}},{"start":{"line":373,"column":32},"end":{"line":375,"column":null}}]}},"s":{"0":0,"1":0,"2":0,"3":0,"4":0,"5":0,"6":0,"7":0,"8":0,"9":0,"10":0,"11":0,"12":0,"13":0,"14":0,"15":0,"16":0,"17":0,"18":0,"19":0,"20":0,"21":0,"22":0,"23":0,"24":0,"25":0,"26":0,"27":0,"28":0,"29":0,"30":0,"31":0,"32":0,"33":0,"34":0,"35":0,"36":0,"37":0,"38":0,"39":0,"40":0,"41":0,"42":0,"43":0,"44":0,"45":0,"46":0,"47":0,"48":0,"49":0,"50":0,"51":0,"52":0,"53":0,"54":0,"55":0,"56":0,"57":0,"58":0,"59":0,"60":0,"61":0,"62":0,"63":0,"64":0,"65":0,"66":0,"67":0,"68":0,"69":0,"70":0,"71":0,"72":0,"73":0,"74":0,"75":0,"76":0,"77":0,"78":0,"79":0,"80":0,"81":0,"82":0,"83":0,"84":0,"85":0,"86":0,"87":0,"88":0,"89":0,"90":0,"91":0,"92":0,"93":0,"94":0,"95":0,"96":0,"97":0,"98":0,"99":0,"100":0,"101":0,"102":0,"103":0,"104":0,"105":0,"106":0,"107":0,"108":0},"f":{"0":0,"1":0,"2":0,"3":0,"4":0,"5":0,"6":0,"7":0,"8":0,"9":0,"10":0,"11":0,"12":0,"13":0,"14":0,"15":0,"16":0,"17":0,"18":0,"19":0,"20":0,"21":0},"b":{"0":[0],"1":[0,0],"2":[0],"3":[0],"4":[0,0],"5":[0],"6":[0],"7":[0,0],"8":[0,0],"9":[0],"10":[0],"11":[0],"12":[0],"13":[0,0],"14":[0,0],"15":[0,0],"16":[0,0],"17":[0,0],"18":[0,0],"19":[0,0]}}
,"/Users/maximilianoguzman/Desktop/Antigravity/App Decretos/decretos-cft/components/AdvancedFilters.tsx": {"path":"/Users/maximilianoguzman/Desktop/Antigravity/App Decretos/decretos-cft/components/AdvancedFilters.tsx","statementMap":{"0":{"start":{"line":2,"column":0},"end":{"line":2,"column":40}},"1":{"start":{"line":3,"column":0},"end":{"line":3,"column":62}},"2":{"start":{"line":19,"column":56},"end":{"line":152,"column":1}},"3":{"start":{"line":20,"column":40},"end":{"line":20,"column":55}},"4":{"start":{"line":22,"column":29},"end":{"line":22,"column":71}},"5":{"start":{"line":22,"column":62},"end":{"line":22,"column":70}},"6":{"start":{"line":24,"column":25},"end":{"line":26,"column":5}},"7":{"start":{"line":25,"column":8},"end":{"line":25,"column":54}},"8":{"start":{"line":28,"column":4},"end":{"line":151,"column":6}},"9":{"start":{"line":32,"column":31},"end":{"line":32,"column":57}},"10":{"start":{"line":69,"column":53},"end":{"line":69,"column":93}},"11":{"start":{"line":83,"column":53},"end":{"line":83,"column":91}},"12":{"start":{"line":101,"column":49},"end":{"line":101,"column":88}},"13":{"start":{"line":115,"column":49},"end":{"line":115,"column":88}},"14":{"start":{"line":126,"column":49},"end":{"line":126,"column":88}},"15":{"start":{"line":154,"column":0},"end":{"line":154,"column":31}}},"fnMap":{"0":{"name":"(anonymous_9)","decl":{"start":{"line":19,"column":56},"end":{"line":19,"column":57}},"loc":{"start":{"line":19,"column":98},"end":{"line":152,"column":1}}},"1":{"name":"(anonymous_10)","decl":{"start":{"line":22,"column":57},"end":{"line":22,"column":58}},"loc":{"start":{"line":22,"column":62},"end":{"line":22,"column":70}}},"2":{"name":"(anonymous_11)","decl":{"start":{"line":24,"column":25},"end":{"line":24,"column":26}},"loc":{"start":{"line":24,"column":67},"end":{"line":26,"column":5}}},"3":{"name":"(anonymous_12)","decl":{"start":{"line":32,"column":25},"end":{"line":32,"column":28}},"loc":{"start":{"line":32,"column":31},"end":{"line":32,"column":57}}},"4":{"name":"(anonymous_13)","decl":{"start":{"line":69,"column":46},"end":{"line":69,"column":47}},"loc":{"start":{"line":69,"column":53},"end":{"line":69,"column":93}}},"5":{"name":"(anonymous_14)","decl":{"start":{"line":83,"column":46},"end":{"line":83,"column":47}},"loc":{"start":{"line":83,"column":53},"end":{"line":83,"column":91}}},"6":{"name":"(anonymous_15)","decl":{"start":{"line":101,"column":42},"end":{"line":101,"column":43}},"loc":{"start":{"line":101,"column":49},"end":{"line":101,"column":88}}},"7":{"name":"(anonymous_16)","decl":{"start":{"line":115,"column":42},"end":{"line":115,"column":43}},"loc":{"start":{"line":115,"column":49},"end":{"line":115,"column":88}}},"8":{"name":"(anonymous_17)","decl":{"start":{"line":126,"column":42},"end":{"line":126,"column":43}},"loc":{"start":{"line":126,"column":49},"end":{"line":126,"column":88}}}},"branchMap":{"0":{"loc":{"start":{"line":36,"column":54},"end":{"line":36,"column":197}},"type":"cond-expr","locations":[{"start":{"line":36,"column":73},"end":{"line":36,"column":147}},{"start":{"line":36,"column":150},"end":{"line":36,"column":197}}]},"1":{"loc":{"start":{"line":42,"column":21},"end":{"line":45,"column":null}},"type":"binary-expr","locations":[{"start":{"line":42,"column":21},"end":{"line":42,"column":37}},{"start":{"line":43,"column":24},"end":{"line":43,"column":null}}]},"2":{"loc":{"start":{"line":48,"column":66},"end":{"line":48,"column":96}},"type":"cond-expr","locations":[{"start":{"line":48,"column":79},"end":{"line":48,"column":91}},{"start":{"line":48,"column":94},"end":{"line":48,"column":96}}]},"3":{"loc":{"start":{"line":56,"column":13},"end":{"line":148,"column":null}},"type":"binary-expr","locations":[{"start":{"line":56,"column":13},"end":{"line":56,"column":23}},{"start":{"line":57,"column":16},"end":{"line":147,"column":null}}]},"4":{"loc":{"start":{"line":139,"column":21},"end":{"line":146,"column":null}},"type":"binary-expr","locations":[{"start":{"line":139,"column":21},"end":{"line":139,"column":37}},{"start":{"line":140,"column":24},"end":{"line":144,"column":null}}]}},"s":{"0":0,"1":0,"2":0,"3":0,"4":0,"5":0,"6":0,"7":0,"8":0,"9":0,"10":0,"11":0,"12":0,"13":0,"14":0,"15":0},"f":{"0":0,"1":0,"2":0,"3":0,"4":0,"5":0,"6":0,"7":0,"8":0},"b":{"0":[0,0],"1":[0,0],"2":[0,0],"3":[0,0],"4":[0,0]}}
,"/Users/maximilianoguzman/Desktop/Antigravity/App Decretos/decretos-cft/components/CalendarView.tsx": {"path":"/Users/maximilianoguzman/Desktop/Antigravity/App Decretos/decretos-cft/components/CalendarView.tsx","statementMap":{"0":{"start":{"line":1,"column":0},"end":{"line":1,"column":49}},"1":{"start":{"line":3,"column":0},"end":{"line":3,"column":80}},"2":{"start":{"line":11,"column":50},"end":{"line":234,"column":1}},"3":{"start":{"line":12,"column":42},"end":{"line":12,"column":62}},"4":{"start":{"line":13,"column":42},"end":{"line":13,"column":71}},"5":{"start":{"line":15,"column":17},"end":{"line":15,"column":42}},"6":{"start":{"line":16,"column":18},"end":{"line":16,"column":40}},"7":{"start":{"line":18,"column":23},"end":{"line":19,"column":77}},"8":{"start":{"line":20,"column":21},"end":{"line":20,"column":70}},"9":{"start":{"line":22,"column":24},"end":{"line":22,"column":62}},"10":{"start":{"line":23,"column":28},"end":{"line":23,"column":61}},"11":{"start":{"line":26,"column":25},"end":{"line":56,"column":30}},"12":{"start":{"line":27,"column":121},"end":{"line":27,"column":123}},"13":{"start":{"line":29,"column":8},"end":{"line":53,"column":11}},"14":{"start":{"line":30,"column":12},"end":{"line":30,"column":39}},"15":{"start":{"line":30,"column":32},"end":{"line":30,"column":39}},"16":{"start":{"line":32,"column":30},"end":{"line":32,"column":67}},"17":{"start":{"line":34,"column":33},"end":{"line":34,"column":63}},"18":{"start":{"line":37,"column":12},"end":{"line":52,"column":13}},"19":{"start":{"line":37,"column":25},"end":{"line":37,"column":26}},"20":{"start":{"line":38,"column":36},"end":{"line":38,"column":55}},"21":{"start":{"line":39,"column":16},"end":{"line":39,"column":61}},"22":{"start":{"line":42,"column":16},"end":{"line":51,"column":17}},"23":{"start":{"line":43,"column":32},"end":{"line":43,"column":53}},"24":{"start":{"line":44,"column":20},"end":{"line":44,"column":57}},"25":{"start":{"line":44,"column":39},"end":{"line":44,"column":57}},"26":{"start":{"line":45,"column":20},"end":{"line":50,"column":23}},"27":{"start":{"line":55,"column":8},"end":{"line":55,"column":23}},"28":{"start":{"line":58,"column":22},"end":{"line":61,"column":5}},"29":{"start":{"line":59,"column":8},"end":{"line":59,"column":53}},"30":{"start":{"line":60,"column":8},"end":{"line":60,"column":29}},"31":{"start":{"line":63,"column":22},"end":{"line":66,"column":5}},"32":{"start":{"line":64,"column":8},"end":{"line":64,"column":53}},"33":{"start":{"line":65,"column":8},"end":{"line":65,"column":29}},"34":{"start":{"line":68,"column":22},"end":{"line":71,"column":5}},"35":{"start":{"line":69,"column":21},"end":{"line":69,"column":47}},"36":{"start":{"line":70,"column":8},"end":{"line":70,"column":58}},"37":{"start":{"line":73,"column":18},"end":{"line":73,"column":28}},"38":{"start":{"line":74,"column":20},"end":{"line":75,"column":93}},"39":{"start":{"line":75,"column":8},"end":{"line":75,"column":93}},"40":{"start":{"line":77,"column":4},"end":{"line":77,"column":29}},"41":{"start":{"line":77,"column":17},"end":{"line":77,"column":29}},"42":{"start":{"line":79,"column":4},"end":{"line":233,"column":6}},"43":{"start":{"line":82,"column":162},"end":{"line":82,"column":181}},"44":{"start":{"line":116,"column":28},"end":{"line":116,"column":44}},"45":{"start":{"line":127,"column":28},"end":{"line":127,"column":52}},"46":{"start":{"line":132,"column":40},"end":{"line":132,"column":45}},"47":{"start":{"line":133,"column":47},"end":{"line":133,"column":70}},"48":{"start":{"line":134,"column":47},"end":{"line":134,"column":68}},"49":{"start":{"line":135,"column":44},"end":{"line":135,"column":58}},"50":{"start":{"line":137,"column":28},"end":{"line":178,"column":30}},"51":{"start":{"line":140,"column":51},"end":{"line":140,"column":113}},"52":{"start":{"line":157,"column":48},"end":{"line":157,"column":63}},"53":{"start":{"line":192,"column":32},"end":{"line":192,"column":47}},"54":{"start":{"line":236,"column":0},"end":{"line":236,"column":28}}},"fnMap":{"0":{"name":"(anonymous_9)","decl":{"start":{"line":11,"column":50},"end":{"line":11,"column":51}},"loc":{"start":{"line":11,"column":83},"end":{"line":234,"column":1}}},"1":{"name":"(anonymous_10)","decl":{"start":{"line":26,"column":33},"end":{"line":26,"column":36}},"loc":{"start":{"line":26,"column":38},"end":{"line":56,"column":5}}},"2":{"name":"(anonymous_11)","decl":{"start":{"line":29,"column":24},"end":{"line":29,"column":25}},"loc":{"start":{"line":29,"column":28},"end":{"line":53,"column":9}}},"3":{"name":"(anonymous_12)","decl":{"start":{"line":58,"column":22},"end":{"line":58,"column":25}},"loc":{"start":{"line":58,"column":27},"end":{"line":61,"column":5}}},"4":{"name":"(anonymous_13)","decl":{"start":{"line":63,"column":22},"end":{"line":63,"column":25}},"loc":{"start":{"line":63,"column":27},"end":{"line":66,"column":5}}},"5":{"name":"(anonymous_14)","decl":{"start":{"line":68,"column":22},"end":{"line":68,"column":23}},"loc":{"start":{"line":68,"column":38},"end":{"line":71,"column":5}}},"6":{"name":"(anonymous_15)","decl":{"start":{"line":74,"column":20},"end":{"line":74,"column":21}},"loc":{"start":{"line":75,"column":8},"end":{"line":75,"column":93}}},"7":{"name":"(anonymous_16)","decl":{"start":{"line":82,"column":157},"end":{"line":82,"column":158}},"loc":{"start":{"line":82,"column":162},"end":{"line":82,"column":181}}},"8":{"name":"(anonymous_17)","decl":{"start":{"line":115,"column":38},"end":{"line":115,"column":39}},"loc":{"start":{"line":116,"column":28},"end":{"line":116,"column":44}}},"9":{"name":"(anonymous_18)","decl":{"start":{"line":126,"column":69},"end":{"line":126,"column":70}},"loc":{"start":{"line":127,"column":28},"end":{"line":127,"column":52}}},"10":{"name":"(anonymous_19)","decl":{"start":{"line":131,"column":65},"end":{"line":131,"column":66}},"loc":{"start":{"line":131,"column":74},"end":{"line":179,"column":25}}},"11":{"name":"(anonymous_20)","decl":{"start":{"line":140,"column":45},"end":{"line":140,"column":48}},"loc":{"start":{"line":140,"column":51},"end":{"line":140,"column":113}}},"12":{"name":"(anonymous_21)","decl":{"start":{"line":156,"column":72},"end":{"line":156,"column":73}},"loc":{"start":{"line":157,"column":48},"end":{"line":157,"column":63}}},"13":{"name":"(anonymous_22)","decl":{"start":{"line":191,"column":59},"end":{"line":191,"column":60}},"loc":{"start":{"line":192,"column":32},"end":{"line":192,"column":47}}}},"branchMap":{"0":{"loc":{"start":{"line":30,"column":12},"end":{"line":30,"column":39}},"type":"if","locations":[{"start":{"line":30,"column":12},"end":{"line":30,"column":39}}]},"1":{"loc":{"start":{"line":34,"column":43},"end":{"line":34,"column":62}},"type":"binary-expr","locations":[{"start":{"line":34,"column":43},"end":{"line":34,"column":57}},{"start":{"line":34,"column":61},"end":{"line":34,"column":62}}]},"2":{"loc":{"start":{"line":42,"column":16},"end":{"line":51,"column":17}},"type":"if","locations":[{"start":{"line":42,"column":16},"end":{"line":51,"column":17}}]},"3":{"loc":{"start":{"line":42,"column":20},"end":{"line":42,"column":90}},"type":"binary-expr","locations":[{"start":{"line":42,"column":20},"end":{"line":42,"column":54}},{"start":{"line":42,"column":58},"end":{"line":42,"column":90}}]},"4":{"loc":{"start":{"line":44,"column":20},"end":{"line":44,"column":57}},"type":"if","locations":[{"start":{"line":44,"column":20},"end":{"line":44,"column":57}}]},"5":{"loc":{"start":{"line":70,"column":15},"end":{"line":70,"column":57}},"type":"binary-expr","locations":[{"start":{"line":70,"column":15},"end":{"line":70,"column":34}},{"start":{"line":70,"column":38},"end":{"line":70,"column":57}}]},"6":{"loc":{"start":{"line":75,"column":8},"end":{"line":75,"column":93}},"type":"binary-expr","locations":[{"start":{"line":75,"column":8},"end":{"line":75,"column":31}},{"start":{"line":75,"column":35},"end":{"line":75,"column":61}},{"start":{"line":75,"column":65},"end":{"line":75,"column":93}}]},"7":{"loc":{"start":{"line":77,"column":4},"end":{"line":77,"column":29}},"type":"if","locations":[{"start":{"line":77,"column":4},"end":{"line":77,"column":29}}]},"8":{"loc":{"start":{"line":116,"column":118},"end":{"line":116,"column":null}},"type":"cond-expr","locations":[{"start":{"line":116,"column":139},"end":{"line":116,"column":153}},{"start":{"line":116,"column":156},"end":{"line":116,"column":null}}]},"9":{"loc":{"start":{"line":116,"column":118},"end":{"line":116,"column":136}},"type":"binary-expr","locations":[{"start":{"line":116,"column":118},"end":{"line":116,"column":125}},{"start":{"line":116,"column":129},"end":{"line":116,"column":136}}]},"10":{"loc":{"start":{"line":133,"column":47},"end":{"line":133,"column":70}},"type":"binary-expr","locations":[{"start":{"line":133,"column":47},"end":{"line":133,"column":64}},{"start":{"line":133,"column":68},"end":{"line":133,"column":70}}]},"11":{"loc":{"start":{"line":140,"column":51},"end":{"line":140,"column":113}},"type":"binary-expr","locations":[{"start":{"line":140,"column":51},"end":{"line":140,"column":61}},{"start":{"line":140,"column":65},"end":{"line":140,"column":113}}]},"12":{"loc":{"start":{"line":140,"column":80},"end":{"line":140,"column":112}},"type":"cond-expr","locations":[{"start":{"line":140,"column":102},"end":{"line":140,"column":106}},{"start":{"line":140,"column":109},"end":{"line":140,"column":112}}]},"13":{"loc":{"start":{"line":141,"column":107},"end":{"line":145,"column":null}},"type":"cond-expr","locations":[{"start":{"line":142,"column":42},"end":{"line":142,"column":96}},{"start":{"line":143,"column":42},"end":{"line":145,"column":null}}]},"14":{"loc":{"start":{"line":143,"column":42},"end":{"line":145,"column":null}},"type":"cond-expr","locations":[{"start":{"line":144,"column":46},"end":{"line":144,"column":98}},{"start":{"line":145,"column":46},"end":{"line":145,"column":null}}]},"15":{"loc":{"start":{"line":146,"column":44},"end":{"line":146,"column":103}},"type":"cond-expr","locations":[{"start":{"line":146,"column":57},"end":{"line":146,"column":98}},{"start":{"line":146,"column":101},"end":{"line":146,"column":103}}]},"16":{"loc":{"start":{"line":146,"column":107},"end":{"line":146,"column":null}},"type":"cond-expr","locations":[{"start":{"line":146,"column":129},"end":{"line":146,"column":153}},{"start":{"line":146,"column":156},"end":{"line":146,"column":null}}]},"17":{"loc":{"start":{"line":149,"column":73},"end":{"line":150,"column":null}},"type":"cond-expr","locations":[{"start":{"line":149,"column":88},"end":{"line":149,"column":126}},{"start":{"line":150,"column":40},"end":{"line":150,"column":null}}]},"18":{"loc":{"start":{"line":150,"column":40},"end":{"line":150,"column":null}},"type":"cond-expr","locations":[{"start":{"line":150,"column":50},"end":{"line":150,"column":64}},{"start":{"line":150,"column":67},"end":{"line":150,"column":null}}]},"19":{"loc":{"start":{"line":154,"column":37},"end":{"line":175,"column":null}},"type":"binary-expr","locations":[{"start":{"line":154,"column":37},"end":{"line":154,"column":47}},{"start":{"line":155,"column":40},"end":{"line":174,"column":null}}]},"20":{"loc":{"start":{"line":157,"column":155},"end":{"line":159,"column":null}},"type":"cond-expr","locations":[{"start":{"line":158,"column":54},"end":{"line":158,"column":128}},{"start":{"line":159,"column":54},"end":{"line":159,"column":null}}]},"21":{"loc":{"start":{"line":161,"column":53},"end":{"line":161,"column":108}},"type":"binary-expr","locations":[{"start":{"line":161,"column":53},"end":{"line":161,"column":67}},{"start":{"line":161,"column":71},"end":{"line":161,"column":108}}]},"22":{"loc":{"start":{"line":163,"column":53},"end":{"line":166,"column":null}},"type":"binary-expr","locations":[{"start":{"line":163,"column":53},"end":{"line":163,"column":82}},{"start":{"line":164,"column":56},"end":{"line":165,"column":null}}]},"23":{"loc":{"start":{"line":170,"column":45},"end":{"line":173,"column":null}},"type":"binary-expr","locations":[{"start":{"line":170,"column":45},"end":{"line":170,"column":66}},{"start":{"line":171,"column":48},"end":{"line":172,"column":null}}]},"24":{"loc":{"start":{"line":184,"column":17},"end":{"line":213,"column":null}},"type":"binary-expr","locations":[{"start":{"line":184,"column":17},"end":{"line":184,"column":28}},{"start":{"line":184,"column":32},"end":{"line":184,"column":57}},{"start":{"line":185,"column":20},"end":{"line":212,"column":null}}]},"25":{"loc":{"start":{"line":196,"column":45},"end":{"line":199,"column":null}},"type":"binary-expr","locations":[{"start":{"line":196,"column":45},"end":{"line":196,"column":59}},{"start":{"line":197,"column":48},"end":{"line":198,"column":null}}]},"26":{"loc":{"start":{"line":204,"column":99},"end":{"line":206,"column":null}},"type":"cond-expr","locations":[{"start":{"line":205,"column":42},"end":{"line":205,"column":116}},{"start":{"line":206,"column":42},"end":{"line":206,"column":null}}]}},"s":{"0":0,"1":0,"2":0,"3":0,"4":0,"5":0,"6":0,"7":0,"8":0,"9":0,"10":0,"11":0,"12":0,"13":0,"14":0,"15":0,"16":0,"17":0,"18":0,"19":0,"20":0,"21":0,"22":0,"23":0,"24":0,"25":0,"26":0,"27":0,"28":0,"29":0,"30":0,"31":0,"32":0,"33":0,"34":0,"35":0,"36":0,"37":0,"38":0,"39":0,"40":0,"41":0,"42":0,"43":0,"44":0,"45":0,"46":0,"47":0,"48":0,"49":0,"50":0,"51":0,"52":0,"53":0,"54":0},"f":{"0":0,"1":0,"2":0,"3":0,"4":0,"5":0,"6":0,"7":0,"8":0,"9":0,"10":0,"11":0,"12":0,"13":0},"b":{"0":[0],"1":[0,0],"2":[0],"3":[0,0],"4":[0],"5":[0,0],"6":[0,0,0],"7":[0],"8":[0,0],"9":[0,0],"10":[0,0],"11":[0,0],"12":[0,0],"13":[0,0],"14":[0,0],"15":[0,0],"16":[0,0],"17":[0,0],"18":[0,0],"19":[0,0],"20":[0,0],"21":[0,0],"22":[0,0],"23":[0,0],"24":[0,0,0],"25":[0,0],"26":[0,0]}}
,"/Users/maximilianoguzman/Desktop/Antigravity/App Decretos/decretos-cft/components/CommandPalette.tsx": {"path":"/Users/maximilianoguzman/Desktop/Antigravity/App Decretos/decretos-cft/components/CommandPalette.tsx","statementMap":{"0":{"start":{"line":6,"column":0},"end":{"line":6,"column":81}},"1":{"start":{"line":7,"column":0},"end":{"line":7,"column":null}},"2":{"start":{"line":37,"column":54},"end":{"line":382,"column":1}},"3":{"start":{"line":48,"column":30},"end":{"line":48,"column":42}},"4":{"start":{"line":49,"column":46},"end":{"line":49,"column":57}},"5":{"start":{"line":50,"column":21},"end":{"line":50,"column":51}},"6":{"start":{"line":51,"column":20},"end":{"line":51,"column":48}},"7":{"start":{"line":54,"column":4},"end":{"line":60,"column":17}},"8":{"start":{"line":55,"column":8},"end":{"line":59,"column":9}},"9":{"start":{"line":56,"column":12},"end":{"line":56,"column":25}},"10":{"start":{"line":57,"column":12},"end":{"line":57,"column":32}},"11":{"start":{"line":58,"column":12},"end":{"line":58,"column":60}},"12":{"start":{"line":58,"column":29},"end":{"line":58,"column":54}},"13":{"start":{"line":63,"column":42},"end":{"line":124,"column":56}},"14":{"start":{"line":63,"column":56},"end":{"line":124,"column":7}},"15":{"start":{"line":71,"column":28},"end":{"line":71,"column":46}},"16":{"start":{"line":71,"column":47},"end":{"line":71,"column":57}},"17":{"start":{"line":81,"column":28},"end":{"line":81,"column":46}},"18":{"start":{"line":81,"column":47},"end":{"line":81,"column":57}},"19":{"start":{"line":91,"column":28},"end":{"line":91,"column":52}},"20":{"start":{"line":91,"column":53},"end":{"line":91,"column":63}},"21":{"start":{"line":101,"column":28},"end":{"line":101,"column":51}},"22":{"start":{"line":101,"column":52},"end":{"line":101,"column":62}},"23":{"start":{"line":111,"column":28},"end":{"line":111,"column":52}},"24":{"start":{"line":111,"column":53},"end":{"line":111,"column":63}},"25":{"start":{"line":121,"column":28},"end":{"line":121,"column":43}},"26":{"start":{"line":121,"column":44},"end":{"line":121,"column":54}},"27":{"start":{"line":127,"column":44},"end":{"line":137,"column":null}},"28":{"start":{"line":128,"column":8},"end":{"line":136,"column":11}},"29":{"start":{"line":128,"column":43},"end":{"line":136,"column":10}},"30":{"start":{"line":135,"column":28},"end":{"line":135,"column":50}},"31":{"start":{"line":135,"column":51},"end":{"line":135,"column":61}},"32":{"start":{"line":141,"column":48},"end":{"line":160,"column":null}},"33":{"start":{"line":142,"column":8},"end":{"line":159,"column":15}},"34":{"start":{"line":144,"column":28},"end":{"line":144,"column":53}},"35":{"start":{"line":146,"column":23},"end":{"line":159,"column":14}},"36":{"start":{"line":158,"column":32},"end":{"line":158,"column":50}},"37":{"start":{"line":158,"column":51},"end":{"line":158,"column":61}},"38":{"start":{"line":164,"column":28},"end":{"line":185,"column":71}},"39":{"start":{"line":165,"column":28},"end":{"line":165,"column":67}},"40":{"start":{"line":167,"column":8},"end":{"line":170,"column":9}},"41":{"start":{"line":169,"column":12},"end":{"line":169,"column":34}},"42":{"start":{"line":172,"column":25},"end":{"line":172,"column":90}},"43":{"start":{"line":174,"column":8},"end":{"line":184,"column":26}},"44":{"start":{"line":176,"column":39},"end":{"line":180,"column":27}},"45":{"start":{"line":182,"column":16},"end":{"line":182,"column":80}},"46":{"start":{"line":182,"column":49},"end":{"line":182,"column":78}},"47":{"start":{"line":188,"column":26},"end":{"line":213,"column":49}},"48":{"start":{"line":189,"column":8},"end":{"line":212,"column":9}},"49":{"start":{"line":191,"column":16},"end":{"line":191,"column":35}},"50":{"start":{"line":192,"column":16},"end":{"line":194,"column":18}},"51":{"start":{"line":193,"column":20},"end":{"line":193,"column":68}},"52":{"start":{"line":195,"column":16},"end":{"line":195,"column":22}},"53":{"start":{"line":197,"column":16},"end":{"line":197,"column":35}},"54":{"start":{"line":198,"column":16},"end":{"line":200,"column":18}},"55":{"start":{"line":199,"column":20},"end":{"line":199,"column":68}},"56":{"start":{"line":201,"column":16},"end":{"line":201,"column":22}},"57":{"start":{"line":203,"column":16},"end":{"line":203,"column":35}},"58":{"start":{"line":204,"column":16},"end":{"line":206,"column":17}},"59":{"start":{"line":205,"column":20},"end":{"line":205,"column":60}},"60":{"start":{"line":207,"column":16},"end":{"line":207,"column":22}},"61":{"start":{"line":209,"column":16},"end":{"line":209,"column":35}},"62":{"start":{"line":210,"column":16},"end":{"line":210,"column":26}},"63":{"start":{"line":211,"column":16},"end":{"line":211,"column":22}},"64":{"start":{"line":216,"column":4},"end":{"line":221,"column":24}},"65":{"start":{"line":217,"column":32},"end":{"line":217,"column":87}},"66":{"start":{"line":218,"column":8},"end":{"line":220,"column":9}},"67":{"start":{"line":219,"column":12},"end":{"line":219,"column":85}},"68":{"start":{"line":224,"column":4},"end":{"line":226,"column":16}},"69":{"start":{"line":225,"column":8},"end":{"line":225,"column":28}},"70":{"start":{"line":228,"column":4},"end":{"line":228,"column":29}},"71":{"start":{"line":228,"column":17},"end":{"line":228,"column":29}},"72":{"start":{"line":230,"column":25},"end":{"line":237,"column":5}},"73":{"start":{"line":231,"column":8},"end":{"line":236,"column":9}},"74":{"start":{"line":232,"column":27},"end":{"line":232,"column":43}},"75":{"start":{"line":233,"column":29},"end":{"line":233,"column":50}},"76":{"start":{"line":234,"column":27},"end":{"line":234,"column":44}},"77":{"start":{"line":235,"column":31},"end":{"line":235,"column":51}},"78":{"start":{"line":239,"column":25},"end":{"line":246,"column":5}},"79":{"start":{"line":240,"column":8},"end":{"line":245,"column":9}},"80":{"start":{"line":241,"column":27},"end":{"line":241,"column":113}},"81":{"start":{"line":242,"column":29},"end":{"line":242,"column":103}},"82":{"start":{"line":243,"column":27},"end":{"line":243,"column":109}},"83":{"start":{"line":244,"column":31},"end":{"line":244,"column":109}},"84":{"start":{"line":248,"column":4},"end":{"line":381,"column":6}},"85":{"start":{"line":259,"column":30},"end":{"line":259,"column":49}},"86":{"start":{"line":268,"column":39},"end":{"line":268,"column":63}},"87":{"start":{"line":294,"column":32},"end":{"line":295,"column":null}},"88":{"start":{"line":297,"column":56},"end":{"line":297,"column":79}},"89":{"start":{"line":384,"column":0},"end":{"line":384,"column":30}}},"fnMap":{"0":{"name":"(anonymous_9)","decl":{"start":{"line":37,"column":54},"end":{"line":37,"column":55}},"loc":{"start":{"line":47,"column":5},"end":{"line":382,"column":1}}},"1":{"name":"(anonymous_10)","decl":{"start":{"line":54,"column":14},"end":{"line":54,"column":17}},"loc":{"start":{"line":54,"column":19},"end":{"line":60,"column":5}}},"2":{"name":"(anonymous_11)","decl":{"start":{"line":58,"column":23},"end":{"line":58,"column":26}},"loc":{"start":{"line":58,"column":29},"end":{"line":58,"column":54}}},"3":{"name":"(anonymous_12)","decl":{"start":{"line":63,"column":50},"end":{"line":63,"column":53}},"loc":{"start":{"line":63,"column":56},"end":{"line":124,"column":7}}},"4":{"name":"(anonymous_13)","decl":{"start":{"line":71,"column":20},"end":{"line":71,"column":23}},"loc":{"start":{"line":71,"column":25},"end":{"line":71,"column":59}}},"5":{"name":"(anonymous_14)","decl":{"start":{"line":81,"column":20},"end":{"line":81,"column":23}},"loc":{"start":{"line":81,"column":25},"end":{"line":81,"column":59}}},"6":{"name":"(anonymous_15)","decl":{"start":{"line":91,"column":20},"end":{"line":91,"column":23}},"loc":{"start":{"line":91,"column":25},"end":{"line":91,"column":65}}},"7":{"name":"(anonymous_16)","decl":{"start":{"line":101,"column":20},"end":{"line":101,"column":23}},"loc":{"start":{"line":101,"column":25},"end":{"line":101,"column":64}}},"8":{"name":"(anonymous_17)","decl":{"start":{"line":111,"column":20},"end":{"line":111,"column":23}},"loc":{"start":{"line":111,"column":25},"end":{"line":111,"column":65}}},"9":{"name":"(anonymous_18)","decl":{"start":{"line":121,"column":20},"end":{"line":121,"column":23}},"loc":{"start":{"line":121,"column":25},"end":{"line":121,"column":56}}},"10":{"name":"(anonymous_19)","decl":{"start":{"line":127,"column":52},"end":{"line":127,"column":55}},"loc":{"start":{"line":128,"column":8},"end":{"line":136,"column":11}}},"11":{"name":"(anonymous_20)","decl":{"start":{"line":128,"column":35},"end":{"line":128,"column":38}},"loc":{"start":{"line":128,"column":43},"end":{"line":136,"column":10}}},"12":{"name":"(anonymous_21)","decl":{"start":{"line":135,"column":20},"end":{"line":135,"column":23}},"loc":{"start":{"line":135,"column":25},"end":{"line":135,"column":63}}},"13":{"name":"(anonymous_22)","decl":{"start":{"line":141,"column":56},"end":{"line":141,"column":59}},"loc":{"start":{"line":142,"column":8},"end":{"line":159,"column":15}}},"14":{"name":"(anonymous_23)","decl":{"start":{"line":144,"column":18},"end":{"line":144,"column":19}},"loc":{"start":{"line":144,"column":28},"end":{"line":144,"column":53}}},"15":{"name":"(anonymous_24)","decl":{"start":{"line":146,"column":17},"end":{"line":146,"column":18}},"loc":{"start":{"line":146,"column":23},"end":{"line":159,"column":14}}},"16":{"name":"(anonymous_25)","decl":{"start":{"line":158,"column":24},"end":{"line":158,"column":27}},"loc":{"start":{"line":158,"column":29},"end":{"line":158,"column":63}}},"17":{"name":"(anonymous_26)","decl":{"start":{"line":164,"column":36},"end":{"line":164,"column":39}},"loc":{"start":{"line":164,"column":41},"end":{"line":185,"column":5}}},"18":{"name":"(anonymous_27)","decl":{"start":{"line":175,"column":20},"end":{"line":175,"column":24}},"loc":{"start":{"line":175,"column":27},"end":{"line":183,"column":13}}},"19":{"name":"(anonymous_28)","decl":{"start":{"line":182,"column":41},"end":{"line":182,"column":45}},"loc":{"start":{"line":182,"column":49},"end":{"line":182,"column":78}}},"20":{"name":"(anonymous_29)","decl":{"start":{"line":188,"column":38},"end":{"line":188,"column":39}},"loc":{"start":{"line":188,"column":65},"end":{"line":213,"column":5}}},"21":{"name":"(anonymous_30)","decl":{"start":{"line":192,"column":33},"end":{"line":192,"column":37}},"loc":{"start":{"line":193,"column":20},"end":{"line":193,"column":68}}},"22":{"name":"(anonymous_31)","decl":{"start":{"line":198,"column":33},"end":{"line":198,"column":37}},"loc":{"start":{"line":199,"column":20},"end":{"line":199,"column":68}}},"23":{"name":"(anonymous_32)","decl":{"start":{"line":216,"column":14},"end":{"line":216,"column":17}},"loc":{"start":{"line":216,"column":19},"end":{"line":221,"column":5}}},"24":{"name":"(anonymous_33)","decl":{"start":{"line":224,"column":14},"end":{"line":224,"column":17}},"loc":{"start":{"line":224,"column":19},"end":{"line":226,"column":5}}},"25":{"name":"(anonymous_34)","decl":{"start":{"line":230,"column":25},"end":{"line":230,"column":26}},"loc":{"start":{"line":230,"column":55},"end":{"line":237,"column":5}}},"26":{"name":"(anonymous_35)","decl":{"start":{"line":239,"column":25},"end":{"line":239,"column":26}},"loc":{"start":{"line":239,"column":55},"end":{"line":246,"column":5}}},"27":{"name":"(anonymous_36)","decl":{"start":{"line":259,"column":25},"end":{"line":259,"column":26}},"loc":{"start":{"line":259,"column":30},"end":{"line":259,"column":49}}},"28":{"name":"(anonymous_37)","decl":{"start":{"line":268,"column":34},"end":{"line":268,"column":35}},"loc":{"start":{"line":268,"column":39},"end":{"line":268,"column":63}}},"29":{"name":"(anonymous_38)","decl":{"start":{"line":293,"column":49},"end":{"line":293,"column":50}},"loc":{"start":{"line":294,"column":32},"end":{"line":295,"column":null}}},"30":{"name":"(anonymous_39)","decl":{"start":{"line":297,"column":50},"end":{"line":297,"column":53}},"loc":{"start":{"line":297,"column":56},"end":{"line":297,"column":79}}}},"branchMap":{"0":{"loc":{"start":{"line":55,"column":8},"end":{"line":59,"column":9}},"type":"if","locations":[{"start":{"line":55,"column":8},"end":{"line":59,"column":9}}]},"1":{"loc":{"start":{"line":167,"column":8},"end":{"line":170,"column":9}},"type":"if","locations":[{"start":{"line":167,"column":8},"end":{"line":170,"column":9}}]},"2":{"loc":{"start":{"line":178,"column":20},"end":{"line":178,"column":54}},"type":"binary-expr","locations":[{"start":{"line":178,"column":20},"end":{"line":178,"column":48}},{"start":{"line":178,"column":52},"end":{"line":178,"column":54}}]},"3":{"loc":{"start":{"line":179,"column":24},"end":{"line":179,"column":43}},"type":"binary-expr","locations":[{"start":{"line":179,"column":24},"end":{"line":179,"column":37}},{"start":{"line":179,"column":41},"end":{"line":179,"column":43}}]},"4":{"loc":{"start":{"line":189,"column":8},"end":{"line":212,"column":9}},"type":"switch","locations":[{"start":{"line":190,"column":12},"end":{"line":195,"column":22}},{"start":{"line":196,"column":12},"end":{"line":201,"column":22}},{"start":{"line":202,"column":12},"end":{"line":207,"column":22}},{"start":{"line":208,"column":12},"end":{"line":211,"column":22}}]},"5":{"loc":{"start":{"line":193,"column":20},"end":{"line":193,"column":68}},"type":"cond-expr","locations":[{"start":{"line":193,"column":56},"end":{"line":193,"column":64}},{"start":{"line":193,"column":67},"end":{"line":193,"column":68}}]},"6":{"loc":{"start":{"line":199,"column":20},"end":{"line":199,"column":68}},"type":"cond-expr","locations":[{"start":{"line":199,"column":31},"end":{"line":199,"column":39}},{"start":{"line":199,"column":42},"end":{"line":199,"column":68}}]},"7":{"loc":{"start":{"line":204,"column":16},"end":{"line":206,"column":17}},"type":"if","locations":[{"start":{"line":204,"column":16},"end":{"line":206,"column":17}}]},"8":{"loc":{"start":{"line":218,"column":8},"end":{"line":220,"column":9}},"type":"if","locations":[{"start":{"line":218,"column":8},"end":{"line":220,"column":9}}]},"9":{"loc":{"start":{"line":228,"column":4},"end":{"line":228,"column":29}},"type":"if","locations":[{"start":{"line":228,"column":4},"end":{"line":228,"column":29}}]},"10":{"loc":{"start":{"line":231,"column":8},"end":{"line":236,"column":9}},"type":"switch","locations":[{"start":{"line":232,"column":12},"end":{"line":232,"column":43}},{"start":{"line":233,"column":12},"end":{"line":233,"column":50}},{"start":{"line":234,"column":12},"end":{"line":234,"column":44}},{"start":{"line":235,"column":12},"end":{"line":235,"column":51}}]},"11":{"loc":{"start":{"line":240,"column":8},"end":{"line":245,"column":9}},"type":"switch","locations":[{"start":{"line":241,"column":12},"end":{"line":241,"column":113}},{"start":{"line":242,"column":12},"end":{"line":242,"column":103}},{"start":{"line":243,"column":12},"end":{"line":243,"column":109}},{"start":{"line":244,"column":12},"end":{"line":244,"column":109}}]},"12":{"loc":{"start":{"line":291,"column":21},"end":{"line":355,"column":null}},"type":"cond-expr","locations":[{"start":{"line":292,"column":24},"end":{"line":344,"column":null}},{"start":{"line":347,"column":24},"end":{"line":354,"column":null}}]},"13":{"loc":{"start":{"line":298,"column":119},"end":{"line":300,"column":null}},"type":"cond-expr","locations":[{"start":{"line":299,"column":46},"end":{"line":299,"column":82}},{"start":{"line":300,"column":46},"end":{"line":300,"column":null}}]},"14":{"loc":{"start":{"line":304,"column":70},"end":{"line":306,"column":null}},"type":"cond-expr","locations":[{"start":{"line":305,"column":46},"end":{"line":305,"column":120}},{"start":{"line":306,"column":46},"end":{"line":306,"column":null}}]},"15":{"loc":{"start":{"line":313,"column":88},"end":{"line":315,"column":null}},"type":"cond-expr","locations":[{"start":{"line":314,"column":50},"end":{"line":314,"column":88}},{"start":{"line":315,"column":50},"end":{"line":315,"column":null}}]},"16":{"loc":{"start":{"line":319,"column":41},"end":{"line":322,"column":null}},"type":"binary-expr","locations":[{"start":{"line":319,"column":41},"end":{"line":319,"column":54}},{"start":{"line":320,"column":44},"end":{"line":321,"column":null}}]},"17":{"loc":{"start":{"line":332,"column":37},"end":{"line":335,"column":null}},"type":"binary-expr","locations":[{"start":{"line":332,"column":37},"end":{"line":332,"column":50}},{"start":{"line":333,"column":40},"end":{"line":334,"column":null}}]},"18":{"loc":{"start":{"line":339,"column":105},"end":{"line":341,"column":null}},"type":"cond-expr","locations":[{"start":{"line":340,"column":46},"end":{"line":340,"column":79}},{"start":{"line":341,"column":46},"end":{"line":341,"column":null}}]}},"s":{"0":0,"1":0,"2":0,"3":0,"4":0,"5":0,"6":0,"7":0,"8":0,"9":0,"10":0,"11":0,"12":0,"13":0,"14":0,"15":0,"16":0,"17":0,"18":0,"19":0,"20":0,"21":0,"22":0,"23":0,"24":0,"25":0,"26":0,"27":0,"28":0,"29":0,"30":0,"31":0,"32":0,"33":0,"34":0,"35":0,"36":0,"37":0,"38":0,"39":0,"40":0,"41":0,"42":0,"43":0,"44":0,"45":0,"46":0,"47":0,"48":0,"49":0,"50":0,"51":0,"52":0,"53":0,"54":0,"55":0,"56":0,"57":0,"58":0,"59":0,"60":0,"61":0,"62":0,"63":0,"64":0,"65":0,"66":0,"67":0,"68":0,"69":0,"70":0,"71":0,"72":0,"73":0,"74":0,"75":0,"76":0,"77":0,"78":0,"79":0,"80":0,"81":0,"82":0,"83":0,"84":0,"85":0,"86":0,"87":0,"88":0,"89":0},"f":{"0":0,"1":0,"2":0,"3":0,"4":0,"5":0,"6":0,"7":0,"8":0,"9":0,"10":0,"11":0,"12":0,"13":0,"14":0,"15":0,"16":0,"17":0,"18":0,"19":0,"20":0,"21":0,"22":0,"23":0,"24":0,"25":0,"26":0,"27":0,"28":0,"29":0,"30":0},"b":{"0":[0],"1":[0],"2":[0,0],"3":[0,0],"4":[0,0,0,0],"5":[0,0],"6":[0,0],"7":[0],"8":[0],"9":[0],"10":[0,0,0,0],"11":[0,0,0,0],"12":[0,0],"13":[0,0],"14":[0,0],"15":[0,0],"16":[0,0],"17":[0,0],"18":[0,0]}}
,"/Users/maximilianoguzman/Desktop/Antigravity/App Decretos/decretos-cft/components/ConfirmModal.tsx": {"path":"/Users/maximilianoguzman/Desktop/Antigravity/App Decretos/decretos-cft/components/ConfirmModal.tsx","statementMap":{"0":{"start":{"line":1,"column":0},"end":{"line":1,"column":62}},"1":{"start":{"line":2,"column":0},"end":{"line":2,"column":56}},"2":{"start":{"line":15,"column":50},"end":{"line":187,"column":1}},"3":{"start":{"line":25,"column":19},"end":{"line":25,"column":47}},"4":{"start":{"line":26,"column":27},"end":{"line":26,"column":58}},"5":{"start":{"line":27,"column":27},"end":{"line":27,"column":59}},"6":{"start":{"line":30,"column":2},"end":{"line":51,"column":15}},"7":{"start":{"line":31,"column":4},"end":{"line":42,"column":5}},"8":{"start":{"line":33,"column":6},"end":{"line":33,"column":71}},"9":{"start":{"line":36,"column":6},"end":{"line":38,"column":13}},"10":{"start":{"line":37,"column":8},"end":{"line":37,"column":42}},"11":{"start":{"line":41,"column":6},"end":{"line":41,"column":46}},"12":{"start":{"line":44,"column":4},"end":{"line":50,"column":6}},"13":{"start":{"line":45,"column":6},"end":{"line":45,"column":40}},"14":{"start":{"line":47,"column":6},"end":{"line":49,"column":7}},"15":{"start":{"line":48,"column":8},"end":{"line":48,"column":41}},"16":{"start":{"line":54,"column":24},"end":{"line":76,"column":15}},"17":{"start":{"line":55,"column":4},"end":{"line":58,"column":5}},"18":{"start":{"line":56,"column":6},"end":{"line":56,"column":16}},"19":{"start":{"line":57,"column":6},"end":{"line":57,"column":13}},"20":{"start":{"line":61,"column":4},"end":{"line":75,"column":5}},"21":{"start":{"line":62,"column":32},"end":{"line":63,"column":null}},"22":{"start":{"line":65,"column":27},"end":{"line":65,"column":47}},"23":{"start":{"line":66,"column":26},"end":{"line":66,"column":73}},"24":{"start":{"line":68,"column":6},"end":{"line":74,"column":7}},"25":{"start":{"line":69,"column":8},"end":{"line":69,"column":27}},"26":{"start":{"line":70,"column":8},"end":{"line":70,"column":29}},"27":{"start":{"line":71,"column":13},"end":{"line":74,"column":7}},"28":{"start":{"line":72,"column":8},"end":{"line":72,"column":27}},"29":{"start":{"line":73,"column":8},"end":{"line":73,"column":30}},"30":{"start":{"line":78,"column":24},"end":{"line":81,"column":26}},"31":{"start":{"line":79,"column":4},"end":{"line":79,"column":16}},"32":{"start":{"line":80,"column":4},"end":{"line":80,"column":14}},"33":{"start":{"line":83,"column":30},"end":{"line":87,"column":15}},"34":{"start":{"line":84,"column":4},"end":{"line":86,"column":5}},"35":{"start":{"line":85,"column":6},"end":{"line":85,"column":16}},"36":{"start":{"line":89,"column":2},"end":{"line":89,"column":27}},"37":{"start":{"line":89,"column":15},"end":{"line":89,"column":27}},"38":{"start":{"line":91,"column":24},"end":{"line":110,"column":4}},"39":{"start":{"line":112,"column":17},"end":{"line":112,"column":39}},"40":{"start":{"line":113,"column":15},"end":{"line":113,"column":26}},"41":{"start":{"line":115,"column":2},"end":{"line":186,"column":4}},"42":{"start":{"line":189,"column":0},"end":{"line":189,"column":40}}},"fnMap":{"0":{"name":"(anonymous_9)","decl":{"start":{"line":15,"column":50},"end":{"line":15,"column":51}},"loc":{"start":{"line":24,"column":5},"end":{"line":187,"column":1}}},"1":{"name":"(anonymous_10)","decl":{"start":{"line":30,"column":12},"end":{"line":30,"column":15}},"loc":{"start":{"line":30,"column":17},"end":{"line":51,"column":3}}},"2":{"name":"(anonymous_11)","decl":{"start":{"line":36,"column":17},"end":{"line":36,"column":20}},"loc":{"start":{"line":36,"column":22},"end":{"line":38,"column":7}}},"3":{"name":"(anonymous_12)","decl":{"start":{"line":44,"column":11},"end":{"line":44,"column":14}},"loc":{"start":{"line":44,"column":16},"end":{"line":50,"column":5}}},"4":{"name":"(anonymous_13)","decl":{"start":{"line":54,"column":36},"end":{"line":54,"column":37}},"loc":{"start":{"line":54,"column":63},"end":{"line":76,"column":3}}},"5":{"name":"(anonymous_14)","decl":{"start":{"line":78,"column":36},"end":{"line":78,"column":39}},"loc":{"start":{"line":78,"column":41},"end":{"line":81,"column":3}}},"6":{"name":"(anonymous_15)","decl":{"start":{"line":83,"column":42},"end":{"line":83,"column":43}},"loc":{"start":{"line":83,"column":66},"end":{"line":87,"column":3}}}},"branchMap":{"0":{"loc":{"start":{"line":19,"column":2},"end":{"line":19,"column":28}},"type":"default-arg","locations":[{"start":{"line":19,"column":10},"end":{"line":19,"column":28}}]},"1":{"loc":{"start":{"line":20,"column":2},"end":{"line":20,"column":52}},"type":"default-arg","locations":[{"start":{"line":20,"column":12},"end":{"line":20,"column":52}}]},"2":{"loc":{"start":{"line":21,"column":2},"end":{"line":21,"column":27}},"type":"default-arg","locations":[{"start":{"line":21,"column":16},"end":{"line":21,"column":27}}]},"3":{"loc":{"start":{"line":22,"column":2},"end":{"line":22,"column":25}},"type":"default-arg","locations":[{"start":{"line":22,"column":15},"end":{"line":22,"column":25}}]},"4":{"loc":{"start":{"line":23,"column":2},"end":{"line":23,"column":20}},"type":"default-arg","locations":[{"start":{"line":23,"column":12},"end":{"line":23,"column":20}}]},"5":{"loc":{"start":{"line":31,"column":4},"end":{"line":42,"column":5}},"type":"if","locations":[{"start":{"line":31,"column":4},"end":{"line":42,"column":5}}]},"6":{"loc":{"start":{"line":47,"column":6},"end":{"line":49,"column":7}},"type":"if","locations":[{"start":{"line":47,"column":6},"end":{"line":49,"column":7}}]},"7":{"loc":{"start":{"line":47,"column":10},"end":{"line":47,"column":45}},"type":"binary-expr","locations":[{"start":{"line":47,"column":10},"end":{"line":47,"column":34}},{"start":{"line":47,"column":38},"end":{"line":47,"column":45}}]},"8":{"loc":{"start":{"line":55,"column":4},"end":{"line":58,"column":5}},"type":"if","locations":[{"start":{"line":55,"column":4},"end":{"line":58,"column":5}}]},"9":{"loc":{"start":{"line":61,"column":4},"end":{"line":75,"column":5}},"type":"if","locations":[{"start":{"line":61,"column":4},"end":{"line":75,"column":5}}]},"10":{"loc":{"start":{"line":61,"column":8},"end":{"line":61,"column":43}},"type":"binary-expr","locations":[{"start":{"line":61,"column":8},"end":{"line":61,"column":23}},{"start":{"line":61,"column":27},"end":{"line":61,"column":43}}]},"11":{"loc":{"start":{"line":68,"column":6},"end":{"line":74,"column":7}},"type":"if","locations":[{"start":{"line":68,"column":6},"end":{"line":74,"column":7}},{"start":{"line":71,"column":13},"end":{"line":74,"column":7}}]},"12":{"loc":{"start":{"line":68,"column":10},"end":{"line":68,"column":63}},"type":"binary-expr","locations":[{"start":{"line":68,"column":10},"end":{"line":68,"column":20}},{"start":{"line":68,"column":24},"end":{"line":68,"column":63}}]},"13":{"loc":{"start":{"line":71,"column":13},"end":{"line":74,"column":7}},"type":"if","locations":[{"start":{"line":71,"column":13},"end":{"line":74,"column":7}}]},"14":{"loc":{"start":{"line":71,"column":17},"end":{"line":71,"column":70}},"type":"binary-expr","locations":[{"start":{"line":71,"column":17},"end":{"line":71,"column":28}},{"start":{"line":71,"column":32},"end":{"line":71,"column":70}}]},"15":{"loc":{"start":{"line":84,"column":4},"end":{"line":86,"column":5}},"type":"if","locations":[{"start":{"line":84,"column":4},"end":{"line":86,"column":5}}]},"16":{"loc":{"start":{"line":89,"column":2},"end":{"line":89,"column":27}},"type":"if","locations":[{"start":{"line":89,"column":2},"end":{"line":89,"column":27}}]}},"s":{"0":0,"1":0,"2":0,"3":0,"4":0,"5":0,"6":0,"7":0,"8":0,"9":0,"10":0,"11":0,"12":0,"13":0,"14":0,"15":0,"16":0,"17":0,"18":0,"19":0,"20":0,"21":0,"22":0,"23":0,"24":0,"25":0,"26":0,"27":0,"28":0,"29":0,"30":0,"31":0,"32":0,"33":0,"34":0,"35":0,"36":0,"37":0,"38":0,"39":0,"40":0,"41":0,"42":0},"f":{"0":0,"1":0,"2":0,"3":0,"4":0,"5":0,"6":0},"b":{"0":[0],"1":[0],"2":[0],"3":[0],"4":[0],"5":[0],"6":[0],"7":[0,0],"8":[0],"9":[0],"10":[0,0],"11":[0,0],"12":[0,0],"13":[0],"14":[0,0],"15":[0],"16":[0]}}
,"/Users/maximilianoguzman/Desktop/Antigravity/App Decretos/decretos-cft/components/Dashboard.tsx": {"path":"/Users/maximilianoguzman/Desktop/Antigravity/App Decretos/decretos-cft/components/Dashboard.tsx","statementMap":{"0":{"start":{"line":2,"column":0},"end":{"line":2,"column":49}},"1":{"start":{"line":4,"column":0},"end":{"line":4,"column":null}},"2":{"start":{"line":8,"column":0},"end":{"line":8,"column":107}},"3":{"start":{"line":9,"column":0},"end":{"line":9,"column":69}},"4":{"start":{"line":17,"column":15},"end":{"line":23,"column":2}},"5":{"start":{"line":25,"column":44},"end":{"line":336,"column":1}},"6":{"start":{"line":26,"column":42},"end":{"line":26,"column":57}},"7":{"start":{"line":29,"column":28},"end":{"line":38,"column":5}},"8":{"start":{"line":30,"column":8},"end":{"line":30,"column":29}},"9":{"start":{"line":31,"column":8},"end":{"line":37,"column":9}},"10":{"start":{"line":32,"column":12},"end":{"line":32,"column":103}},"11":{"start":{"line":34,"column":12},"end":{"line":34,"column":65}},"12":{"start":{"line":36,"column":12},"end":{"line":36,"column":34}},"13":{"start":{"line":41,"column":27},"end":{"line":125,"column":17}},"14":{"start":{"line":42,"column":27},"end":{"line":42,"column":111}},"15":{"start":{"line":45,"column":82},"end":{"line":45,"column":84}},"16":{"start":{"line":46,"column":77},"end":{"line":46,"column":79}},"17":{"start":{"line":47,"column":112},"end":{"line":47,"column":114}},"18":{"start":{"line":48,"column":27},"end":{"line":48,"column":44}},"19":{"start":{"line":49,"column":56},"end":{"line":49,"column":88}},"20":{"start":{"line":51,"column":22},"end":{"line":51,"column":23}},"21":{"start":{"line":52,"column":22},"end":{"line":52,"column":23}},"22":{"start":{"line":53,"column":24},"end":{"line":53,"column":25}},"23":{"start":{"line":56,"column":20},"end":{"line":56,"column":30}},"24":{"start":{"line":57,"column":8},"end":{"line":61,"column":9}},"25":{"start":{"line":57,"column":21},"end":{"line":57,"column":22}},"26":{"start":{"line":58,"column":22},"end":{"line":58,"column":72}},"27":{"start":{"line":59,"column":24},"end":{"line":59,"column":93}},"28":{"start":{"line":60,"column":12},"end":{"line":60,"column":53}},"29":{"start":{"line":64,"column":30},"end":{"line":64,"column":84}},"30":{"start":{"line":64,"column":58},"end":{"line":64,"column":83}},"31":{"start":{"line":67,"column":8},"end":{"line":109,"column":11}},"32":{"start":{"line":69,"column":12},"end":{"line":70,"column":27}},"33":{"start":{"line":69,"column":42},"end":{"line":69,"column":52}},"34":{"start":{"line":70,"column":17},"end":{"line":70,"column":27}},"35":{"start":{"line":73,"column":12},"end":{"line":73,"column":40}},"36":{"start":{"line":76,"column":12},"end":{"line":76,"column":34}},"37":{"start":{"line":79,"column":12},"end":{"line":81,"column":13}},"38":{"start":{"line":80,"column":16},"end":{"line":80,"column":71}},"39":{"start":{"line":82,"column":12},"end":{"line":82,"column":53}},"40":{"start":{"line":85,"column":12},"end":{"line":92,"column":13}},"41":{"start":{"line":86,"column":29},"end":{"line":86,"column":52}},"42":{"start":{"line":87,"column":28},"end":{"line":87,"column":103}},"43":{"start":{"line":88,"column":16},"end":{"line":91,"column":17}},"44":{"start":{"line":89,"column":20},"end":{"line":89,"column":67}},"45":{"start":{"line":90,"column":20},"end":{"line":90,"column":56}},"46":{"start":{"line":95,"column":25},"end":{"line":95,"column":40}},"47":{"start":{"line":96,"column":12},"end":{"line":108,"column":13}},"48":{"start":{"line":97,"column":30},"end":{"line":97,"column":58}},"49":{"start":{"line":98,"column":16},"end":{"line":106,"column":17}},"50":{"start":{"line":99,"column":32},"end":{"line":99,"column":50}},"51":{"start":{"line":100,"column":20},"end":{"line":105,"column":22}},"52":{"start":{"line":107,"column":16},"end":{"line":107,"column":44}},"53":{"start":{"line":111,"column":8},"end":{"line":124,"column":10}},"54":{"start":{"line":112,"column":71},"end":{"line":112,"column":88}},"55":{"start":{"line":118,"column":32},"end":{"line":118,"column":47}},"56":{"start":{"line":120,"column":81},"end":{"line":120,"column":98}},"57":{"start":{"line":136,"column":8},"end":{"line":136,"column":22}},"58":{"start":{"line":138,"column":4},"end":{"line":335,"column":6}},"59":{"start":{"line":278,"column":40},"end":{"line":278,"column":68}},"60":{"start":{"line":294,"column":28},"end":{"line":294,"column":41}},"61":{"start":{"line":315,"column":24},"end":{"line":315,"column":37}},"62":{"start":{"line":338,"column":0},"end":{"line":338,"column":25}}},"fnMap":{"0":{"name":"(anonymous_9)","decl":{"start":{"line":25,"column":44},"end":{"line":25,"column":45}},"loc":{"start":{"line":25,"column":89},"end":{"line":336,"column":1}}},"1":{"name":"(anonymous_10)","decl":{"start":{"line":29,"column":28},"end":{"line":29,"column":33}},"loc":{"start":{"line":29,"column":39},"end":{"line":38,"column":5}}},"2":{"name":"(anonymous_11)","decl":{"start":{"line":41,"column":35},"end":{"line":41,"column":38}},"loc":{"start":{"line":41,"column":40},"end":{"line":125,"column":5}}},"3":{"name":"(anonymous_12)","decl":{"start":{"line":64,"column":48},"end":{"line":64,"column":49}},"loc":{"start":{"line":64,"column":58},"end":{"line":64,"column":83}}},"4":{"name":"(anonymous_13)","decl":{"start":{"line":67,"column":30},"end":{"line":67,"column":31}},"loc":{"start":{"line":67,"column":34},"end":{"line":109,"column":9}}},"5":{"name":"(anonymous_14)","decl":{"start":{"line":112,"column":52},"end":{"line":112,"column":53}},"loc":{"start":{"line":112,"column":71},"end":{"line":112,"column":88}}},"6":{"name":"(anonymous_15)","decl":{"start":{"line":118,"column":22},"end":{"line":118,"column":23}},"loc":{"start":{"line":118,"column":32},"end":{"line":118,"column":47}}},"7":{"name":"(anonymous_16)","decl":{"start":{"line":120,"column":71},"end":{"line":120,"column":72}},"loc":{"start":{"line":120,"column":81},"end":{"line":120,"column":98}}},"8":{"name":"(anonymous_17)","decl":{"start":{"line":277,"column":58},"end":{"line":277,"column":59}},"loc":{"start":{"line":278,"column":40},"end":{"line":278,"column":68}}},"9":{"name":"(anonymous_18)","decl":{"start":{"line":293,"column":46},"end":{"line":293,"column":47}},"loc":{"start":{"line":294,"column":28},"end":{"line":294,"column":41}}},"10":{"name":"(anonymous_19)","decl":{"start":{"line":314,"column":41},"end":{"line":314,"column":42}},"loc":{"start":{"line":315,"column":24},"end":{"line":315,"column":37}}}},"branchMap":{"0":{"loc":{"start":{"line":69,"column":12},"end":{"line":70,"column":27}},"type":"if","locations":[{"start":{"line":69,"column":12},"end":{"line":70,"column":27}},{"start":{"line":70,"column":17},"end":{"line":70,"column":27}}]},"1":{"loc":{"start":{"line":79,"column":12},"end":{"line":81,"column":13}},"type":"if","locations":[{"start":{"line":79,"column":12},"end":{"line":81,"column":13}}]},"2":{"loc":{"start":{"line":85,"column":12},"end":{"line":92,"column":13}},"type":"if","locations":[{"start":{"line":85,"column":12},"end":{"line":92,"column":13}}]},"3":{"loc":{"start":{"line":88,"column":16},"end":{"line":91,"column":17}},"type":"if","locations":[{"start":{"line":88,"column":16},"end":{"line":91,"column":17}}]},"4":{"loc":{"start":{"line":96,"column":12},"end":{"line":108,"column":13}},"type":"if","locations":[{"start":{"line":96,"column":12},"end":{"line":108,"column":13}}]},"5":{"loc":{"start":{"line":98,"column":16},"end":{"line":106,"column":17}},"type":"if","locations":[{"start":{"line":98,"column":16},"end":{"line":106,"column":17}}]},"6":{"loc":{"start":{"line":121,"column":35},"end":{"line":121,"column":103}},"type":"cond-expr","locations":[{"start":{"line":121,"column":58},"end":{"line":121,"column":61}},{"start":{"line":121,"column":64},"end":{"line":121,"column":103}}]},"7":{"loc":{"start":{"line":159,"column":21},"end":{"line":168,"column":null}},"type":"cond-expr","locations":[{"start":{"line":160,"column":24},"end":{"line":161,"column":null}},{"start":{"line":165,"column":24},"end":{"line":166,"column":null}}]},"8":{"loc":{"start":{"line":197,"column":131},"end":{"line":199,"column":null}},"type":"cond-expr","locations":[{"start":{"line":198,"column":26},"end":{"line":198,"column":99}},{"start":{"line":199,"column":26},"end":{"line":199,"column":null}}]},"9":{"loc":{"start":{"line":203,"column":89},"end":{"line":203,"column":null}},"type":"cond-expr","locations":[{"start":{"line":203,"column":122},"end":{"line":203,"column":158}},{"start":{"line":203,"column":161},"end":{"line":203,"column":null}}]},"10":{"loc":{"start":{"line":207,"column":25},"end":{"line":207,"column":111}},"type":"binary-expr","locations":[{"start":{"line":207,"column":25},"end":{"line":207,"column":55}},{"start":{"line":207,"column":59},"end":{"line":207,"column":111}}]},"11":{"loc":{"start":{"line":210,"column":61},"end":{"line":210,"column":null}},"type":"cond-expr","locations":[{"start":{"line":210,"column":94},"end":{"line":210,"column":130}},{"start":{"line":210,"column":133},"end":{"line":210,"column":null}}]},"12":{"loc":{"start":{"line":214,"column":25},"end":{"line":215,"column":null}},"type":"binary-expr","locations":[{"start":{"line":214,"column":25},"end":{"line":214,"column":55}},{"start":{"line":215,"column":28},"end":{"line":215,"column":126}}]},"13":{"loc":{"start":{"line":316,"column":129},"end":{"line":316,"column":null}},"type":"cond-expr","locations":[{"start":{"line":316,"column":139},"end":{"line":316,"column":153}},{"start":{"line":316,"column":156},"end":{"line":316,"column":null}}]},"14":{"loc":{"start":{"line":316,"column":156},"end":{"line":316,"column":null}},"type":"cond-expr","locations":[{"start":{"line":316,"column":166},"end":{"line":316,"column":180}},{"start":{"line":316,"column":183},"end":{"line":316,"column":null}}]},"15":{"loc":{"start":{"line":316,"column":183},"end":{"line":316,"column":null}},"type":"cond-expr","locations":[{"start":{"line":316,"column":193},"end":{"line":316,"column":207}},{"start":{"line":316,"column":210},"end":{"line":316,"column":null}}]},"16":{"loc":{"start":{"line":329,"column":21},"end":{"line":330,"column":null}},"type":"binary-expr","locations":[{"start":{"line":329,"column":21},"end":{"line":329,"column":49}},{"start":{"line":330,"column":24},"end":{"line":330,"column":104}}]}},"s":{"0":0,"1":0,"2":0,"3":0,"4":0,"5":0,"6":0,"7":0,"8":0,"9":0,"10":0,"11":0,"12":0,"13":0,"14":0,"15":0,"16":0,"17":0,"18":0,"19":0,"20":0,"21":0,"22":0,"23":0,"24":0,"25":0,"26":0,"27":0,"28":0,"29":0,"30":0,"31":0,"32":0,"33":0,"34":0,"35":0,"36":0,"37":0,"38":0,"39":0,"40":0,"41":0,"42":0,"43":0,"44":0,"45":0,"46":0,"47":0,"48":0,"49":0,"50":0,"51":0,"52":0,"53":0,"54":0,"55":0,"56":0,"57":0,"58":0,"59":0,"60":0,"61":0,"62":0},"f":{"0":0,"1":0,"2":0,"3":0,"4":0,"5":0,"6":0,"7":0,"8":0,"9":0,"10":0},"b":{"0":[0,0],"1":[0],"2":[0],"3":[0],"4":[0],"5":[0],"6":[0,0],"7":[0,0],"8":[0,0],"9":[0,0],"10":[0,0],"11":[0,0],"12":[0,0],"13":[0,0],"14":[0,0],"15":[0,0],"16":[0,0]}}
,"/Users/maximilianoguzman/Desktop/Antigravity/App Decretos/decretos-cft/components/DecreeBookModal.tsx": {"path":"/Users/maximilianoguzman/Desktop/Antigravity/App Decretos/decretos-cft/components/DecreeBookModal.tsx","statementMap":{"0":{"start":{"line":1,"column":0},"end":{"line":1,"column":49}},"1":{"start":{"line":3,"column":0},"end":{"line":3,"column":72}},"2":{"start":{"line":4,"column":0},"end":{"line":4,"column":56}},"3":{"start":{"line":12,"column":56},"end":{"line":101,"column":1}},"4":{"start":{"line":13,"column":24},"end":{"line":13,"column":48}},"5":{"start":{"line":14,"column":25},"end":{"line":14,"column":46}},"6":{"start":{"line":16,"column":44},"end":{"line":16,"column":65}},"7":{"start":{"line":17,"column":46},"end":{"line":17,"column":68}},"8":{"start":{"line":18,"column":44},"end":{"line":18,"column":80}},"9":{"start":{"line":20,"column":19},"end":{"line":20,"column":103}},"10":{"start":{"line":21,"column":18},"end":{"line":25,"column":30}},"11":{"start":{"line":22,"column":18},"end":{"line":22,"column":48}},"12":{"start":{"line":23,"column":8},"end":{"line":23,"column":94}},"13":{"start":{"line":23,"column":29},"end":{"line":23,"column":92}},"14":{"start":{"line":24,"column":8},"end":{"line":24,"column":51}},"15":{"start":{"line":24,"column":44},"end":{"line":24,"column":49}},"16":{"start":{"line":27,"column":28},"end":{"line":34,"column":60}},"17":{"start":{"line":28,"column":8},"end":{"line":33,"column":77}},"18":{"start":{"line":29,"column":12},"end":{"line":29,"column":46}},"19":{"start":{"line":29,"column":33},"end":{"line":29,"column":46}},"20":{"start":{"line":30,"column":22},"end":{"line":30,"column":46}},"21":{"start":{"line":31,"column":12},"end":{"line":32,"column":77}},"22":{"start":{"line":33,"column":26},"end":{"line":33,"column":75}},"23":{"start":{"line":36,"column":24},"end":{"line":50,"column":5}},"24":{"start":{"line":37,"column":18},"end":{"line":37,"column":43}},"25":{"start":{"line":38,"column":8},"end":{"line":38,"column":23}},"26":{"start":{"line":38,"column":16},"end":{"line":38,"column":23}},"27":{"start":{"line":39,"column":21},"end":{"line":46,"column":30}},"28":{"start":{"line":44,"column":33},"end":{"line":45,"column":135}},"29":{"start":{"line":47,"column":8},"end":{"line":47,"column":31}},"30":{"start":{"line":48,"column":8},"end":{"line":48,"column":27}},"31":{"start":{"line":49,"colum
[...]
n":4},"end":{"line":182,"column":5}}]},"59":{"loc":{"start":{"line":180,"column":8},"end":{"line":180,"column":38}},"type":"binary-expr","locations":[{"start":{"line":180,"column":8},"end":{"line":180,"column":22}},{"start":{"line":180,"column":26},"end":{"line":180,"column":38}}]},"60":{"loc":{"start":{"line":183,"column":4},"end":{"line":185,"column":5}},"type":"if","locations":[{"start":{"line":183,"column":4},"end":{"line":185,"column":5}}]},"61":{"loc":{"start":{"line":183,"column":8},"end":{"line":183,"column":40}},"type":"binary-expr","locations":[{"start":{"line":183,"column":8},"end":{"line":183,"column":23}},{"start":{"line":183,"column":27},"end":{"line":183,"column":40}}]},"62":{"loc":{"start":{"line":186,"column":4},"end":{"line":188,"column":5}},"type":"if","locations":[{"start":{"line":186,"column":4},"end":{"line":188,"column":5}}]},"63":{"loc":{"start":{"line":186,"column":8},"end":{"line":186,"column":63}},"type":"binary-expr","locations":[{"start":{"line":186,"column":8},"end":{"line":186,"column":22}},{"start":{"line":186,"column":26},"end":{"line":186,"column":63}}]},"64":{"loc":{"start":{"line":191,"column":16},"end":{"line":191,"column":39}},"type":"binary-expr","locations":[{"start":{"line":191,"column":16},"end":{"line":191,"column":30}},{"start":{"line":191,"column":34},"end":{"line":191,"column":39}}]},"65":{"loc":{"start":{"line":195,"column":26},"end":{"line":195,"column":38}},"type":"binary-expr","locations":[{"start":{"line":195,"column":26},"end":{"line":195,"column":32}},{"start":{"line":195,"column":36},"end":{"line":195,"column":38}}]},"66":{"loc":{"start":{"line":196,"column":18},"end":{"line":196,"column":30}},"type":"binary-expr","locations":[{"start":{"line":196,"column":18},"end":{"line":196,"column":24}},{"start":{"line":196,"column":28},"end":{"line":196,"column":30}}]},"67":{"loc":{"start":{"line":200,"column":19},"end":{"line":200,"column":90}},"type":"cond-expr","locations":[{"start":{"line":200,"column":58},"end":{"line":200,"column":69}},{"start":{"line":200,"column":72},"end":{"line":200,"column":90}}]},"68":{"loc":{"start":{"line":203,"column":17},"end":{"line":203,"column":33}},"type":"binary-expr","locations":[{"start":{"line":203,"column":17},"end":{"line":203,"column":24}},{"start":{"line":203,"column":28},"end":{"line":203,"column":33}}]},"69":{"loc":{"start":{"line":204,"column":20},"end":{"line":204,"column":36}},"type":"binary-expr","locations":[{"start":{"line":204,"column":20},"end":{"line":204,"column":27}},{"start":{"line":204,"column":31},"end":{"line":204,"column":36}}]},"70":{"loc":{"start":{"line":219,"column":50},"end":{"line":219,"column":63}},"type":"binary-expr","locations":[{"start":{"line":219,"column":50},"end":{"line":219,"column":53}},{"start":{"line":219,"column":57},"end":{"line":219,"column":63}}]},"71":{"loc":{"start":{"line":225,"column":27},"end":{"line":225,"column":39}},"type":"binary-expr","locations":[{"start":{"line":225,"column":27},"end":{"line":225,"column":33}},{"start":{"line":225,"column":37},"end":{"line":225,"column":39}}]},"72":{"loc":{"start":{"line":226,"column":31},"end":{"line":226,"column":43}},"type":"binary-expr","locations":[{"start":{"line":226,"column":31},"end":{"line":226,"column":37}},{"start":{"line":226,"column":41},"end":{"line":226,"column":43}}]},"73":{"loc":{"start":{"line":227,"column":23},"end":{"line":227,"column":35}},"type":"binary-expr","locations":[{"start":{"line":227,"column":23},"end":{"line":227,"column":29}},{"start":{"line":227,"column":33},"end":{"line":227,"column":35}}]},"74":{"loc":{"start":{"line":228,"column":35},"end":{"line":228,"column":47}},"type":"binary-expr","locations":[{"start":{"line":228,"column":35},"end":{"line":228,"column":41}},{"start":{"line":228,"column":45},"end":{"line":228,"column":47}}]},"75":{"loc":{"start":{"line":229,"column":31},"end":{"line":229,"column":43}},"type":"binary-expr","locations":[{"start":{"line":229,"column":31},"end":{"line":229,"column":37}},{"start":{"line":229,"column":41},"end":{"line":229,"column":43}}]},"76":{"loc":{"start":{"line":230,"column":34},"end":{"line":230,"column":46}},"type":"binary-expr","locations":[{"start":{"line":230,"column":34},"end":{"line":230,"column":40}},{"start":{"line":230,"column":44},"end":{"line":230,"column":46}}]},"77":{"loc":{"start":{"line":231,"column":35},"end":{"line":231,"column":47}},"type":"binary-expr","locations":[{"start":{"line":231,"column":35},"end":{"line":231,"column":41}},{"start":{"line":231,"column":45},"end":{"line":231,"column":47}}]},"78":{"loc":{"start":{"line":232,"column":35},"end":{"line":232,"column":48}},"type":"binary-expr","locations":[{"start":{"line":232,"column":35},"end":{"line":232,"column":42}},{"start":{"line":232,"column":46},"end":{"line":232,"column":48}}]},"79":{"loc":{"start":{"line":233,"column":31},"end":{"line":233,"column":44}},"type":"binary-expr","locations":[{"start":{"line":233,"column":31},"end":{"line":233,"column":38}},{"start":{"line":233,"column":42},"end":{"line":233,"column":44}}]},"80":{"loc":{"start":{"line":234,"column":34},"end":{"line":234,"column":47}},"type":"binary-expr","locations":[{"start":{"line":234,"column":34},"end":{"line":234,"column":41}},{"start":{"line":234,"column":45},"end":{"line":234,"column":47}}]},"81":{"loc":{"start":{"line":235,"column":35},"end":{"line":235,"column":48}},"type":"binary-expr","locations":[{"start":{"line":235,"column":35},"end":{"line":235,"column":42}},{"start":{"line":235,"column":46},"end":{"line":235,"column":48}}]},"82":{"loc":{"start":{"line":236,"column":35},"end":{"line":236,"column":48}},"type":"binary-expr","locations":[{"start":{"line":236,"column":35},"end":{"line":236,"column":42}},{"start":{"line":236,"column":46},"end":{"line":236,"column":48}}]},"83":{"loc":{"start":{"line":237,"column":34},"end":{"line":237,"column":47}},"type":"binary-expr","locations":[{"start":{"line":237,"column":34},"end":{"line":237,"column":41}},{"start":{"line":237,"column":45},"end":{"line":237,"column":47}}]},"84":{"loc":{"start":{"line":238,"column":35},"end":{"line":238,"column":48}},"type":"binary-expr","locations":[{"start":{"line":238,"column":35},"end":{"line":238,"column":42}},{"start":{"line":238,"column":46},"end":{"line":238,"column":48}}]},"85":{"loc":{"start":{"line":239,"column":35},"end":{"line":239,"column":48}},"type":"binary-expr","locations":[{"start":{"line":239,"column":35},"end":{"line":239,"column":42}},{"start":{"line":239,"column":46},"end":{"line":239,"column":48}}]},"86":{"loc":{"start":{"line":240,"column":22},"end":{"line":240,"column":38}},"type":"binary-expr","locations":[{"start":{"line":240,"column":22},"end":{"line":240,"column":29}},{"start":{"line":240,"column":33},"end":{"line":240,"column":38}}]},"87":{"loc":{"start":{"line":241,"column":25},"end":{"line":241,"column":41}},"type":"binary-expr","locations":[{"start":{"line":241,"column":25},"end":{"line":241,"column":32}},{"start":{"line":241,"column":36},"end":{"line":241,"column":41}}]},"88":{"loc":{"start":{"line":242,"column":33},"end":{"line":242,"column":46}},"type":"binary-expr","locations":[{"start":{"line":242,"column":33},"end":{"line":242,"column":40}},{"start":{"line":242,"column":44},"end":{"line":242,"column":46}}]},"89":{"loc":{"start":{"line":257,"column":4},"end":{"line":259,"column":5}},"type":"if","locations":[{"start":{"line":257,"column":4},"end":{"line":259,"column":5}}]},"90":{"loc":{"start":{"line":257,"column":8},"end":{"line":257,"column":38}},"type":"binary-expr","locations":[{"start":{"line":257,"column":8},"end":{"line":257,"column":22}},{"start":{"line":257,"column":26},"end":{"line":257,"column":38}}]},"91":{"loc":{"start":{"line":260,"column":4},"end":{"line":262,"column":5}},"type":"if","locations":[{"start":{"line":260,"column":4},"end":{"line":262,"column":5}}]},"92":{"loc":{"start":{"line":260,"column":8},"end":{"line":260,"column":40}},"type":"binary-expr","locations":[{"start":{"line":260,"column":8},"end":{"line":260,"column":23}},{"start":{"line":260,"column":27},"end":{"line":260,"column":40}}]},"93":{"loc":{"start":{"line":263,"column":4},"end":{"line":265,"column":5}},"type":"if","locations":[{"start":{"line":263,"column":4},"end":{"line":265,"column":5}}]},"94":{"loc":{"start":{"line":268,"column":16},"end":{"line":268,"column":39}},"type":"binary-expr","locations":[{"start":{"line":268,"column":16},"end":{"line":268,"column":30}},{"start":{"line":268,"column":34},"end":{"line":268,"column":39}}]},"95":{"loc":{"start":{"line":309,"column":31},"end":{"line":309,"column":55}},"type":"binary-expr","locations":[{"start":{"line":309,"column":31},"end":{"line":309,"column":49}},{"start":{"line":309,"column":53},"end":{"line":309,"column":55}}]},"96":{"loc":{"start":{"line":310,"column":23},"end":{"line":310,"column":39}},"type":"binary-expr","locations":[{"start":{"line":310,"column":23},"end":{"line":310,"column":33}},{"start":{"line":310,"column":37},"end":{"line":310,"column":39}}]},"97":{"loc":{"start":{"line":311,"column":24},"end":{"line":311,"column":41}},"type":"binary-expr","locations":[{"start":{"line":311,"column":24},"end":{"line":311,"column":35}},{"start":{"line":311,"column":39},"end":{"line":311,"column":41}}]},"98":{"loc":{"start":{"line":312,"column":49},"end":{"line":312,"column":69}},"type":"binary-expr","locations":[{"start":{"line":312,"column":49},"end":{"line":312,"column":63}},{"start":{"line":312,"column":67},"end":{"line":312,"column":69}}]},"99":{"loc":{"start":{"line":315,"column":50},"end":{"line":315,"column":74}},"type":"binary-expr","locations":[{"start":{"line":315,"column":50},"end":{"line":315,"column":68}},{"start":{"line":315,"column":72},"end":{"line":315,"column":74}}]},"100":{"loc":{"start":{"line":316,"column":57},"end":{"line":316,"column":82}},"type":"binary-expr","locations":[{"start":{"line":316,"column":57},"end":{"line":316,"column":76}},{"start":{"line":316,"column":80},"end":{"line":316,"column":82}}]},"101":{"loc":{"start":{"line":317,"column":25},"end":{"line":317,"column":85}},"type":"binary-expr","locations":[{"start":{"line":317,"column":25},"end":{"line":317,"column":43}},{"start":{"line":317,"column":47},"end":{"line":317,"column":85}}]},"102":{"loc":{"start":{"line":318,"column":48},"end":{"line":318,"column":72}},"type":"binary-expr","locations":[{"start":{"line":318,"column":48},"end":{"line":318,"column":66}},{"start":{"line":318,"column":70},"end":{"line":318,"column":72}}]},"103":{"loc":{"start":{"line":320,"column":4},"end":{"line":320,"column":70}},"type":"if","locations":[{"start":{"line":320,"column":4},"end":{"line":320,"column":70}}]},"104":{"loc":{"start":{"line":321,"column":4},"end":{"line":321,"column":54}},"type":"if","locations":[{"start":{"line":321,"column":4},"end":{"line":321,"column":54}}]},"105":{"loc":{"start":{"line":322,"column":4},"end":{"line":322,"column":64}},"type":"if","locations":[{"start":{"line":322,"column":4},"end":{"line":322,"column":64}}]},"106":{"loc":{"start":{"line":334,"column":6},"end":{"line":334,"column":77}},"type":"cond-expr","locations":[{"start":{"line":334,"column":45},"end":{"line":334,"column":56}},{"start":{"line":334,"column":59},"end":{"line":334,"column":77}}]},"107":{"loc":{"start":{"line":338,"column":6},"end":{"line":338,"column":24}},"type":"binary-expr","locations":[{"start":{"line":338,"column":6},"end":{"line":338,"column":15}},{"start":{"line":338,"column":19},"end":{"line":338,"column":24}}]},"108":{"loc":{"start":{"line":339,"column":6},"end":{"line":339,"column":27}},"type":"binary-expr","locations":[{"start":{"line":339,"column":6},"end":{"line":339,"column":18}},{"start":{"line":339,"column":22},"end":{"line":339,"column":27}}]},"109":{"loc":{"start":{"line":355,"column":31},"end":{"line":355,"column":55}},"type":"binary-expr","locations":[{"start":{"line":355,"column":31},"end":{"line":355,"column":49}},{"start":{"line":355,"column":53},"end":{"line":355,"column":55}}]},"110":{"loc":{"start":{"line":356,"column":23},"end":{"line":356,"column":39}},"type":"binary-expr","locations":[{"start":{"line":356,"column":23},"end":{"line":356,"column":33}},{"start":{"line":356,"column":37},"end":{"line":356,"column":39}}]},"111":{"loc":{"start":{"line":357,"column":24},"end":{"line":357,"column":41}},"type":"binary-expr","locations":[{"start":{"line":357,"column":24},"end":{"line":357,"column":35}},{"start":{"line":357,"column":39},"end":{"line":357,"column":41}}]},"112":{"loc":{"start":{"line":359,"column":50},"end":{"line":359,"column":74}},"type":"binary-expr","locations":[{"start":{"line":359,"column":50},"end":{"line":359,"column":68}},{"start":{"line":359,"column":72},"end":{"line":359,"column":74}}]},"113":{"loc":{"start":{"line":360,"column":51},"end":{"line":360,"column":76}},"type":"binary-expr","locations":[{"start":{"line":360,"column":51},"end":{"line":360,"column":70}},{"start":{"line":360,"column":74},"end":{"line":360,"column":76}}]},"114":{"loc":{"start":{"line":361,"column":57},"end":{"line":361,"column":82}},"type":"binary-expr","locations":[{"start":{"line":361,"column":57},"end":{"line":361,"column":76}},{"start":{"line":361,"column":80},"end":{"line":361,"column":82}}]},"115":{"loc":{"start":{"line":362,"column":25},"end":{"line":362,"column":85}},"type":"binary-expr","locations":[{"start":{"line":362,"column":25},"end":{"line":362,"column":43}},{"start":{"line":362,"column":47},"end":{"line":362,"column":85}}]},"116":{"loc":{"start":{"line":364,"column":4},"end":{"line":364,"column":70}},"type":"if","locations":[{"start":{"line":364,"column":4},"end":{"line":364,"column":70}}]},"117":{"loc":{"start":{"line":365,"column":4},"end":{"line":365,"column":64}},"type":"if","locations":[{"start":{"line":365,"column":4},"end":{"line":365,"column":64}}]},"118":{"loc":{"start":{"line":366,"column":4},"end":{"line":366,"column":74}},"type":"if","locations":[{"start":{"line":366,"column":4},"end":{"line":366,"column":74}}]},"119":{"loc":{"start":{"line":367,"column":4},"end":{"line":367,"column":76}},"type":"if","locations":[{"start":{"line":367,"column":4},"end":{"line":367,"column":76}}]},"120":{"loc":{"start":{"line":377,"column":6},"end":{"line":377,"column":27}},"type":"binary-expr","locations":[{"start":{"line":377,"column":6},"end":{"line":377,"column":21}},{"start":{"line":377,"column":25},"end":{"line":377,"column":27}}]},"121":{"loc":{"start":{"line":378,"column":6},"end":{"line":378,"column":35}},"type":"binary-expr","locations":[{"start":{"line":378,"column":6},"end":{"line":378,"column":30}},{"start":{"line":378,"column":34},"end":{"line":378,"column":35}}]},"122":{"loc":{"start":{"line":379,"column":6},"end":{"line":379,"column":30}},"type":"binary-expr","locations":[{"start":{"line":379,"column":6},"end":{"line":379,"column":25}},{"start":{"line":379,"column":29},"end":{"line":379,"column":30}}]},"123":{"loc":{"start":{"line":380,"column":6},"end":{"line":380,"column":30}},"type":"binary-expr","locations":[{"start":{"line":380,"column":6},"end":{"line":380,"column":25}},{"start":{"line":380,"column":29},"end":{"line":380,"column":30}}]},"124":{"loc":{"start":{"line":381,"column":6},"end":{"line":381,"column":27}},"type":"binary-expr","locations":[{"start":{"line":381,"column":6},"end":{"line":381,"column":21}},{"start":{"line":381,"column":25},"end":{"line":381,"column":27}}]},"125":{"loc":{"start":{"line":382,"column":6},"end":{"line":382,"column":35}},"type":"binary-expr","locations":[{"start":{"line":382,"column":6},"end":{"line":382,"column":30}},{"start":{"line":382,"column":34},"end":{"line":382,"column":35}}]},"126":{"loc":{"start":{"line":383,"column":6},"end":{"line":383,"column":30}},"type":"binary-expr","locations":[{"start":{"line":383,"column":6},"end":{"line":383,"column":25}},{"start":{"line":383,"column":29},"end":{"line":383,"column":30}}]},"127":{"loc":{"start":{"line":384,"column":6},"end":{"line":384,"column":30}},"type":"binary-expr","locations":[{"start":{"line":384,"column":6},"end":{"line":384,"column":25}},{"start":{"line":384,"column":29},"end":{"line":384,"column":30}}]},"128":{"loc":{"start":{"line":388,"column":6},"end":{"line":388,"column":24}},"type":"binary-expr","locations":[{"start":{"line":388,"column":6},"end":{"line":388,"column":15}},{"start":{"line":388,"column":19},"end":{"line":388,"column":24}}]},"129":{"loc":{"start":{"line":389,"column":6},"end":{"line":389,"column":27}},"type":"binary-expr","locations":[{"start":{"line":389,"column":6},"end":{"line":389,"column":18}},{"start":{"line":389,"column":22},"end":{"line":389,"column":27}}]},"130":{"loc":{"start":{"line":390,"column":6},"end":{"line":390,"column":32}},"type":"binary-expr","locations":[{"start":{"line":390,"column":6},"end":{"line":390,"column":26}},{"start":{"line":390,"column":30},"end":{"line":390,"column":32}}]}},"s":{"0":1,"1":1,"2":1,"3":1,"4":26,"5":26,"6":4,"7":22,"8":5,"9":17,"10":1,"11":1,"12":5,"13":9,"14":9,"15":3,"16":2,"17":1,"18":1,"19":17,"20":17,"21":3,"22":14,"23":7,"24":7,"25":1,"26":1,"27":4,"28":4,"29":4,"30":4,"31":4,"32":4,"33":4,"34":4,"35":1,"36":3,"37":1,"38":2,"39":1,"40":1,"41":0,"42":1,"43":0,"44":1,"45":1,"46":1,"47":11,"48":11,"49":1,"50":10,"51":10,"52":3,"53":7,"54":3,"55":4,"56":3,"57":1,"58":1,"59":1,"60":5,"61":5,"62":1,"63":1,"64":0,"65":0,"66":0,"67":0,"68":0,"69":0,"70":0,"71":1,"72":1,"73":0,"74":0,"75":0,"76":0,"77":0,"78":0,"79":0,"80":0,"81":0,"82":0,"83":0,"84":0,"85":0,"86":1,"87":1,"88":0,"89":0,"90":0,"91":0,"92":0,"93":0,"94":0,"95":0,"96":0,"97":0,"98":0,"99":0,"100":0,"101":0,"102":0,"103":0,"104":0,"105":0,"106":0,"107":0,"108":0,"109":0,"110":0,"111":0,"112":0,"113":0,"114":0,"115":0,"116":0,"117":0,"118":0,"119":0,"120":0,"121":1,"122":1,"123":0,"124":0,"125":0,"126":0,"127":0,"128":0,"129":0,"130":0,"131":0,"132":0,"133":0,"134":0,"135":0,"136":0,"137":0,"138":0,"139":0,"140":0,"141":0,"142":0,"143":0,"144":0,"145":0,"146":0,"147":0,"148":0,"149":0,"150":0,"151":0,"152":0,"153":0,"154":0,"155":0,"156":0,"157":0,"158":0,"159":0,"160":0,"161":0,"162":0,"163":0,"164":0,"165":0,"166":1,"167":1,"168":0,"169":0,"170":0,"171":0,"172":0,"173":0,"174":0,"175":0,"176":0,"177":0,"178":0,"179":0,"180":0,"181":0,"182":0,"183":0,"184":0,"185":0,"186":0,"187":0,"188":0,"189":0,"190":0,"191":1,"192":1,"193":0,"194":0,"195":0,"196":0,"197":0,"198":0,"199":0,"200":0,"201":0,"202":0,"203":0,"204":0,"205":0,"206":0,"207":0,"208":0,"209":0,"210":0,"211":0,"212":0,"213":0,"214":0,"215":0,"216":1},"f":{"0":26,"1":5,"2":17,"3":4,"4":11,"5":5,"6":0,"7":0,"8":0,"9":0,"10":0,"11":0,"12":0,"13":0,"14":0,"15":0,"16":0,"17":0,"18":0,"19":0},"b":{"0":[4],"1":[5],"2":[3],"3":[3],"4":[7],"5":[1],"6":[4,2],"7":[0,1],"8":[1,0],"9":[1],"10":[3,2],"11":[0,1],"12":[1,0],"13":[1],"14":[2,1],"15":[0],"16":[1,0],"17":[0,0],"18":[0,0],"19":[0],"20":[1,0],"21":[0,0],"22":[0,0],"23":[1,1],"24":[1,1,1],"25":[1],"26":[3],"27":[10,9],"28":[3],"29":[3],"30":[2,3],"31":[0,0],"32":[0],"33":[0,0],"34":[0],"35":[0,0],"36":[0],"37":[0,0],"38":[0,0],"39":[0],"40":[0,0],"41":[0,0],"42":[0,0],"43":[0],"44":[0,0],"45":[0,0],"46":[0,0],"47":[0,0],"48":[0,0],"49":[0,0],"50":[0,0],"51":[0,0],"52":[0,0],"53":[0,0],"54":[0,0],"55":[0,0],"56":[0],"57":[0,0,0],"58":[0],"59":[0,0],"60":[0],"61":[0,0],"62":[0],"63":[0,0],"64":[0,0],"65":[0,0],"66":[0,0],"67":[0,0],"68":[0,0],"69":[0,0],"70":[0,0],"71":[0,0],"72":[0,0],"73":[0,0],"74":[0,0],"75":[0,0],"76":[0,0],"77":[0,0],"78":[0,0],"79":[0,0],"80":[0,0],"81":[0,0],"82":[0,0],"83":[0,0],"84":[0,0],"85":[0,0],"86":[0,0],"87":[0,0],"88":[0,0],"89":[0],"90":[0,0],"91":[0],"92":[0,0],"93":[0],"94":[0,0],"95":[0,0],"96":[0,0],"97":[0,0],"98":[0,0],"99":[0,0],"100":[0,0],"101":[0,0],"102":[0,0],"103":[0],"104":[0],"105":[0],"106":[0,0],"107":[0,0],"108":[0,0],"109":[0,0],"110":[0,0],"111":[0,0],"112":[0,0],"113":[0,0],"114":[0,0],"115":[0,0],"116":[0],"117":[0],"118":[0],"119":[0],"120":[0,0],"121":[0,0],"122":[0,0],"123":[0,0],"124":[0,0],"125":[0,0],"126":[0,0],"127":[0,0],"128":[0,0],"129":[0,0],"130":[0,0]}}
}
