TN:
SF:components/ActionMenu.tsx
FN:13,(anonymous_9)
FN:17,(anonymous_10)
FN:18,(anonymous_11)
FN:24,(anonymous_12)
FN:31,(anonymous_13)
FN:38,(anonymous_14)
FN:45,(anonymous_15)
FN:53,(anonymous_16)
FN:61,(anonymous_17)
FN:71,(anonymous_18)
FN:79,(anonymous_19)
FN:85,(anonymous_20)
FNF:12
FNH:0
FNDA:0,(anonymous_9)
FNDA:0,(anonymous_10)
FNDA:0,(anonymous_11)
FNDA:0,(anonymous_12)
FNDA:0,(anonymous_13)
FNDA:0,(anonymous_14)
FNDA:0,(anonymous_15)
FNDA:0,(anonymous_16)
FNDA:0,(anonymous_17)
FNDA:0,(anonymous_18)
FNDA:0,(anonymous_19)
FNDA:0,(anonymous_20)
DA:1,0
DA:2,0
DA:13,0
DA:14,0
DA:15,0
DA:17,0
DA:18,0
DA:19,0
DA:20,0
DA:23,0
DA:24,0
DA:27,0
DA:31,0
DA:38,0
DA:45,0
DA:53,0
DA:61,0
DA:68,0
DA:71,0
DA:80,0
DA:86,0
DA:87,0
DA:104,0
LF:23
LH:0
BRDA:19,0,0,0
BRDA:19,1,0,0
BRDA:19,1,1,0
BRDA:28,2,0,0
BRDA:28,2,1,0
BRDA:50,3,0,0
BRDA:50,3,1,0
BRDA:58,4,0,0
BRDA:58,4,1,0
BRDA:77,5,0,0
BRDA:77,5,1,0
BRDA:81,6,0,0
BRDA:81,6,1,0
BRF:13
BRH:0
end_of_record
TN:
SF:components/AdminPanel.tsx
FN:21,(anonymous_9)
FN:37,(anonymous_10)
FN:46,(anonymous_11)
FN:52,(anonymous_12)
FN:56,(anonymous_13)
FN:69,(anonymous_14)
FN:75,(anonymous_15)
FN:77,(anonymous_16)
FN:84,(anonymous_17)
FN:136,(anonymous_18)
FN:144,(anonymous_19)
FN:158,(anonymous_20)
FN:216,(anonymous_21)
FN:226,(anonymous_22)
FN:249,(anonymous_23)
FN:263,(anonymous_24)
FN:275,(anonymous_25)
FN:320,(anonymous_26)
FN:350,(anonymous_27)
FN:361,(anonymous_28)
FN:394,(anonymous_29)
FN:400,(anonymous_30)
FNF:22
FNH:0
FNDA:0,(anonymous_9)
FNDA:0,(anonymous_10)
FNDA:0,(anonymous_11)
FNDA:0,(anonymous_12)
FNDA:0,(anonymous_13)
FNDA:0,(anonymous_14)
FNDA:0,(anonymous_15)
FNDA:0,(anonymous_16)
FNDA:0,(anonymous_17)
FNDA:0,(anonymous_18)
FNDA:0,(anonymous_19)
FNDA:0,(anonymous_20)
FNDA:0,(anonymous_21)
FNDA:0,(anonymous_22)
FNDA:0,(anonymous_23)
FNDA:0,(anonymous_24)
FNDA:0,(anonymous_25)
FNDA:0,(anonymous_26)
FNDA:0,(anonymous_27)
FNDA:0,(anonymous_28)
FNDA:0,(anonymous_29)
FNDA:0,(anonymous_30)
DA:1,0
DA:2,0
DA:3,0
DA:4,0
DA:18,0
DA:21,0
DA:22,0
DA:23,0
DA:24,0
DA:25,0
DA:28,0
DA:31,0
DA:37,0
DA:38,0
DA:39,0
DA:41,0
DA:46,0
DA:47,0
DA:48,0
DA:52,0
DA:53,0
DA:56,0
DA:57,0
DA:58,0
DA:59,0
DA:60,0
DA:63,0
DA:64,0
DA:65,0
DA:66,0
DA:69,0
DA:70,0
DA:71,0
DA:75,0
DA:76,0
DA:77,0
DA:81,0
DA:84,0
DA:85,0
DA:86,0
DA:87,0
DA:90,0
DA:91,0
DA:92,0
DA:95,0
DA:96,0
DA:97,0
DA:99,0
DA:101,0
DA:109,0
DA:110,0
DA:114,0
DA:115,0
DA:116,0
DA:119,0
DA:121,0
DA:122,0
DA:123,0
DA:124,0
DA:126,0
DA:127,0
DA:129,0
DA:132,0
DA:136,0
DA:137,0
DA:138,0
DA:139,0
DA:140,0
DA:141,0
DA:144,0
DA:146,0
DA:147,0
DA:148,0
DA:151,0
DA:152,0
DA:153,0
DA:154,0
DA:155,0
DA:158,0
DA:159,0
DA:160,0
DA:161,0
DA:164,0
DA:165,0
DA:166,0
DA:167,0
DA:170,0
DA:171,0
DA:172,0
DA:173,0
DA:174,0
DA:175,0
DA:178,0
DA:180,0
DA:216,0
DA:226,0
DA:249,0
DA:263,0
DA:275,0
DA:321,0
DA:350,0
DA:361,0
DA:394,0
DA:400,0
DA:420,0
LF:105
LH:0
BRDA:24,0,0,0
BRDA:48,1,0,0
BRDA:48,1,1,0
BRDA:70,2,0,0
BRDA:85,3,0,0
BRDA:85,4,0,0
BRDA:85,4,1,0
BRDA:90,5,0,0
BRDA:109,6,0,0
BRDA:126,7,0,0
BRDA:126,7,1,0
BRDA:129,8,0,0
BRDA:129,8,1,0
BRDA:146,9,0,0
BRDA:159,10,0,0
BRDA:165,11,0,0
BRDA:178,12,0,0
BRDA:212,13,0,0
BRDA:212,13,1,0
BRDA:222,14,0,0
BRDA:222,14,1,0
BRDA:289,15,0,0
BRDA:289,15,1,0
BRDA:326,16,0,0
BRDA:326,16,1,0
BRDA:330,17,0,0
BRDA:330,17,1,0
BRDA:359,18,0,0
BRDA:359,18,1,0
BRDA:372,19,0,0
BRDA:372,19,1,0
BRF:31
BRH:0
end_of_record
TN:
SF:components/AdvancedFilters.tsx
FN:19,(anonymous_9)
FN:22,(anonymous_10)
FN:24,(anonymous_11)
FN:32,(anonymous_12)
FN:69,(anonymous_13)
FN:83,(anonymous_14)
FN:101,(anonymous_15)
FN:115,(anonymous_16)
FN:126,(anonymous_17)
FNF:9
FNH:0
FNDA:0,(anonymous_9)
FNDA:0,(anonymous_10)
FNDA:0,(anonymous_11)
FNDA:0,(anonymous_12)
FNDA:0,(anonymous_13)
FNDA:0,(anonymous_14)
FNDA:0,(anonymous_15)
FNDA:0,(anonymous_16)
FNDA:0,(anonymous_17)
DA:2,0
DA:3,0
DA:19,0
DA:20,0
DA:22,0
DA:24,0
DA:25,0
DA:28,0
DA:32,0
DA:69,0
DA:83,0
DA:101,0
DA:115,0
DA:126,0
DA:154,0
LF:15
LH:0
BRDA:36,0,0,0
BRDA:36,0,1,0
BRDA:42,1,0,0
BRDA:42,1,1,0
BRDA:48,2,0,0
BRDA:48,2,1,0
BRDA:56,3,0,0
BRDA:56,3,1,0
BRDA:139,4,0,0
BRDA:139,4,1,0
BRF:10
BRH:0
end_of_record
TN:
SF:components/CalendarView.tsx
FN:11,(anonymous_9)
FN:26,(anonymous_10)
FN:29,(anonymous_11)
FN:58,(anonymous_12)
FN:63,(anonymous_13)
FN:68,(anonymous_14)
FN:74,(anonymous_15)
FN:82,(anonymous_16)
FN:115,(anonymous_17)
FN:126,(anonymous_18)
FN:131,(anonymous_19)
FN:140,(anonymous_20)
FN:156,(anonymous_21)
FN:191,(anonymous_22)
FNF:14
FNH:0
FNDA:0,(anonymous_9)
FNDA:0,(anonymous_10)
FNDA:0,(anonymous_11)
FNDA:0,(anonymous_12)
FNDA:0,(anonymous_13)
FNDA:0,(anonymous_14)
FNDA:0,(anonymous_15)
FNDA:0,(anonymous_16)
FNDA:0,(anonymous_17)
FNDA:0,(anonymous_18)
FNDA:0,(anonymous_19)
FNDA:0,(anonymous_20)
FNDA:0,(anonymous_21)
FNDA:0,(anonymous_22)
DA:1,0
DA:3,0
DA:11,0
DA:12,0
DA:13,0
DA:15,0
DA:16,0
DA:18,0
DA:20,0
DA:22,0
DA:23,0
DA:26,0
DA:27,0
DA:29,0
DA:30,0
DA:32,0
DA:34,0
DA:37,0
DA:38,0
DA:39,0
DA:42,0
DA:43,0
DA:44,0
DA:45,0
DA:55,0
DA:58,0
DA:59,0
DA:60,0
DA:63,0
DA:64,0
DA:65,0
DA:68,0
DA:69,0
DA:70,0
DA:73,0
DA:74,0
DA:75,0
DA:77,0
DA:79,0
DA:82,0
DA:116,0
DA:127,0
DA:132,0
DA:133,0
DA:134,0
DA:135,0
DA:137,0
DA:140,0
DA:157,0
DA:192,0
DA:236,0
LF:51
LH:0
BRDA:30,0,0,0
BRDA:34,1,0,0
BRDA:34,1,1,0
BRDA:42,2,0,0
BRDA:42,3,0,0
BRDA:42,3,1,0
BRDA:44,4,0,0
BRDA:70,5,0,0
BRDA:70,5,1,0
BRDA:75,6,0,0
BRDA:75,6,1,0
BRDA:75,6,2,0
BRDA:77,7,0,0
BRDA:116,8,0,0
BRDA:116,8,1,0
BRDA:116,9,0,0
BRDA:116,9,1,0
BRDA:133,10,0,0
BRDA:133,10,1,0
BRDA:140,11,0,0
BRDA:140,11,1,0
BRDA:140,12,0,0
BRDA:140,12,1,0
BRDA:141,13,0,0
BRDA:141,13,1,0
BRDA:143,14,0,0
BRDA:143,14,1,0
BRDA:146,15,0,0
BRDA:146,15,1,0
BRDA:146,16,0,0
BRDA:146,16,1,0
BRDA:149,17,0,0
BRDA:149,17,1,0
BRDA:150,18,0,0
BRDA:150,18,1,0
BRDA:154,19,0,0
BRDA:154,19,1,0
BRDA:157,20,0,0
BRDA:157,20,1,0
BRDA:161,21,0,0
BRDA:161,21,1,0
BRDA:163,22,0,0
BRDA:163,22,1,0
BRDA:170,23,0,0
BRDA:170,23,1,0
BRDA:184,24,0,0
BRDA:184,24,1,0
BRDA:184,24,2,0
BRDA:196,25,0,0
BRDA:196,25,1,0
BRDA:204,26,0,0
BRDA:204,26,1,0
BRF:52
BRH:0
end_of_record
TN:
SF:components/CommandPalette.tsx
FN:37,(anonymous_9)
FN:54,(anonymous_10)
FN:58,(anonymous_11)
FN:63,(anonymous_12)
FN:71,(anonymous_13)
FN:81,(anonymous_14)
FN:91,(anonymous_15)
FN:101,(anonymous_16)
FN:111,(anonymous_17)
FN:121,(anonymous_18)
FN:127,(anonymous_19)
FN:128,(anonymous_20)
FN:135,(anonymous_21)
FN:141,(anonymous_22)
FN:144,(anonymous_23)
FN:146,(anonymous_24)
FN:158,(anonymous_25)
FN:164,(anonymous_26)
FN:175,(anonymous_27)
FN:182,(anonymous_28)
FN:188,(anonymous_29)
FN:192,(anonymous_30)
FN:198,(anonymous_31)
FN:216,(anonymous_32)
FN:224,(anonymous_33)
FN:230,(anonymous_34)
FN:239,(anonymous_35)
FN:259,(anonymous_36)
FN:268,(anonymous_37)
FN:293,(anonymous_38)
FN:297,(anonymous_39)
FNF:31
FNH:0
FNDA:0,(anonymous_9)
FNDA:0,(anonymous_10)
FNDA:0,(anonymous_11)
FNDA:0,(anonymous_12)
FNDA:0,(anonymous_13)
FNDA:0,(anonymous_14)
FNDA:0,(anonymous_15)
FNDA:0,(anonymous_16)
FNDA:0,(anonymous_17)
FNDA:0,(anonymous_18)
FNDA:0,(anonymous_19)
FNDA:0,(anonymous_20)
FNDA:0,(anonymous_21)
FNDA:0,(anonymous_22)
FNDA:0,(anonymous_23)
FNDA:0,(anonymous_24)
FNDA:0,(anonymous_25)
FNDA:0,(anonymous_26)
FNDA:0,(anonymous_27)
FNDA:0,(anonymous_28)
FNDA:0,(anonymous_29)
FNDA:0,(anonymous_30)
FNDA:0,(anonymous_31)
FNDA:0,(anonymous_32)
FNDA:0,(anonymous_33)
FNDA:0,(anonymous_34)
FNDA:0,(anonymous_35)
FNDA:0,(anonymous_36)
FNDA:0,(anonymous_37)
FNDA:0,(anonymous_38)
FNDA:0,(anonymous_39)
DA:6,0
DA:7,0
DA:37,0
DA:48,0
DA:49,0
DA:50,0
DA:51,0
DA:54,0
DA:55,0
DA:56,0
DA:57,0
DA:58,0
DA:63,0
DA:71,0
DA:81,0
DA:91,0
DA:101,0
DA:111,0
DA:121,0
DA:127,0
DA:128,0
DA:135,0
DA:141,0
DA:142,0
DA:144,0
DA:146,0
DA:158,0
DA:164,0
DA:165,0
DA:167,0
DA:169,0
DA:172,0
DA:174,0
DA:176,0
DA:182,0
DA:188,0
DA:189,0
DA:191,0
DA:192,0
DA:193,0
DA:195,0
DA:197,0
DA:198,0
DA:199,0
DA:201,0
DA:203,0
DA:204,0
DA:205,0
DA:207,0
DA:209,0
DA:210,0
DA:211,0
DA:216,0
DA:217,0
DA:218,0
DA:219,0
DA:224,0
DA:225,0
DA:228,0
DA:230,0
DA:231,0
DA:232,0
DA:233,0
DA:234,0
DA:235,0
DA:239,0
DA:240,0
DA:241,0
DA:242,0
DA:243,0
DA:244,0
DA:248,0
DA:259,0
DA:268,0
DA:294,0
DA:297,0
DA:384,0
LF:77
LH:0
BRDA:55,0,0,0
BRDA:167,1,0,0
BRDA:178,2,0,0
BRDA:178,2,1,0
BRDA:179,3,0,0
BRDA:179,3,1,0
BRDA:189,4,0,0
BRDA:189,4,1,0
BRDA:189,4,2,0
BRDA:189,4,3,0
BRDA:193,5,0,0
BRDA:193,5,1,0
BRDA:199,6,0,0
BRDA:199,6,1,0
BRDA:204,7,0,0
BRDA:218,8,0,0
BRDA:228,9,0,0
BRDA:231,10,0,0
BRDA:231,10,1,0
BRDA:231,10,2,0
BRDA:231,10,3,0
BRDA:240,11,0,0
BRDA:240,11,1,0
BRDA:240,11,2,0
BRDA:240,11,3,0
BRDA:291,12,0,0
BRDA:291,12,1,0
BRDA:298,13,0,0
BRDA:298,13,1,0
BRDA:304,14,0,0
BRDA:304,14,1,0
BRDA:313,15,0,0
BRDA:313,15,1,0
BRDA:319,16,0,0
BRDA:319,16,1,0
BRDA:332,17,0,0
BRDA:332,17,1,0
BRDA:339,18,0,0
BRDA:339,18,1,0
BRF:39
BRH:0
end_of_record
TN:
SF:components/ConfirmModal.tsx
FN:15,(anonymous_9)
FN:30,(anonymous_10)
FN:36,(anonymous_11)
FN:44,(anonymous_12)
FN:54,(anonymous_13)
FN:78,(anonymous_14)
FN:83,(anonymous_15)
FNF:7
FNH:0
FNDA:0,(anonymous_9)
FNDA:0,(anonymous_10)
FNDA:0,(anonymous_11)
FNDA:0,(anonymous_12)
FNDA:0,(anonymous_13)
FNDA:0,(anonymous_14)
FNDA:0,(anonymous_15)
DA:1,0
DA:2,0
DA:15,0
DA:25,0
DA:26,0
DA:27,0
DA:30,0
DA:31,0
DA:33,0
DA:36,0
DA:37,0
DA:41,0
DA:44,0
DA:45,0
DA:47,0
DA:48,0
DA:54,0
DA:55,0
DA:56,0
DA:57,0
DA:61,0
DA:62,0
DA:65,0
DA:66,0
DA:68,0
DA:69,0
DA:70,0
DA:71,0
DA:72,0
DA:73,0
DA:78,0
DA:79,0
DA:80,0
DA:83,0
DA:84,0
DA:85,0
DA:89,0
DA:91,0
DA:112,0
DA:113,0
DA:115,0
DA:189,0
LF:42
LH:0
BRDA:19,0,0,0
BRDA:20,1,0,0
BRDA:21,2,0,0
BRDA:22,3,0,0
BRDA:23,4,0,0
BRDA:31,5,0,0
BRDA:47,6,0,0
BRDA:47,7,0,0
BRDA:47,7,1,0
BRDA:55,8,0,0
BRDA:61,9,0,0
BRDA:61,10,0,0
BRDA:61,10,1,0
BRDA:68,11,0,0
BRDA:68,11,1,0
BRDA:68,12,0,0
BRDA:68,12,1,0
BRDA:71,13,0,0
BRDA:71,14,0,0
BRDA:71,14,1,0
BRDA:84,15,0,0
BRDA:89,16,0,0
BRF:22
BRH:0
end_of_record
TN:
SF:components/Dashboard.tsx
FN:25,(anonymous_9)
FN:29,(anonymous_10)
FN:41,(anonymous_11)
FN:64,(anonymous_12)
FN:67,(anonymous_13)
FN:112,(anonymous_14)
FN:118,(anonymous_15)
FN:120,(anonymous_16)
FN:277,(anonymous_17)
FN:293,(anonymous_18)
FN:314,(anonymous_19)
FNF:11
FNH:0
FNDA:0,(anonymous_9)
FNDA:0,(anonymous_10)
FNDA:0,(anonymous_11)
FNDA:0,(anonymous_12)
FNDA:0,(anonymous_13)
FNDA:0,(anonymous_14)
FNDA:0,(anonymous_15)
FNDA:0,(anonymous_16)
FNDA:0,(anonymous_17)
FNDA:0,(anonymous_18)
FNDA:0,(anonymous_19)
DA:2,0
DA:4,0
DA:8,0
DA:9,0
DA:17,0
DA:25,0
DA:26,0
DA:29,0
DA:30,0
DA:31,0
DA:32,0
DA:34,0
DA:36,0
DA:41,0
DA:42,0
DA:45,0
DA:46,0
DA:47,0
DA:48,0
DA:49,0
DA:51,0
DA:52,0
DA:53,0
DA:56,0
DA:57,0
DA:58,0
DA:59,0
DA:60,0
DA:64,0
DA:67,0
DA:69,0
DA:70,0
DA:73,0
DA:76,0
DA:79,0
DA:80,0
DA:82,0
DA:85,0
DA:86,0
DA:87,0
DA:88,0
DA:89,0
DA:90,0
DA:95,0
DA:96,0
DA:97,0
DA:98,0
DA:99,0
DA:100,0
DA:107,0
DA:111,0
DA:112,0
DA:118,0
DA:120,0
DA:136,0
DA:138,0
DA:278,0
DA:294,0
DA:315,0
DA:338,0
LF:60
LH:0
BRDA:69,0,0,0
BRDA:69,0,1,0
BRDA:79,1,0,0
BRDA:85,2,0,0
BRDA:88,3,0,0
BRDA:96,4,0,0
BRDA:98,5,0,0
BRDA:121,6,0,0
BRDA:121,6,1,0
BRDA:159,7,0,0
BRDA:159,7,1,0
BRDA:197,8,0,0
BRDA:197,8,1,0
BRDA:203,9,0,0
BRDA:203,9,1,0
BRDA:207,10,0,0
BRDA:207,10,1,0
BRDA:210,11,0,0
BRDA:210,11,1,0
BRDA:214,12,0,0
BRDA:214,12,1,0
BRDA:316,13,0,0
BRDA:316,13,1,0
BRDA:316,14,0,0
BRDA:316,14,1,0
BRDA:316,15,0,0
BRDA:316,15,1,0
BRDA:329,16,0,0
BRDA:329,16,1,0
BRF:29
BRH:0
end_of_record
TN:
SF:components/DecreeBookModal.tsx
FN:12,(anonymous_9)
FN:21,(anonymous_10)
FN:23,(anonymous_11)
FN:24,(anonymous_12)
FN:27,(anonymous_13)
FN:28,(anonymous_14)
FN:33,(anonymous_15)
FN:36,(anonymous_16)
FN:44,(anonymous_17)
FN:49,(anonymous_18)
FN:57,(anonymous_19)
FN:69,(anonymous_20)
FN:70,(anonymous_21)
FN:72,(anonymous_22)
FN:73,(anonymous_23)
FN:76,(anonymous_24)
FN:77,(anonymous_25)
FN:93,(anonymous_26)
FN:94,(anonymous_27)
FNF:19
FNH:0
FNDA:0,(anonymous_9)
FNDA:0,(anonymous_10)
FNDA:0,(anonymous_11)
FNDA:0,(anonymous_12)
FNDA:0,(anonymous_13)
FNDA:0,(anonymous_14)
FNDA:0,(anonymous_15)
FNDA:0,(anonymous_16)
FNDA:0,(anonymous_17)
FNDA:0,(anonymous_18)
FNDA:0,(anonymous_19)
FNDA:0,(anonymous_20)
FNDA:0,(anonymous_21)
FNDA:0,(anonymous_22)
FNDA:0,(anonymous_23)
FNDA:0,(anonymous_24)
FNDA:0,(anonymous_25)
FNDA:0,(anonymous_26)
FNDA:0,(anonymous_27)
DA:1,0
DA:3,0
DA:4,0
DA:12,0
DA:13,0
DA:14,0
DA:16,0
DA:17,0
DA:18,0
DA:20,0
DA:21,0
DA:22,0
DA:23,0
DA:24,0
DA:27,0
DA:28,0
DA:29,0
DA:30,0
DA:31,0
DA:33,0
DA:36,0
DA:37,0
DA:38,0
DA:39,0
DA:44,0
DA:47,0
DA:48,0
DA:49,0
DA:52,0
DA:54,0
DA:57,0
DA:69,0
DA:70,0
DA:72,0
DA:73,0
DA:77,0
DA:93,0
DA:94,0
DA:103,0
LF:39
LH:0
BRDA:23,0,0,0
BRDA:23,0,1,0
BRDA:29,1,0,0
BRDA:31,2,0,0
BRDA:31,2,1,0
BRDA:31,2,2,0
BRDA:31,2,3,0
BRDA:33,3,0,0
BRDA:33,3,1,0
BRDA:33,4,0,0
BRDA:33,4,1,0
BRDA:38,5,0,0
BRDA:52,6,0,0
BRDA:77,7,0,0
BRDA:77,7,1,0
BRDA:78,8,0,0
BRDA:78,8,1,0
BRDA:88,9,0,0
BRDA:88,9,1,0
BRF:19
BRH:0
end_of_record
TN:
SF:components/DecreePreviewModal.tsx
FN:13,(anonymous_1)
FN:26,(anonymous_2)
FNF:2
FNH:0
FNDA:0,(anonymous_1)
FNDA:0,(anonymous_2)
DA:1,0
DA:3,0
DA:4,0
DA:13,0
DA:14,0
DA:18,0
DA:21,0
DA:23,0
DA:26,0
DA:192,0
LF:10
LH:0
BRDA:14,0,0,0
BRDA:14,1,0,0
BRDA:14,1,1,0
BRDA:18,2,0,0
BRDA:18,2,1,0
BRDA:19,3,0,0
BRDA:19,3,1,0
BRDA:19,3,2,0
BRDA:79,4,0,0
BRDA:79,4,1,0
BRDA:83,5,0,0
BRDA:83,5,1,0
BRDA:89,6,0,0
BRDA:89,6,1,0
BRDA:149,7,0,0
BRDA:149,7,1,0
BRDA:150,8,0,0
BRDA:150,8,1,0
BRF:18
BRH:0
end_of_record
TN:
SF:components/EmployeeListModal.tsx
FN:46,(anonymous_10)
FN:77,(anonymous_11)
FN:80,(anonymous_12)
FN:81,(anonymous_13)
FN:86,(anonymous_14)
FN:87,(anonymous_15)
FN:90,(anonymous_16)
FN:91,(anonymous_17)
FN:97,(anonymous_18)
FN:114,(anonymous_19)
FN:116,(anonymous_20)
FN:116,(anonymous_21)
FN:117,(anonymous_22)
FN:117,(anonymous_23)
FN:119,(anonymous_24)
FN:125,(anonymous_25)
FN:132,(anonymous_26)
FN:162,(anonymous_27)
FN:186,(anonymous_28)
FN:192,(anonymous_29)
FN:206,(anonymous_30)
FN:215,(anonymous_31)
FN:221,(anonymous_32)
FN:227,(anonymous_33)
FN:232,(anonymous_34)
FN:245,(anonymous_35)
FN:251,(anonymous_36)
FN:256,(anonymous_37)
FN:258,(anonymous_38)
FN:283,(anonymous_39)
FN:288,(anonymous_40)
FN:292,(anonymous_41)
FN:307,(anonymous_42)
FN:313,(anonymous_43)
FN:318,(anonymous_44)
FN:321,(anonymous_45)
FN:350,(anonymous_46)
FN:369,(anonymous_47)
FN:371,(anonymous_48)
FN:378,(anonymous_49)
FN:386,(anonymous_50)
FN:412,(anonymous_51)
FN:459,(anonymous_52)
FN:486,(anonymous_53)
FN:501,(anonymous_54)
FN:504,(anonymous_55)
FN:519,(anonymous_56)
FN:531,(anonymous_57)
FN:562,(anonymous_58)
FN:580,(anonymous_59)
FN:586,(anonymous_60)
FN:596,(anonymous_61)
FN:608,(anonymous_62)
FN:624,(anonymous_63)
FN:723,(anonymous_64)
FN:779,(anonymous_65)
FN:817,(anonymous_66)
FN:818,(anonymous_67)
FN:824,(anonymous_68)
FN:825,(anonymous_69)
FN:830,(anonymous_70)
FN:836,(anonymous_71)
FN:850,(anonymous_72)
FN:858,(anonymous_73)
FN:866,(anonymous_74)
FN:875,(anonymous_75)
FN:891,(anonymous_76)
FN:897,(anonymous_77)
FN:934,(anonymous_78)
FN:934,(anonymous_79)
FN:944,(anonymous_80)
FN:944,(anonymous_81)
FN:962,(anonymous_82)
FN:964,(anonymous_83)
FN:980,(anonymous_84)
FN:995,(anonymous_85)
FNF:76
FNH:0
FNDA:0,(anonymous_10)
FNDA:0,(anonymous_11)
FNDA:0,(anonymous_12)
FNDA:0,(anonymous_13)
FNDA:0,(anonymous_14)
FNDA:0,(anonymous_15)
FNDA:0,(anonymous_16)
FNDA:0,(anonymous_17)
FNDA:0,(anonymous_18)
FNDA:0,(anonymous_19)
FNDA:0,(anonymous_20)
FNDA:0,(anonymous_21)
FNDA:0,(anonymous_22)
FNDA:0,(anonymous_23)
FNDA:0,(anonymous_24)
FNDA:0,(anonymous_25)
FNDA:0,(anonymous_26)
FNDA:0,(anonymous_27)
FNDA:0,(anonymous_28)
FNDA:0,(anonymous_29)
FNDA:0,(anonymous_30)
FNDA:0,(anonymous_31)
FNDA:0,(anonymous_32)
FNDA:0,(anonymous_33)
FNDA:0,(anonymous_34)
FNDA:0,(anonymous_35)
FNDA:0,(anonymous_36)
FNDA:0,(anonymous_37)
FNDA:0,(anonymous_38)
FNDA:0,(anonymous_39)
FNDA:0,(anonymous_40)
FNDA:0,(anonymous_41)
FNDA:0,(anonymous_42)
FNDA:0,(anonymous_43)
FNDA:0,(anonymous_44)
FNDA:0,(anonymous_45)
FNDA:0,(anonymous_46)
FNDA:0,(anonymous_47)
FNDA:0,(anonymous_48)
FNDA:0,(anonymous_49)
FNDA:0,(anonymous_50)
FNDA:0,(anonymous_51)
FNDA:0,(anonymous_52)
FNDA:0,(anonymous_53)
FNDA:0,(anonymous_54)
FNDA:0,(anonymous_55)
FNDA:0,(anonymous_56)
FNDA:0,(anonymous_57)
FNDA:0,(anonymous_58)
FNDA:0,(anonymous_59)
FNDA:0,(anonymous_60)
FNDA:0,(anonymous_61)
FNDA:0,(anonymous_62)
FNDA:0,(anonymous_63)
FNDA:0,(anonymous_64)
FNDA:0,(anonymous_65)
FNDA:0,(anonymous_66)
FNDA:0,(anonymous_67)
FNDA:0,(anonymous_68)
FNDA:0,(anonymous_69)
FNDA:0,(anonymous_70)
FNDA:0,(anonymous_71)
FNDA:0,(anonymous_72)
FNDA:0,(anonymous_73)
FNDA:0,(anonymous_74)
FNDA:0,(anonymous_75)
FNDA:0,(anonymous_76)
FNDA:0,(anonymous_77)
FNDA:0,(anonymous_78)
FNDA:0,(anonymous_79)
FNDA:0,(anonymous_80)
FNDA:0,(anonymous_81)
FNDA:0,(anonymous_82)
FNDA:0,(anonymous_83)
FNDA:0,(anonymous_84)
FNDA:0,(anonymous_85)
DA:2,0
DA:4,0
DA:10,0
DA:11,0
DA:12,0
DA:13,0
DA:15,0
DA:44,0
DA:46,0
DA:57,0
DA:58,0
DA:59,0
DA:60,0
DA:61,0
DA:62,0
DA:63,0
DA:64,0
DA:65,0
DA:67,0
DA:68,0
DA:70,0
DA:72,0
DA:73,0
DA:74,0
DA:77,0
DA:78,0
DA:80,0
DA:81,0
DA:82,0
DA:85,0
DA:86,0
DA:87,0
DA:89,0
DA:90,0
DA:91,0
DA:93,0
DA:97,0
DA:99,0
DA:110,0
DA:114,0
DA:115,0
DA:116,0
DA:117,0
DA:118,0
DA:119,0
DA:121,0
DA:125,0
DA:126,0
DA:127,0
DA:128,0
DA:129,0
DA:131,0
DA:134,0
DA:137,0
DA:139,0
DA:140,0
DA:143,0
DA:144,0
DA:145,0
DA:148,0
DA:149,0
DA:151,0
DA:152,0
DA:153,0
DA:154,0
DA:155,0
DA:156,0
DA:160,0
DA:163,0
DA:164,0
DA:169,0
DA:170,0
DA:171,0
DA:172,0
DA:173,0
DA:174,0
DA:175,0
DA:178,0
DA:179,0
DA:180,0
DA:185,0
DA:186,0
DA:187,0
DA:188,0
DA:192,0
DA:193,0
DA:197,0
DA:204,0
DA:206,0
DA:207,0
DA:208,0
DA:210,0
DA:211,0
DA:215,0
DA:216,0
DA:217,0
DA:218,0
DA:221,0
DA:222,0
DA:223,0
DA:224,0
DA:227,0
DA:228,0
DA:229,0
DA:232,0
DA:233,0
DA:234,0
DA:237,0
DA:241,0
DA:242,0
DA:245,0
DA:246,0
DA:247,0
DA:248,0
DA:251,0
DA:252,0
DA:253,0
DA:256,0
DA:258,0
DA:259,0
DA:260,0
DA:271,0
DA:272,0
DA:273,0
DA:274,0
DA:276,0
DA:278,0
DA:283,0
DA:284,0
DA:285,0
DA:288,0
DA:289,0
DA:292,0
DA:293,0
DA:294,0
DA:297,0
DA:298,0
DA:303,0
DA:304,0
DA:307,0
DA:308,0
DA:309,0
DA:313,0
DA:314,0
DA:315,0
DA:317,0
DA:318,0
DA:319,0
DA:321,0
DA:322,0
DA:323,0
DA:324,0
DA:325,0
DA:326,0
DA:329,0
DA:330,0
DA:331,0
DA:332,0
DA:334,0
DA:335,0
DA:338,0
DA:339,0
DA:341,0
DA:342,0
DA:343,0
DA:345,0
DA:346,0
DA:350,0
DA:351,0
DA:355,0
DA:356,0
DA:359,0
DA:361,0
DA:362,0
DA:366,0
DA:369,0
DA:370,0
DA:371,0
DA:372,0
DA:373,0
DA:374,0
DA:378,0
DA:379,0
DA:380,0
DA:381,0
DA:382,0
DA:383,0
DA:386,0
DA:387,0
DA:388,0
DA:389,0
DA:390,0
DA:391,0
DA:392,0
DA:393,0
DA:396,0
DA:412,0
DA:459,0
DA:486,0
DA:502,0
DA:504,0
DA:519,0
DA:532,0
DA:533,0
DA:534,0
DA:562,0
DA:580,0
DA:586,0
DA:596,0
DA:609,0
DA:612,0
DA:613,0
DA:614,0
DA:616,0
DA:624,0
DA:724,0
DA:725,0
DA:726,0
DA:780,0
DA:817,0
DA:818,0
DA:824,0
DA:825,0
DA:830,0
DA:836,0
DA:850,0
DA:858,0
DA:866,0
DA:875,0
DA:891,0
DA:897,0
DA:934,0
DA:944,0
DA:962,0
DA:964,0
DA:981,0
DA:995,0
DA:1015,0
LF:238
LH:0
BRDA:82,0,0,0
BRDA:82,0,1,0
BRDA:93,1,0,0
BRDA:93,1,1,0
BRDA:105,2,0,0
BRDA:105,2,1,0
BRDA:118,3,0,0
BRDA:118,3,1,0
BRDA:134,4,0,0
BRDA:134,4,1,0
BRDA:137,5,0,0
BRDA:140,6,0,0
BRDA:140,7,0,0
BRDA:140,7,1,0
BRDA:143,8,0,0
BRDA:143,9,0,0
BRDA:143,9,1,0
BRDA:144,10,0,0
BRDA:144,11,0,0
BRDA:144,11,1,0
BRDA:144,11,2,0
BRDA:145,12,0,0
BRDA:145,13,0,0
BRDA:145,13,1,0
BRDA:148,14,0,0
BRDA:149,15,0,0
BRDA:149,15,1,0
BRDA:151,16,0,0
BRDA:151,16,1,0
BRDA:152,17,0,0
BRDA:152,18,0,0
BRDA:152,18,1,0
BRDA:152,18,2,0
BRDA:153,19,0,0
BRDA:153,19,1,0
BRDA:154,20,0,0
BRDA:154,21,0,0
BRDA:154,21,1,0
BRDA:155,22,0,0
BRDA:156,23,0,0
BRDA:156,24,0,0
BRDA:156,24,1,0
BRDA:163,25,0,0
BRDA:163,25,1,0
BRDA:164,26,0,0
BRDA:164,26,1,0
BRDA:169,27,0,0
BRDA:169,27,1,0
BRDA:169,27,2,0
BRDA:169,27,3,0
BRDA:169,27,4,0
BRDA:169,27,5,0
BRDA:178,28,0,0
BRDA:178,29,0,0
BRDA:178,29,1,0
BRDA:179,30,0,0
BRDA:179,31,0,0
BRDA:179,31,1,0
BRDA:204,32,0,0
BRDA:207,33,0,0
BRDA:207,33,1,0
BRDA:208,34,0,0
BRDA:208,34,1,0
BRDA:216,35,0,0
BRDA:217,36,0,0
BRDA:222,37,0,0
BRDA:223,38,0,0
BRDA:228,39,0,0
BRDA:228,40,0,0
BRDA:228,40,1,0
BRDA:229,41,0,0
BRDA:232,42,0,0
BRDA:246,43,0,0
BRDA:259,44,0,0
BRDA:259,44,1,0
BRDA:267,45,0,0
BRDA:267,45,1,0
BRDA:289,46,0,0
BRDA:289,47,0,0
BRDA:289,47,1,0
BRDA:292,48,0,0
BRDA:292,49,0,0
BRDA:292,49,1,0
BRDA:297,50,0,0
BRDA:315,51,0,0
BRDA:332,52,0,0
BRDA:332,53,0,0
BRDA:332,53,1,0
BRDA:338,54,0,0
BRDA:338,55,0,0
BRDA:338,55,1,0
BRDA:339,56,0,0
BRDA:339,56,1,0
BRDA:339,57,0,0
BRDA:339,57,1,0
BRDA:343,58,0,0
BRDA:346,59,0,0
BRDA:346,59,1,0
BRDA:346,59,2,0
BRDA:350,60,0,0
BRDA:350,61,0,0
BRDA:350,61,1,0
BRDA:350,61,2,0
BRDA:366,62,0,0
BRDA:370,63,0,0
BRDA:379,64,0,0
BRDA:381,65,0,0
BRDA:388,66,0,0
BRDA:390,67,0,0
BRDA:446,68,0,0
BRDA:446,68,1,0
BRDA:457,69,0,0
BRDA:457,69,1,0
BRDA:505,70,0,0
BRDA:505,70,1,0
BRDA:506,71,0,0
BRDA:506,71,1,0
BRDA:507,72,0,0
BRDA:507,72,1,0
BRDA:508,73,0,0
BRDA:508,73,1,0
BRDA:573,74,0,0
BRDA:573,74,1,0
BRDA:609,75,0,0
BRDA:609,75,1,0
BRDA:620,76,0,0
BRDA:620,76,1,0
BRDA:624,77,0,0
BRDA:624,77,1,0
BRDA:627,78,0,0
BRDA:627,78,1,0
BRDA:636,79,0,0
BRDA:636,79,1,0
BRDA:669,80,0,0
BRDA:669,80,1,0
BRDA:673,81,0,0
BRDA:673,81,1,0
BRDA:704,82,0,0
BRDA:704,82,1,0
BRDA:712,83,0,0
BRDA:712,83,1,0
BRDA:732,84,0,0
BRDA:732,84,1,0
BRDA:753,85,0,0
BRDA:753,85,1,0
BRDA:773,86,0,0
BRDA:773,86,1,0
BRDA:782,87,0,0
BRDA:782,87,1,0
BRDA:801,88,0,0
BRDA:801,88,1,0
BRDA:808,89,0,0
BRDA:808,89,1,0
BRDA:808,89,2,0
BRDA:848,90,0,0
BRDA:848,90,1,0
BRDA:856,91,0,0
BRDA:856,91,1,0
BRDA:864,92,0,0
BRDA:864,92,1,0
BRDA:864,92,2,0
BRDA:873,93,0,0
BRDA:873,93,1,0
BRDA:884,94,0,0
BRDA:884,94,1,0
BRDA:884,94,2,0
BRDA:911,95,0,0
BRDA:911,95,1,0
BRDA:915,96,0,0
BRDA:915,96,1,0
BRDA:927,97,0,0
BRDA:927,97,1,0
BRDA:931,98,0,0
BRDA:931,98,1,0
BRDA:961,99,0,0
BRDA:961,99,1,0
BRDA:976,100,0,0
BRDA:976,100,1,0
BRDA:986,101,0,0
BRDA:986,101,1,0
BRF:180
BRH:0
end_of_record
TN:
SF:components/EmployeeTimeline.tsx
FN:14,(anonymous_9)
FN:18,(anonymous_10)
FN:20,(anonymous_11)
FN:25,(anonymous_12)
FN:29,(anonymous_13)
FN:33,(anonymous_14)
FN:44,(anonymous_15)
FN:45,(anonymous_16)
FN:88,(anonymous_17)
FN:90,(anonymous_18)
FN:91,(anonymous_19)
FN:92,(anonymous_20)
FN:120,(anonymous_21)
FN:141,(anonymous_22)
FNF:14
FNH:0
FNDA:0,(anonymous_9)
FNDA:0,(anonymous_10)
FNDA:0,(anonymous_11)
FNDA:0,(anonymous_12)
FNDA:0,(anonymous_13)
FNDA:0,(anonymous_14)
FNDA:0,(anonymous_15)
FNDA:0,(anonymous_16)
FNDA:0,(anonymous_17)
FNDA:0,(anonymous_18)
FNDA:0,(anonymous_19)
FNDA:0,(anonymous_20)
FNDA:0,(anonymous_21)
FNDA:0,(anonymous_22)
DA:5,0
DA:7,0
DA:14,0
DA:15,0
DA:18,0
DA:19,0
DA:21,0
DA:22,0
DA:23,0
DA:25,0
DA:29,0
DA:30,0
DA:32,0
DA:33,0
DA:34,0
DA:35,0
DA:37,0
DA:40,0
DA:44,0
DA:45,0
DA:46,0
DA:47,0
DA:49,0
DA:51,0
DA:55,0
DA:56,0
DA:64,0
DA:89,0
DA:90,0
DA:91,0
DA:92,0
DA:94,0
DA:121,0
DA:142,0
DA:144,0
DA:165,0
LF:36
LH:0
BRDA:14,0,0,0
BRDA:21,1,0,0
BRDA:46,2,0,0
BRDA:46,2,1,0
BRDA:55,3,0,0
BRDA:98,4,0,0
BRDA:98,4,1,0
BRDA:99,5,0,0
BRDA:99,5,1,0
BRDA:99,6,0,0
BRDA:99,6,1,0
BRDA:101,7,0,0
BRDA:101,7,1,0
BRDA:107,8,0,0
BRDA:107,8,1,0
BRDA:111,9,0,0
BRDA:111,9,1,0
BRDA:117,10,0,0
BRDA:117,10,1,0
BRDA:122,11,0,0
BRDA:122,11,1,0
BRDA:147,12,0,0
BRDA:147,12,1,0
BRF:23
BRH:0
end_of_record
TN:
SF:components/ErrorBoundary.tsx
FN:16,(anonymous_9)
FN:34,(anonymous_10)
FN:38,(anonymous_11)
FN:25,(anonymous_12)
FN:29,(anonymous_13)
FN:42,(anonymous_14)
FNF:6
FNH:0
FNDA:0,(anonymous_9)
FNDA:0,(anonymous_10)
FNDA:0,(anonymous_11)
FNDA:0,(anonymous_12)
FNDA:0,(anonymous_13)
FNDA:0,(anonymous_14)
DA:1,0
DA:2,0
DA:17,0
DA:18,0
DA:26,0
DA:30,0
DA:31,0
DA:34,0
DA:35,0
DA:38,0
DA:39,0
DA:43,0
DA:44,0
DA:45,0
DA:48,0
DA:108,0
DA:112,0
LF:17
LH:0
BRDA:43,0,0,0
BRDA:44,1,0,0
BRDA:71,2,0,0
BRDA:71,2,1,0
BRF:4
BRH:0
end_of_record
TN:
SF:components/LoginPage.tsx
FN:7,(anonymous_9)
FN:18,(anonymous_10)
FN:99,(anonymous_11)
FN:118,(anonymous_12)
FN:126,(anonymous_13)
FN:140,(anonymous_14)
FN:173,(anonymous_15)
FNF:7
FNH:0
FNDA:0,(anonymous_9)
FNDA:0,(anonymous_10)
FNDA:0,(anonymous_11)
FNDA:0,(anonymous_12)
FNDA:0,(anonymous_13)
FNDA:0,(anonymous_14)
FNDA:0,(anonymous_15)
DA:1,0
DA:2,0
DA:3,0
DA:7,0
DA:8,0
DA:10,0
DA:11,0
DA:12,0
DA:13,0
DA:14,0
DA:15,0
DA:16,0
DA:18,0
DA:19,0
DA:20,0
DA:21,0
DA:22,0
DA:24,0
DA:25,0
DA:26,0
DA:27,0
DA:28,0
DA:29,0
DA:31,0
DA:34,0
DA:35,0
DA:36,0
DA:37,0
DA:39,0
DA:43,0
DA:45,0
DA:49,0
DA:99,0
DA:118,0
DA:126,0
DA:140,0
DA:173,0
DA:201,0
LF:38
LH:0
BRDA:25,0,0,0
BRDA:25,0,1,0
BRDA:27,1,0,0
BRDA:28,2,0,0
BRDA:28,2,1,0
BRDA:34,3,0,0
BRDA:36,4,0,0
BRDA:36,4,1,0
BRDA:70,5,0,0
BRDA:70,5,1,0
BRDA:71,6,0,0
BRDA:71,6,1,0
BRDA:75,7,0,0
BRDA:75,7,1,0
BRDA:82,8,0,0
BRDA:82,8,1,0
BRDA:108,9,0,0
BRDA:108,9,1,0
BRDA:116,10,0,0
BRDA:116,10,1,0
BRDA:129,11,0,0
BRDA:129,11,1,0
BRDA:136,12,0,0
BRDA:136,12,1,0
BRDA:154,13,0,0
BRDA:154,13,1,0
BRDA:161,14,0,0
BRDA:161,14,1,0
BRDA:162,15,0,0
BRDA:162,15,1,0
BRDA:170,16,0,0
BRDA:170,16,1,0
BRDA:182,17,0,0
BRDA:182,17,1,0
BRF:34
BRH:0
end_of_record
TN:
SF:components/LowBalanceModal.tsx
FN:12,(anonymous_9)
FN:13,(anonymous_10)
FN:23,(anonymous_11)
FN:24,(anonymous_12)
FN:27,(anonymous_13)
FN:39,(anonymous_14)
FN:40,(anonymous_15)
FN:43,(anonymous_16)
FN:55,(anonymous_17)
FN:56,(anonymous_18)
FN:65,(anonymous_19)
FN:73,(anonymous_20)
FN:89,(anonymous_21)
FN:137,(anonymous_22)
FNF:14
FNH:0
FNDA:0,(anonymous_9)
FNDA:0,(anonymous_10)
FNDA:0,(anonymous_11)
FNDA:0,(anonymous_12)
FNDA:0,(anonymous_13)
FNDA:0,(anonymous_14)
FNDA:0,(anonymous_15)
FNDA:0,(anonymous_16)
FNDA:0,(anonymous_17)
FNDA:0,(anonymous_18)
FNDA:0,(anonymous_19)
FNDA:0,(anonymous_20)
FNDA:0,(anonymous_21)
FNDA:0,(anonymous_22)
DA:2,0
DA:4,0
DA:12,0
DA:13,0
DA:19,0
DA:22,0
DA:23,0
DA:24,0
DA:26,0
DA:27,0
DA:28,0
DA:29,0
DA:30,0
DA:32,0
DA:33,0
DA:38,0
DA:39,0
DA:40,0
DA:42,0
DA:43,0
DA:44,0
DA:45,0
DA:46,0
DA:48,0
DA:49,0
DA:54,0
DA:55,0
DA:57,0
DA:58,0
DA:59,0
DA:63,0
DA:65,0
DA:66,0
DA:67,0
DA:68,0
DA:69,0
DA:70,0
DA:73,0
DA:74,0
DA:75,0
DA:76,0
DA:77,0
DA:80,0
DA:89,0
DA:138,0
DA:190,0
LF:46
LH:0
BRDA:28,0,0,0
BRDA:29,1,0,0
BRDA:44,2,0,0
BRDA:45,3,0,0
BRDA:55,4,0,0
BRDA:55,4,1,0
BRDA:55,4,2,0
BRDA:55,4,3,0
BRDA:57,5,0,0
BRDA:57,5,1,0
BRDA:57,6,0,0
BRDA:57,6,1,0
BRDA:58,7,0,0
BRDA:58,7,1,0
BRDA:58,8,0,0
BRDA:58,8,1,0
BRDA:63,9,0,0
BRDA:66,10,0,0
BRDA:67,11,0,0
BRDA:68,12,0,0
BRDA:69,13,0,0
BRDA:74,14,0,0
BRDA:75,15,0,0
BRDA:76,16,0,0
BRDA:123,17,0,0
BRDA:123,17,1,0
BRDA:155,18,0,0
BRDA:155,18,1,0
BRDA:155,18,2,0
BRDA:163,19,0,0
BRDA:163,19,1,0
BRDA:163,19,2,0
BRF:32
BRH:0
end_of_record
TN:
SF:components/NotificationCenter.tsx
FN:28,(anonymous_9)
FN:35,(anonymous_10)
FN:42,(anonymous_11)
FN:44,(anonymous_12)
FN:46,(anonymous_13)
FN:83,(anonymous_14)
FN:85,(anonymous_15)
FN:112,(anonymous_16)
FN:113,(anonymous_17)
FN:118,(anonymous_18)
FN:138,(anonymous_19)
FN:158,(anonymous_20)
FN:181,(anonymous_21)
FN:185,(anonymous_22)
FN:186,(anonymous_23)
FN:187,(anonymous_24)
FN:193,(anonymous_25)
FN:203,(anonymous_26)
FN:206,(anonymous_27)
FN:208,(anonymous_28)
FN:214,(anonymous_29)
FN:215,(anonymous_30)
FN:216,(anonymous_31)
FN:220,(anonymous_32)
FN:221,(anonymous_33)
FN:221,(anonymous_34)
FN:225,(anonymous_35)
FN:230,(anonymous_36)
FN:238,(anonymous_37)
FN:239,(anonymous_38)
FN:241,(anonymous_39)
FN:254,(anonymous_40)
FN:270,(anonymous_41)
FN:287,(anonymous_42)
FN:314,(anonymous_43)
FN:322,(anonymous_44)
FN:339,(anonymous_45)
FN:352,(anonymous_46)
FN:355,(anonymous_47)
FN:389,(anonymous_48)
FN:392,(anonymous_49)
FNF:41
FNH:0
FNDA:0,(anonymous_9)
FNDA:0,(anonymous_10)
FNDA:0,(anonymous_11)
FNDA:0,(anonymous_12)
FNDA:0,(anonymous_13)
FNDA:0,(anonymous_14)
FNDA:0,(anonymous_15)
FNDA:0,(anonymous_16)
FNDA:0,(anonymous_17)
FNDA:0,(anonymous_18)
FNDA:0,(anonymous_19)
FNDA:0,(anonymous_20)
FNDA:0,(anonymous_21)
FNDA:0,(anonymous_22)
FNDA:0,(anonymous_23)
FNDA:0,(anonymous_24)
FNDA:0,(anonymous_25)
FNDA:0,(anonymous_26)
FNDA:0,(anonymous_27)
FNDA:0,(anonymous_28)
FNDA:0,(anonymous_29)
FNDA:0,(anonymous_30)
FNDA:0,(anonymous_31)
FNDA:0,(anonymous_32)
FNDA:0,(anonymous_33)
FNDA:0,(anonymous_34)
FNDA:0,(anonymous_35)
FNDA:0,(anonymous_36)
FNDA:0,(anonymous_37)
FNDA:0,(anonymous_38)
FNDA:0,(anonymous_39)
FNDA:0,(anonymous_40)
FNDA:0,(anonymous_41)
FNDA:0,(anonymous_42)
FNDA:0,(anonymous_43)
FNDA:0,(anonymous_44)
FNDA:0,(anonymous_45)
FNDA:0,(anonymous_46)
FNDA:0,(anonymous_47)
FNDA:0,(anonymous_48)
FNDA:0,(anonymous_49)
DA:1,0
DA:3,0
DA:28,0
DA:29,0
DA:30,0
DA:31,0
DA:32,0
DA:35,0
DA:36,0
DA:37,0
DA:38,0
DA:39,0
DA:42,0
DA:44,0
DA:45,0
DA:46,0
DA:48,0
DA:49,0
DA:50,0
DA:53,0
DA:54,0
DA:67,0
DA:68,0
DA:83,0
DA:84,0
DA:85,0
DA:87,0
DA:88,0
DA:89,0
DA:91,0
DA:92,0
DA:108,0
DA:109,0
DA:112,0
DA:113,0
DA:114,0
DA:118,0
DA:119,0
DA:122,0
DA:123,0
DA:138,0
DA:139,0
DA:140,0
DA:141,0
DA:144,0
DA:145,0
DA:158,0
DA:159,0
DA:160,0
DA:164,0
DA:165,0
DA:177,0
DA:181,0
DA:182,0
DA:184,0
DA:185,0
DA:186,0
DA:187,0
DA:189,0
DA:190,0
DA:192,0
DA:193,0
DA:195,0
DA:197,0
DA:203,0
DA:204,0
DA:206,0
DA:208,0
DA:210,0
DA:214,0
DA:215,0
DA:216,0
DA:220,0
DA:221,0
DA:222,0
DA:225,0
DA:226,0
DA:227,0
DA:230,0
DA:231,0
DA:232,0
DA:233,0
DA:234,0
DA:238,0
DA:239,0
DA:241,0
DA:242,0
DA:244,0
DA:246,0
DA:248,0
DA:250,0
DA:254,0
DA:255,0
DA:256,0
DA:258,0
DA:260,0
DA:262,0
DA:264,0
DA:266,0
DA:270,0
DA:271,0
DA:273,0
DA:275,0
DA:277,0
DA:279,0
DA:283,0
DA:287,0
DA:314,0
DA:322,0
DA:339,0
DA:353,0
DA:355,0
DA:390,0
DA:392,0
DA:478,0
LF:115
LH:0
BRDA:45,0,0,0
BRDA:45,0,1,0
BRDA:48,1,0,0
BRDA:53,2,0,0
BRDA:53,2,1,0
BRDA:67,3,0,0
BRDA:84,4,0,0
BRDA:84,4,1,0
BRDA:87,5,0,0
BRDA:89,6,0,0
BRDA:89,6,1,0
BRDA:89,7,0,0
BRDA:89,7,1,0
BRDA:91,8,0,0
BRDA:108,9,0,0
BRDA:114,10,0,0
BRDA:114,10,1,0
BRDA:114,10,2,0
BRDA:122,11,0,0
BRDA:122,12,0,0
BRDA:122,12,1,0
BRDA:144,13,0,0
BRDA:160,14,0,0
BRDA:160,14,1,0
BRDA:164,15,0,0
BRDA:184,16,0,0
BRDA:189,17,0,0
BRDA:193,18,0,0
BRDA:193,18,1,0
BRDA:204,19,0,0
BRDA:204,19,1,0
BRDA:204,19,2,0
BRDA:208,20,0,0
BRDA:208,20,1,0
BRDA:216,21,0,0
BRDA:216,21,1,0
BRDA:232,22,0,0
BRDA:232,23,0,0
BRDA:232,23,1,0
BRDA:239,24,0,0
BRDA:239,24,1,0
BRDA:242,25,0,0
BRDA:242,25,1,0
BRDA:242,25,2,0
BRDA:242,25,3,0
BRDA:255,26,0,0
BRDA:258,27,0,0
BRDA:258,27,1,0
BRDA:258,27,2,0
BRDA:258,27,3,0
BRDA:271,28,0,0
BRDA:271,28,1,0
BRDA:271,28,2,0
BRDA:271,28,3,0
BRDA:288,29,0,0
BRDA:288,29,1,0
BRDA:297,30,0,0
BRDA:297,30,1,0
BRDA:298,31,0,0
BRDA:298,31,1,0
BRDA:300,32,0,0
BRDA:300,32,1,0
BRDA:305,33,0,0
BRDA:305,33,1,0
BRDA:311,34,0,0
BRDA:311,34,1,0
BRDA:334,35,0,0
BRDA:334,35,1,0
BRDA:356,36,0,0
BRDA:356,36,1,0
BRDA:368,37,0,0
BRDA:368,37,1,0
BRDA:387,38,0,0
BRDA:387,38,1,0
BRDA:402,39,0,0
BRDA:402,39,1,0
BRDA:404,40,0,0
BRDA:404,40,1,0
BRDA:406,41,0,0
BRDA:406,41,1,0
BRDA:412,42,0,0
BRDA:412,42,1,0
BRDA:413,43,0,0
BRDA:413,43,1,0
BRDA:425,44,0,0
BRDA:425,44,1,0
BRDA:445,45,0,0
BRDA:445,45,1,0
BRDA:445,46,0,0
BRDA:445,46,1,0
BRF:90
BRH:0
end_of_record
TN:
SF:components/Pagination.tsx
FN:12,(anonymous_9)
FN:21,(anonymous_10)
FN:22,(anonymous_11)
FN:24,(anonymous_12)
FN:30,(anonymous_13)
FN:53,(anonymous_14)
FN:54,(anonymous_15)
FN:55,(anonymous_16)
FN:56,(anonymous_17)
FN:92,(anonymous_18)
FN:96,(anonymous_19)
FNF:11
FNH:0
FNDA:0,(anonymous_9)
FNDA:0,(anonymous_10)
FNDA:0,(anonymous_11)
FNDA:0,(anonymous_12)
FNDA:0,(anonymous_13)
FNDA:0,(anonymous_14)
FNDA:0,(anonymous_15)
FNDA:0,(anonymous_16)
FNDA:0,(anonymous_17)
FNDA:0,(anonymous_18)
FNDA:0,(anonymous_19)
DA:1,0
DA:2,0
DA:12,0
DA:19,0
DA:21,0
DA:22,0
DA:23,0
DA:24,0
DA:27,0
DA:28,0
DA:30,0
DA:31,0
DA:32,0
DA:34,0
DA:35,0
DA:37,0
DA:39,0
DA:41,0
DA:42,0
DA:45,0
DA:47,0
DA:50,0
DA:53,0
DA:54,0
DA:55,0
DA:56,0
DA:58,0
DA:60,0
DA:93,0
DA:96,0
DA:136,0
DA:138,0
LF:32
LH:0
BRDA:32,0,0,0
BRDA:32,0,1,0
BRDA:34,1,0,0
BRDA:34,1,1,0
BRDA:39,2,0,0
BRDA:45,3,0,0
BRDA:58,4,0,0
BRDA:93,5,0,0
BRDA:93,5,1,0
BRDA:97,6,0,0
BRDA:97,6,1,0
BRF:11
BRH:0
end_of_record
TN:
SF:components/PermitForm.tsx
FN:14,(anonymous_9)
FN:22,(anonymous_10)
FN:46,(anonymous_11)
FN:88,(anonymous_12)
FN:89,(anonymous_13)
FN:95,(anonymous_14)
FN:98,(anonymous_15)
FN:105,(anonymous_16)
FN:113,(anonymous_17)
FN:115,(anonymous_18)
FN:122,(anonymous_19)
FN:125,(anonymous_20)
FN:126,(anonymous_21)
FN:130,(anonymous_22)
FN:134,(anonymous_23)
FN:140,(anonymous_24)
FN:157,(anonymous_25)
FN:161,(anonymous_26)
FN:163,(anonymous_27)
FN:166,(anonymous_28)
FN:167,(anonymous_29)
FN:169,(anonymous_30)
FN:178,(anonymous_31)
FN:193,(anonymous_32)
FN:203,(anonymous_33)
FN:210,(anonymous_34)
FN:211,(anonymous_35)
FN:213,(anonymous_36)
FN:218,(anonymous_37)
FN:226,(anonymous_38)
FN:254,(anonymous_39)
FN:256,(anonymous_40)
FN:259,(anonymous_41)
FN:262,(anonymous_42)
FN:273,(anonymous_43)
FN:279,(anonymous_44)
FN:300,(anonymous_45)
FN:367,(anonymous_46)
FN:413,(anonymous_47)
FN:452,(anonymous_48)
FN:456,(anonymous_49)
FN:456,(anonymous_50)
FN:485,(anonymous_51)
FN:486,(anonymous_52)
FN:491,(anonymous_53)
FN:498,(anonymous_54)
FN:499,(anonymous_55)
FN:641,(anonymous_56)
FN:645,(anonymous_57)
FN:645,(anonymous_58)
FNF:50
FNH:0
FNDA:0,(anonymous_9)
FNDA:0,(anonymous_10)
FNDA:0,(anonymous_11)
FNDA:0,(anonymous_12)
FNDA:0,(anonymous_13)
FNDA:0,(anonymous_14)
FNDA:0,(anonymous_15)
FNDA:0,(anonymous_16)
FNDA:0,(anonymous_17)
FNDA:0,(anonymous_18)
FNDA:0,(anonymous_19)
FNDA:0,(anonymous_20)
FNDA:0,(anonymous_21)
FNDA:0,(anonymous_22)
FNDA:0,(anonymous_23)
FNDA:0,(anonymous_24)
FNDA:0,(anonymous_25)
FNDA:0,(anonymous_26)
FNDA:0,(anonymous_27)
FNDA:0,(anonymous_28)
FNDA:0,(anonymous_29)
FNDA:0,(anonymous_30)
FNDA:0,(anonymous_31)
FNDA:0,(anonymous_32)
FNDA:0,(anonymous_33)
FNDA:0,(anonymous_34)
FNDA:0,(anonymous_35)
FNDA:0,(anonymous_36)
FNDA:0,(anonymous_37)
FNDA:0,(anonymous_38)
FNDA:0,(anonymous_39)
FNDA:0,(anonymous_40)
FNDA:0,(anonymous_41)
FNDA:0,(anonymous_42)
FNDA:0,(anonymous_43)
FNDA:0,(anonymous_44)
FNDA:0,(anonymous_45)
FNDA:0,(anonymous_46)
FNDA:0,(anonymous_47)
FNDA:0,(anonymous_48)
FNDA:0,(anonymous_49)
FNDA:0,(anonymous_50)
FNDA:0,(anonymous_51)
FNDA:0,(anonymous_52)
FNDA:0,(anonymous_53)
FNDA:0,(anonymous_54)
FNDA:0,(anonymous_55)
FNDA:0,(anonymous_56)
FNDA:0,(anonymous_57)
FNDA:0,(anonymous_58)
DA:2,0
DA:4,0
DA:5,0
DA:6,0
DA:10,0
DA:11,0
DA:14,0
DA:15,0
DA:16,0
DA:17,0
DA:18,0
DA:22,0
DA:23,0
DA:24,0
DA:25,0
DA:26,0
DA:46,0
DA:47,0
DA:48,0
DA:49,0
DA:51,0
DA:78,0
DA:79,0
DA:80,0
DA:81,0
DA:82,0
DA:83,0
DA:85,0
DA:86,0
DA:88,0
DA:89,0
DA:90,0
DA:91,0
DA:94,0
DA:95,0
DA:98,0
DA:99,0
DA:100,0
DA:101,0
DA:102,0
DA:105,0
DA:113,0
DA:114,0
DA:115,0
DA:122,0
DA:123,0
DA:124,0
DA:125,0
DA:126,0
DA:128,0
DA:129,0
DA:130,0
DA:131,0
DA:133,0
DA:134,0
DA:135,0
DA:140,0
DA:141,0
DA:143,0
DA:144,0
DA:147,0
DA:148,0
DA:150,0
DA:151,0
DA:152,0
DA:154,0
DA:157,0
DA:158,0
DA:159,0
DA:160,0
DA:161,0
DA:162,0
DA:163,0
DA:166,0
DA:167,0
DA:168,0
DA:169,0
DA:170,0
DA:171,0
DA:173,0
DA:174,0
DA:178,0
DA:179,0
DA:180,0
DA:181,0
DA:182,0
DA:184,0
DA:186,0
DA:187,0
DA:188,0
DA:189,0
DA:190,0
DA:192,0
DA:193,0
DA:201,0
DA:202,0
DA:204,0
DA:205,0
DA:209,0
DA:210,0
DA:211,0
DA:212,0
DA:213,0
DA:214,0
DA:218,0
DA:220,0
DA:221,0
DA:224,0
DA:226,0
DA:246,0
DA:248,0
DA:250,0
DA:254,0
DA:255,0
DA:256,0
DA:257,0
DA:258,0
DA:259,0
DA:262,0
DA:263,0
DA:267,0
DA:268,0
DA:269,0
DA:270,0
DA:273,0
DA:274,0
DA:275,0
DA:276,0
DA:279,0
DA:280,0
DA:284,0
DA:285,0
DA:287,0
DA:288,0
DA:289,0
DA:292,0
DA:293,0
DA:294,0
DA:297,0
DA:300,0
DA:301,0
DA:302,0
DA:303,0
DA:304,0
DA:305,0
DA:306,0
DA:307,0
DA:308,0
DA:310,0
DA:311,0
DA:312,0
DA:316,0
DA:317,0
DA:318,0
DA:319,0
DA:320,0
DA:321,0
DA:326,0
DA:327,0
DA:334,0
DA:335,0
DA:336,0
DA:337,0
DA:338,0
DA:339,0
DA:340,0
DA:344,0
DA:345,0
DA:346,0
DA:347,0
DA:348,0
DA:353,0
DA:356,0
DA:357,0
DA:358,0
DA:360,0
DA:361,0
DA:363,0
DA:367,0
DA:368,0
DA:378,0
DA:413,0
DA:453,0
DA:456,0
DA:485,0
DA:486,0
DA:491,0
DA:499,0
DA:642,0
DA:645,0
DA:828,0
LF:191
LH:0
BRDA:15,0,0,0
BRDA:18,1,0,0
BRDA:18,1,1,0
BRDA:23,2,0,0
BRDA:90,3,0,0
BRDA:90,4,0,0
BRDA:90,4,1,0
BRDA:99,5,0,0
BRDA:99,5,1,0
BRDA:114,6,0,0
BRDA:123,7,0,0
BRDA:123,8,0,0
BRDA:123,8,1,0
BRDA:125,9,0,0
BRDA:125,9,1,0
BRDA:128,10,0,0
BRDA:128,10,1,0
BRDA:141,11,0,0
BRDA:141,11,1,0
BRDA:141,11,2,0
BRDA:141,11,3,0
BRDA:143,12,0,0
BRDA:143,13,0,0
BRDA:143,13,1,0
BRDA:147,14,0,0
BRDA:147,15,0,0
BRDA:147,15,1,0
BRDA:150,16,0,0
BRDA:151,17,0,0
BRDA:160,18,0,0
BRDA:160,18,1,0
BRDA:180,19,0,0
BRDA:180,20,0,0
BRDA:180,20,1,0
BRDA:186,21,0,0
BRDA:186,21,1,0
BRDA:189,22,0,0
BRDA:189,23,0,0
BRDA:189,23,1,0
BRDA:190,24,0,0
BRDA:190,24,1,0
BRDA:196,25,0,0
BRDA:196,25,1,0
BRDA:197,26,0,0
BRDA:197,26,1,0
BRDA:210,27,0,0
BRDA:210,27,1,0
BRDA:212,28,0,0
BRDA:213,29,0,0
BRDA:213,29,1,0
BRDA:218,30,0,0
BRDA:218,30,1,0
BRDA:218,31,0,0
BRDA:218,31,1,0
BRDA:221,32,0,0
BRDA:221,32,1,0
BRDA:224,33,0,0
BRDA:224,33,1,0
BRDA:224,33,2,0
BRDA:224,34,0,0
BRDA:224,34,1,0
BRDA:224,34,2,0
BRDA:229,35,0,0
BRDA:229,35,1,0
BRDA:230,36,0,0
BRDA:230,36,1,0
BRDA:232,37,0,0
BRDA:232,37,1,0
BRDA:233,38,0,0
BRDA:233,38,1,0
BRDA:233,38,2,0
BRDA:234,39,0,0
BRDA:234,39,1,0
BRDA:234,39,2,0
BRDA:236,40,0,0
BRDA:236,40,1,0
BRDA:237,41,0,0
BRDA:237,41,1,0
BRDA:238,42,0,0
BRDA:238,42,1,0
BRDA:238,42,2,0
BRDA:240,43,0,0
BRDA:240,43,1,0
BRDA:241,44,0,0
BRDA:241,44,1,0
BRDA:242,45,0,0
BRDA:242,45,1,0
BRDA:242,45,2,0
BRDA:250,46,0,0
BRDA:263,47,0,0
BRDA:263,47,1,0
BRDA:269,48,0,0
BRDA:269,48,1,0
BRDA:269,49,0,0
BRDA:269,49,1,0
BRDA:270,50,0,0
BRDA:270,50,1,0
BRDA:270,51,0,0
BRDA:270,51,1,0
BRDA:280,52,0,0
BRDA:280,52,1,0
BRDA:285,53,0,0
BRDA:292,54,0,0
BRDA:292,54,1,0
BRDA:293,55,0,0
BRDA:303,56,0,0
BRDA:304,57,0,0
BRDA:304,57,1,0
BRDA:305,58,0,0
BRDA:306,59,0,0
BRDA:306,59,1,0
BRDA:307,60,0,0
BRDA:307,60,1,0
BRDA:308,61,0,0
BRDA:310,62,0,0
BRDA:311,63,0,0
BRDA:311,63,1,0
BRDA:312,64,0,0
BRDA:316,65,0,0
BRDA:316,66,0,0
BRDA:316,66,1,0
BRDA:317,67,0,0
BRDA:326,68,0,0
BRDA:326,69,0,0
BRDA:326,69,1,0
BRDA:334,70,0,0
BRDA:336,71,0,0
BRDA:336,71,1,0
BRDA:344,72,0,0
BRDA:348,73,0,0
BRDA:348,73,1,0
BRDA:350,74,0,0
BRDA:350,74,1,0
BRDA:358,75,0,0
BRDA:369,76,0,0
BRDA:369,76,1,0
BRDA:370,77,0,0
BRDA:370,77,1,0
BRDA:372,78,0,0
BRDA:372,78,1,0
BRDA:384,79,0,0
BRDA:384,79,1,0
BRDA:390,80,0,0
BRDA:390,80,1,0
BRDA:390,81,0,0
BRDA:390,81,1,0
BRDA:392,82,0,0
BRDA:392,82,1,0
BRDA:396,83,0,0
BRDA:396,83,1,0
BRDA:397,84,0,0
BRDA:397,84,1,0
BRDA:397,85,0,0
BRDA:397,85,1,0
BRDA:401,86,0,0
BRDA:401,86,1,0
BRDA:404,87,0,0
BRDA:404,87,1,0
BRDA:404,88,0,0
BRDA:404,88,1,0
BRDA:410,89,0,0
BRDA:410,89,1,0
BRDA:418,90,0,0
BRDA:418,90,1,0
BRDA:422,91,0,0
BRDA:422,91,1,0
BRDA:433,92,0,0
BRDA:433,92,1,0
BRDA:440,93,0,0
BRDA:440,93,1,0
BRDA:440,93,2,0
BRDA:457,94,0,0
BRDA:457,94,1,0
BRDA:458,95,0,0
BRDA:458,95,1,0
BRDA:464,96,0,0
BRDA:464,96,1,0
BRDA:478,97,0,0
BRDA:478,97,1,0
BRDA:489,98,0,0
BRDA:489,98,1,0
BRDA:492,99,0,0
BRDA:492,99,1,0
BRDA:495,100,0,0
BRDA:495,100,1,0
BRDA:498,101,0,0
BRDA:498,101,1,0
BRDA:521,102,0,0
BRDA:521,102,1,0
BRDA:527,103,0,0
BRDA:527,103,1,0
BRDA:528,104,0,0
BRDA:528,104,1,0
BRDA:530,105,0,0
BRDA:530,105,1,0
BRDA:530,105,2,0
BRDA:564,106,0,0
BRDA:564,106,1,0
BRDA:580,107,0,0
BRDA:580,107,1,0
BRDA:588,108,0,0
BRDA:588,108,1,0
BRDA:598,109,0,0
BRDA:598,109,1,0
BRDA:605,110,0,0
BRDA:605,110,1,0
BRDA:612,111,0,0
BRDA:612,111,1,0
BRDA:614,112,0,0
BRDA:614,112,1,0
BRDA:615,113,0,0
BRDA:615,113,1,0
BRDA:616,114,0,0
BRDA:616,114,1,0
BRDA:631,115,0,0
BRDA:631,115,1,0
BRDA:646,116,0,0
BRDA:646,116,1,0
BRDA:658,117,0,0
BRDA:658,117,1,0
BRDA:659,118,0,0
BRDA:659,118,1,0
BRDA:662,119,0,0
BRDA:662,119,1,0
BRDA:669,120,0,0
BRDA:669,120,1,0
BRDA:679,121,0,0
BRDA:679,121,1,0
BRDA:689,122,0,0
BRDA:689,122,1,0
BRDA:696,123,0,0
BRDA:696,123,1,0
BRDA:703,124,0,0
BRDA:703,124,1,0
BRDA:705,125,0,0
BRDA:705,125,1,0
BRDA:706,126,0,0
BRDA:706,126,1,0
BRDA:715,127,0,0
BRDA:715,127,1,0
BRDA:720,128,0,0
BRDA:720,128,1,0
BRDA:722,129,0,0
BRDA:722,129,1,0
BRDA:724,130,0,0
BRDA:724,130,1,0
BRDA:752,131,0,0
BRDA:752,131,1,0
BRDA:756,132,0,0
BRDA:756,132,1,0
BRDA:760,133,0,0
BRDA:760,133,1,0
BRDA:779,134,0,0
BRDA:779,134,1,0
BRDA:783,135,0,0
BRDA:783,135,1,0
BRDA:787,136,0,0
BRDA:787,136,1,0
BRDA:811,137,0,0
BRDA:811,137,1,0
BRDA:813,138,0,0
BRDA:813,138,1,0
BRDA:818,139,0,0
BRDA:818,139,1,0
BRDA:819,140,0,0
BRDA:819,140,1,0
BRF:266
BRH:0
end_of_record
TN:
SF:components/PermitTable.tsx
FN:28,(anonymous_10)
FN:41,(anonymous_11)
FN:51,(anonymous_12)
FN:52,(anonymous_13)
FN:68,(anonymous_14)
FN:93,(anonymous_15)
FN:98,(anonymous_16)
FN:103,(anonymous_17)
FN:104,(anonymous_18)
FN:115,(anonymous_19)
FN:119,(anonymous_20)
FN:123,(anonymous_21)
FN:128,(anonymous_22)
FN:129,(anonymous_23)
FN:136,(anonymous_24)
FN:147,(anonymous_25)
FN:154,(anonymous_26)
FN:158,(anonymous_27)
FN:162,(anonymous_28)
FN:166,(anonymous_29)
FN:224,(anonymous_30)
FN:232,(anonymous_31)
FN:255,(anonymous_32)
FN:261,(anonymous_33)
FN:267,(anonymous_34)
FN:280,(anonymous_35)
FN:286,(anonymous_36)
FN:292,(anonymous_37)
FN:305,(anonymous_38)
FN:316,(anonymous_39)
FN:326,(anonymous_40)
FNF:31
FNH:0
FNDA:0,(anonymous_10)
FNDA:0,(anonymous_11)
FNDA:0,(anonymous_12)
FNDA:0,(anonymous_13)
FNDA:0,(anonymous_14)
FNDA:0,(anonymous_15)
FNDA:0,(anonymous_16)
FNDA:0,(anonymous_17)
FNDA:0,(anonymous_18)
FNDA:0,(anonymous_19)
FNDA:0,(anonymous_20)
FNDA:0,(anonymous_21)
FNDA:0,(anonymous_22)
FNDA:0,(anonymous_23)
FNDA:0,(anonymous_24)
FNDA:0,(anonymous_25)
FNDA:0,(anonymous_26)
FNDA:0,(anonymous_27)
FNDA:0,(anonymous_28)
FNDA:0,(anonymous_29)
FNDA:0,(anonymous_30)
FNDA:0,(anonymous_31)
FNDA:0,(anonymous_32)
FNDA:0,(anonymous_33)
FNDA:0,(anonymous_34)
FNDA:0,(anonymous_35)
FNDA:0,(anonymous_36)
FNDA:0,(anonymous_37)
FNDA:0,(anonymous_38)
FNDA:0,(anonymous_39)
FNDA:0,(anonymous_40)
DA:2,0
DA:4,0
DA:5,0
DA:6,0
DA:7,0
DA:8,0
DA:9,0
DA:10,0
DA:11,0
DA:12,0
DA:26,0
DA:28,0
DA:29,0
DA:30,0
DA:31,0
DA:32,0
DA:33,0
DA:34,0
DA:37,0
DA:38,0
DA:39,0
DA:41,0
DA:42,0
DA:43,0
DA:45,0
DA:46,0
DA:48,0
DA:51,0
DA:52,0
DA:53,0
DA:55,0
DA:58,0
DA:60,0
DA:61,0
DA:62,0
DA:63,0
DA:64,0
DA:65,0
DA:67,0
DA:69,0
DA:74,0
DA:75,0
DA:76,0
DA:77,0
DA:78,0
DA:79,0
DA:80,0
DA:81,0
DA:82,0
DA:85,0
DA:86,0
DA:87,0
DA:91,0
DA:92,0
DA:93,0
DA:94,0
DA:95,0
DA:98,0
DA:99,0
DA:103,0
DA:104,0
DA:105,0
DA:106,0
DA:107,0
DA:109,0
DA:111,0
DA:115,0
DA:116,0
DA:117,0
DA:119,0
DA:123,0
DA:124,0
DA:128,0
DA:129,0
DA:130,0
DA:132,0
DA:133,0
DA:135,0
DA:136,0
DA:137,0
DA:140,0
DA:142,0
DA:143,0
DA:147,0
DA:148,0
DA:149,0
DA:154,0
DA:155,0
DA:158,0
DA:159,0
DA:162,0
DA:163,0
DA:166,0
DA:167,0
DA:168,0
DA:169,0
DA:173,0
DA:224,0
DA:232,0
DA:255,0
DA:261,0
DA:267,0
DA:280,0
DA:286,0
DA:292,0
DA:305,0
DA:317,0
DA:318,0
DA:326,0
DA:483,0
LF:110
LH:0
BRDA:28,0,0,0
BRDA:28,1,0,0
BRDA:42,2,0,0
BRDA:42,2,1,0
BRDA:43,3,0,0
BRDA:43,3,1,0
BRDA:55,4,0,0
BRDA:55,4,1,0
BRDA:55,4,2,0
BRDA:58,5,0,0
BRDA:58,5,1,0
BRDA:61,6,0,0
BRDA:61,7,0,0
BRDA:61,7,1,0
BRDA:62,8,0,0
BRDA:62,9,0,0
BRDA:62,9,1,0
BRDA:63,10,0,0
BRDA:63,11,0,0
BRDA:63,11,1,0
BRDA:64,12,0,0
BRDA:64,13,0,0
BRDA:64,13,1,0
BRDA:65,14,0,0
BRDA:65,15,0,0
BRDA:65,15,1,0
BRDA:67,16,0,0
BRDA:67,16,1,0
BRDA:67,16,2,0
BRDA:69,17,0,0
BRDA:74,18,0,0
BRDA:74,18,1,0
BRDA:74,18,2,0
BRDA:74,18,3,0
BRDA:74,18,4,0
BRDA:74,18,5,0
BRDA:74,18,6,0
BRDA:74,18,7,0
BRDA:81,19,0,0
BRDA:81,19,1,0
BRDA:81,20,0,0
BRDA:81,20,1,0
BRDA:81,21,0,0
BRDA:81,21,1,0
BRDA:81,22,0,0
BRDA:81,22,1,0
BRDA:85,23,0,0
BRDA:85,24,0,0
BRDA:85,24,1,0
BRDA:86,25,0,0
BRDA:86,26,0,0
BRDA:86,26,1,0
BRDA:106,27,0,0
BRDA:106,27,1,0
BRDA:116,28,0,0
BRDA:116,28,1,0
BRDA:130,29,0,0
BRDA:148,30,0,0
BRDA:149,31,0,0
BRDA:149,31,1,0
BRDA:167,32,0,0
BRDA:176,33,0,0
BRDA:176,33,1,0
BRDA:179,34,0,0
BRDA:179,34,1,0
BRDA:188,35,0,0
BRDA:188,35,1,0
BRDA:207,36,0,0
BRDA:207,36,1,0
BRDA:247,37,0,0
BRDA:247,37,1,0
BRDA:247,38,0,0
BRDA:247,38,1,0
BRDA:272,39,0,0
BRDA:272,39,1,0
BRDA:272,39,2,0
BRDA:297,40,0,0
BRDA:297,40,1,0
BRDA:297,40,2,0
BRDA:321,41,0,0
BRDA:321,41,1,0
BRDA:329,42,0,0
BRDA:329,42,1,0
BRDA:359,43,0,0
BRDA:359,43,1,0
BRDA:366,44,0,0
BRDA:366,44,1,0
BRDA:366,44,2,0
BRDA:368,45,0,0
BRDA:368,45,1,0
BRDA:370,46,0,0
BRDA:370,46,1,0
BRDA:375,47,0,0
BRDA:375,47,1,0
BRDA:380,48,0,0
BRDA:380,48,1,0
BRDA:380,48,2,0
BRDA:396,49,0,0
BRDA:396,49,1,0
BRDA:408,50,0,0
BRDA:408,50,1,0
BRDA:408,50,2,0
BRDA:411,51,0,0
BRDA:411,51,1,0
BRDA:417,52,0,0
BRDA:417,52,1,0
BRDA:424,53,0,0
BRDA:424,53,1,0
BRDA:425,54,0,0
BRDA:425,54,1,0
BRDA:434,55,0,0
BRDA:434,55,1,0
BRDA:451,56,0,0
BRDA:451,56,1,0
BRDA:466,57,0,0
BRDA:466,57,1,0
BRDA:467,58,0,0
BRDA:467,58,1,0
BRDA:467,59,0,0
BRDA:467,59,1,0
BRF:120
BRH:0
end_of_record
TN:
SF:components/StatsCards.tsx
FN:11,(anonymous_9)
FN:12,(anonymous_10)
FN:13,(anonymous_11)
FN:14,(anonymous_12)
FN:15,(anonymous_13)
FN:16,(anonymous_14)
FN:17,(anonymous_15)
FN:61,(anonymous_16)
FNF:8
FNH:0
FNDA:0,(anonymous_9)
FNDA:0,(anonymous_10)
FNDA:0,(anonymous_11)
FNDA:0,(anonymous_12)
FNDA:0,(anonymous_13)
FNDA:0,(anonymous_14)
FNDA:0,(anonymous_15)
FNDA:0,(anonymous_16)
DA:2,0
DA:4,0
DA:11,0
DA:12,0
DA:13,0
DA:14,0
DA:15,0
DA:16,0
DA:17,0
DA:19,0
DA:59,0
DA:62,0
DA:86,0
DA:88,0
LF:14
LH:0
BRF:0
BRH:0
end_of_record
TN:
SF:components/ThemeSelector.tsx
FN:10,(anonymous_1)
FN:35,(anonymous_2)
FN:70,(anonymous_3)
FN:77,(anonymous_4)
FNF:4
FNH:0
FNDA:0,(anonymous_1)
FNDA:0,(anonymous_2)
FNDA:0,(anonymous_3)
FNDA:0,(anonymous_4)
DA:1,0
DA:2,0
DA:3,0
DA:10,0
DA:11,0
DA:13,0
DA:15,0
DA:24,0
DA:35,0
DA:71,0
DA:72,0
DA:74,0
DA:77,0
DA:128,0
LF:14
LH:0
BRDA:13,0,0,0
BRDA:78,1,0,0
BRDA:78,1,1,0
BRDA:87,2,0,0
BRDA:87,2,1,0
BRDA:93,3,0,0
BRDA:93,3,1,0
BRF:7
BRH:0
end_of_record
TN:
SF:components/Toast.tsx
FN:19,(anonymous_9)
FN:22,(anonymous_10)
FN:24,(anonymous_11)
FN:26,(anonymous_12)
FN:28,(anonymous_13)
FN:31,(anonymous_14)
FN:33,(anonymous_15)
FN:94,(anonymous_16)
FN:102,(anonymous_17)
FN:114,(anonymous_18)
FN:117,(anonymous_19)
FN:119,(anonymous_20)
FN:123,(anonymous_21)
FN:124,(anonymous_22)
FN:124,(anonymous_23)
FN:128,(anonymous_24)
FN:129,(anonymous_25)
FN:130,(anonymous_26)
FN:131,(anonymous_27)
FNF:19
FNH:0
FNDA:0,(anonymous_9)
FNDA:0,(anonymous_10)
FNDA:0,(anonymous_11)
FNDA:0,(anonymous_12)
FNDA:0,(anonymous_13)
FNDA:0,(anonymous_14)
FNDA:0,(anonymous_15)
FNDA:0,(anonymous_16)
FNDA:0,(anonymous_17)
FNDA:0,(anonymous_18)
FNDA:0,(anonymous_19)
FNDA:0,(anonymous_20)
FNDA:0,(anonymous_21)
FNDA:0,(anonymous_22)
FNDA:0,(anonymous_23)
FNDA:0,(anonymous_24)
FNDA:0,(anonymous_25)
FNDA:0,(anonymous_26)
FNDA:0,(anonymous_27)
DA:1,0
DA:2,0
DA:19,0
DA:20,0
DA:22,0
DA:23,0
DA:24,0
DA:25,0
DA:26,0
DA:28,0
DA:31,0
DA:32,0
DA:33,0
DA:36,0
DA:43,0
DA:50,0
DA:57,0
DA:59,0
DA:86,0
DA:94,0
DA:95,0
DA:103,0
DA:111,0
DA:114,0
DA:115,0
DA:117,0
DA:118,0
DA:119,0
DA:120,0
DA:123,0
DA:124,0
DA:127,0
DA:128,0
DA:129,0
DA:130,0
DA:131,0
DA:134,0
DA:137,0
LF:38
LH:0
BRDA:23,0,0,0
BRDA:23,0,1,0
BRDA:64,1,0,0
BRDA:64,1,1,0
BRDA:71,2,0,0
BRDA:71,2,1,0
BRF:6
BRH:0
end_of_record
TN:
SF:components/PermitForm/EmployeeSection.tsx
FN:24,(anonymous_9)
FN:39,(anonymous_10)
FN:40,(anonymous_11)
FN:46,(anonymous_12)
FN:49,(anonymous_13)
FN:54,(anonymous_14)
FN:85,(anonymous_15)
FN:86,(anonymous_16)
FN:95,(anonymous_17)
FN:109,(anonymous_18)
FN:112,(anonymous_19)
FN:170,(anonymous_20)
FN:182,(anonymous_21)
FNF:13
FNH:0
FNDA:0,(anonymous_9)
FNDA:0,(anonymous_10)
FNDA:0,(anonymous_11)
FNDA:0,(anonymous_12)
FNDA:0,(anonymous_13)
FNDA:0,(anonymous_14)
FNDA:0,(anonymous_15)
FNDA:0,(anonymous_16)
FNDA:0,(anonymous_17)
FNDA:0,(anonymous_18)
FNDA:0,(anonymous_19)
FNDA:0,(anonymous_20)
FNDA:0,(anonymous_21)
DA:1,0
DA:2,0
DA:4,0
DA:24,0
DA:36,0
DA:37,0
DA:39,0
DA:40,0
DA:41,0
DA:42,0
DA:45,0
DA:46,0
DA:49,0
DA:50,0
DA:54,0
DA:55,0
DA:56,0
DA:59,0
DA:85,0
DA:86,0
DA:95,0
DA:110,0
DA:112,0
DA:170,0
DA:182,0
DA:194,0
LF:26
LH:0
BRDA:41,0,0,0
BRDA:41,1,0,0
BRDA:41,1,1,0
BRDA:50,2,0,0
BRDA:50,2,1,0
BRDA:77,3,0,0
BRDA:77,3,1,0
BRDA:89,4,0,0
BRDA:89,4,1,0
BRDA:91,5,0,0
BRDA:91,5,1,0
BRDA:97,6,0,0
BRDA:97,6,1,0
BRDA:99,7,0,0
BRDA:99,7,1,0
BRDA:102,8,0,0
BRDA:102,8,1,0
BRDA:109,9,0,0
BRDA:109,9,1,0
BRDA:141,10,0,0
BRDA:141,10,1,0
BRDA:148,11,0,0
BRDA:148,11,1,0
BRDA:149,12,0,0
BRDA:149,12,1,0
BRDA:151,13,0,0
BRDA:151,13,1,0
BRDA:153,14,0,0
BRDA:153,14,1,0
BRDA:153,14,2,0
BRF:30
BRH:0
end_of_record
TN:
SF:components/PermitForm/FLSection.tsx
FN:5,(anonymous_1)
FN:13,(anonymous_2)
FN:39,(anonymous_3)
FN:81,(anonymous_4)
FN:99,(anonymous_5)
FN:120,(anonymous_6)
FN:139,(anonymous_7)
FN:159,(anonymous_8)
FN:172,(anonymous_9)
FN:184,(anonymous_10)
FN:214,(anonymous_11)
FN:227,(anonymous_12)
FN:239,(anonymous_13)
FNF:13
FNH:0
FNDA:0,(anonymous_1)
FNDA:0,(anonymous_2)
FNDA:0,(anonymous_3)
FNDA:0,(anonymous_4)
FNDA:0,(anonymous_5)
FNDA:0,(anonymous_6)
FNDA:0,(anonymous_7)
FNDA:0,(anonymous_8)
FNDA:0,(anonymous_9)
FNDA:0,(anonymous_10)
FNDA:0,(anonymous_11)
FNDA:0,(anonymous_12)
FNDA:0,(anonymous_13)
DA:1,0
DA:2,0
DA:5,0
DA:6,0
DA:7,0
DA:8,0
DA:9,0
DA:13,0
DA:14,0
DA:15,0
DA:16,0
DA:17,0
DA:39,0
DA:53,0
DA:54,0
DA:56,0
DA:81,0
DA:99,0
DA:120,0
DA:139,0
DA:159,0
DA:172,0
DA:184,0
DA:214,0
DA:227,0
DA:239,0
DA:267,0
LF:27
LH:0
BRDA:6,0,0,0
BRDA:9,1,0,0
BRDA:9,1,1,0
BRDA:14,2,0,0
BRDA:73,3,0,0
BRDA:73,3,1,0
BRDA:85,4,0,0
BRDA:85,4,1,0
BRDA:92,5,0,0
BRDA:92,5,1,0
BRDA:101,6,0,0
BRDA:101,6,1,0
BRDA:103,7,0,0
BRDA:103,7,1,0
BRDA:104,8,0,0
BRDA:104,8,1,0
BRDA:113,9,0,0
BRDA:113,9,1,0
BRDA:122,10,0,0
BRDA:122,10,1,0
BRDA:124,11,0,0
BRDA:124,11,1,0
BRF:22
BRH:0
end_of_record
TN:
SF:components/PermitForm/FormHeader.tsx
FN:14,(anonymous_1)
FNF:1
FNH:0
FNDA:0,(anonymous_1)
DA:1,0
DA:2,0
DA:14,0
DA:22,0
DA:28,0
DA:89,0
LF:6
LH:0
BRDA:20,0,0,0
BRDA:22,1,0,0
BRDA:22,1,1,0
BRDA:24,2,0,0
BRDA:24,2,1,0
BRDA:31,3,0,0
BRDA:31,3,1,0
BRDA:35,4,0,0
BRDA:35,4,1,0
BRDA:36,5,0,0
BRDA:36,5,1,0
BRDA:38,6,0,0
BRDA:38,6,1,0
BRDA:46,7,0,0
BRDA:46,7,1,0
BRDA:49,8,0,0
BRDA:49,8,1,0
BRDA:51,9,0,0
BRDA:51,9,1,0
BRDA:59,10,0,0
BRDA:59,10,1,0
BRDA:65,11,0,0
BRDA:65,11,1,0
BRDA:69,12,0,0
BRDA:69,12,1,0
BRDA:74,13,0,0
BRDA:74,13,1,0
BRF:27
BRH:0
end_of_record
TN:
SF:components/PermitForm/PASection.tsx
FN:6,(anonymous_1)
FN:14,(anonymous_2)
FN:35,(anonymous_3)
FN:71,(anonymous_4)
FN:92,(anonymous_5)
FN:110,(anonymous_6)
FN:131,(anonymous_7)
FN:146,(anonymous_8)
FN:152,(anonymous_9)
FNF:9
FNH:0
FNDA:0,(anonymous_1)
FNDA:0,(anonymous_2)
FNDA:0,(anonymous_3)
FNDA:0,(anonymous_4)
FNDA:0,(anonymous_5)
FNDA:0,(anonymous_6)
FNDA:0,(anonymous_7)
FNDA:0,(anonymous_8)
FNDA:0,(anonymous_9)
DA:1,0
DA:2,0
DA:3,0
DA:6,0
DA:7,0
DA:8,0
DA:9,0
DA:10,0
DA:14,0
DA:15,0
DA:16,0
DA:17,0
DA:18,0
DA:35,0
DA:45,0
DA:46,0
DA:48,0
DA:71,0
DA:92,0
DA:110,0
DA:131,0
DA:147,0
DA:152,0
DA:177,0
LF:24
LH:0
BRDA:7,0,0,0
BRDA:10,1,0,0
BRDA:10,1,1,0
BRDA:15,2,0,0
BRDA:74,3,0,0
BRDA:74,3,1,0
BRDA:84,4,0,0
BRDA:84,4,1,0
BRDA:96,5,0,0
BRDA:96,5,1,0
BRDA:103,6,0,0
BRDA:103,6,1,0
BRDA:112,7,0,0
BRDA:112,7,1,0
BRDA:114,8,0,0
BRDA:114,8,1,0
BRDA:115,9,0,0
BRDA:115,9,1,0
BRDA:116,10,0,0
BRDA:116,10,1,0
BRDA:134,11,0,0
BRDA:134,11,1,0
BRDA:154,12,0,0
BRDA:154,12,1,0
BRDA:166,13,0,0
BRDA:166,13,1,0
BRDA:167,14,0,0
BRDA:167,14,1,0
BRDA:170,15,0,0
BRDA:170,15,1,0
BRF:30
BRH:0
end_of_record
TN:
SF:components/PermitForm/SolicitudTypeSelector.tsx
FN:10,(anonymous_1)
FN:21,(anonymous_2)
FN:27,(anonymous_3)
FNF:3
FNH:0
FNDA:0,(anonymous_1)
FNDA:0,(anonymous_2)
FNDA:0,(anonymous_3)
DA:1,0
DA:3,0
DA:10,0
DA:14,0
DA:22,0
DA:27,0
DA:44,0
LF:7
LH:0
BRDA:29,0,0,0
BRDA:29,0,1,0
BRDA:30,1,0,0
BRDA:30,1,1,0
BRDA:36,2,0,0
BRDA:36,2,1,0
BRF:6
BRH:0
end_of_record
TN:
SF:components/PermitForm/index.ts
FN:5,(anonymous_0)
FN:6,(anonymous_1)
FN:7,(anonymous_2)
FN:8,(anonymous_3)
FN:9,(anonymous_4)
FNF:5
FNH:0
FNDA:0,(anonymous_0)
FNDA:0,(anonymous_1)
FNDA:0,(anonymous_2)
FNDA:0,(anonymous_3)
FNDA:0,(anonymous_4)
DA:5,0
DA:6,0
DA:7,0
DA:8,0
DA:9,0
LF:5
LH:0
BRF:0
BRH:0
end_of_record
TN:
SF:hooks/useCloudSync.ts
FN:32,(anonymous_0)
FN:51,(anonymous_1)
FN:52,(anonymous_2)
FN:53,(anonymous_3)
FN:58,(anonymous_4)
FN:68,(anonymous_5)
FN:72,(anonymous_6)
FN:79,(anonymous_7)
FN:126,(anonymous_8)
FN:171,(anonymous_9)
FN:242,(anonymous_10)
FN:244,(anonymous_11)
FN:256,(anonymous_12)
FN:257,(anonymous_13)
FN:269,(anonymous_14)
FN:277,(anonymous_15)
FN:285,(anonymous_16)
FN:286,(anonymous_17)
FN:290,(anonymous_18)
FN:294,(anonymous_19)
FN:301,(anonymous_20)
FN:302,(anonymous_21)
FNF:22
FNH:0
FNDA:0,(anonymous_0)
FNDA:0,(anonymous_1)
FNDA:0,(anonymous_2)
FNDA:0,(anonymous_3)
FNDA:0,(anonymous_4)
FNDA:0,(anonymous_5)
FNDA:0,(anonymous_6)
FNDA:0,(anonymous_7)
FNDA:0,(anonymous_8)
FNDA:0,(anonymous_9)
FNDA:0,(anonymous_10)
FNDA:0,(anonymous_11)
FNDA:0,(anonymous_12)
FNDA:0,(anonymous_13)
FNDA:0,(anonymous_14)
FNDA:0,(anonymous_15)
FNDA:0,(anonymous_16)
FNDA:0,(anonymous_17)
FNDA:0,(anonymous_18)
FNDA:0,(anonymous_19)
FNDA:0,(anonymous_20)
FNDA:0,(anonymous_21)
DA:1,0
DA:3,0
DA:4,0
DA:5,0
DA:11,0
DA:13,0
DA:32,0
DA:36,0
DA:37,0
DA:38,0
DA:39,0
DA:40,0
DA:41,0
DA:42,0
DA:43,0
DA:44,0
DA:46,0
DA:47,0
DA:48,0
DA:51,0
DA:52,0
DA:53,0
DA:55,0
DA:56,0
DA:58,0
DA:59,0
DA:60,0
DA:61,0
DA:62,0
DA:68,0
DA:69,0
DA:72,0
DA:73,0
DA:74,0
DA:79,0
DA:80,0
DA:83,0
DA:84,0
DA:86,0
DA:87,0
DA:89,0
DA:90,0
DA:92,0
DA:93,0
DA:96,0
DA:101,0
DA:106,0
DA:107,0
DA:110,0
DA:111,0
DA:112,0
DA:113,0
DA:114,0
DA:118,0
DA:119,0
DA:120,0
DA:121,0
DA:122,0
DA:126,0
DA:128,0
DA:129,0
DA:130,0
DA:133,0
DA:134,0
DA:135,0
DA:137,0
DA:140,0
DA:141,0
DA:144,0
DA:145,0
DA:146,0
DA:148,0
DA:149,0
DA:152,0
DA:153,0
DA:154,0
DA:155,0
DA:156,0
DA:157,0
DA:158,0
DA:160,0
DA:163,0
DA:164,0
DA:167,0
DA:171,0
DA:172,0
DA:173,0
DA:174,0
DA:176,0
DA:177,0
DA:180,0
DA:181,0
DA:182,0
DA:183,0
DA:186,0
DA:187,0
DA:189,0
DA:190,0
DA:193,0
DA:194,0
DA:196,0
DA:197,0
DA:200,0
DA:202,0
DA:203,0
DA:204,0
DA:218,0
DA:219,0
DA:220,0
DA:234,0
DA:235,0
DA:236,0
DA:237,0
DA:238,0
DA:241,0
DA:242,0
DA:244,0
DA:246,0
DA:247,0
DA:248,0
DA:249,0
DA:250,0
DA:251,0
DA:252,0
DA:253,0
DA:255,0
DA:256,0
DA:257,0
DA:259,0
DA:262,0
DA:263,0
DA:264,0
DA:267,0
DA:268,0
DA:269,0
DA:271,0
DA:273,0
DA:277,0
DA:278,0
DA:279,0
DA:280,0
DA:285,0
DA:286,0
DA:290,0
DA:291,0
DA:293,0
DA:294,0
DA:295,0
DA:296,0
DA:300,0
DA:302,0
DA:303,0
DA:304,0
DA:310,0
LF:154
LH:0
BRDA:61,0,0,0
BRDA:73,1,0,0
BRDA:80,2,0,0
BRDA:83,3,0,0
BRDA:110,4,0,0
BRDA:110,5,0,0
BRDA:110,5,1,0
BRDA:118,6,0,0
BRDA:118,7,0,0
BRDA:118,7,1,0
BRDA:144,8,0,0
BRDA:144,9,0,0
BRDA:144,9,1,0
BRDA:154,10,0,0
BRDA:154,10,1,0
BRDA:158,11,0,0
BRDA:158,11,1,0
BRDA:176,12,0,0
BRDA:180,13,0,0
BRDA:202,14,0,0
BRDA:218,15,0,0
BRDA:234,16,0,0
BRDA:246,17,0,0
BRDA:246,17,1,0
BRDA:257,18,0,0
BRDA:257,18,1,0
BRDA:259,19,0,0
BRDA:259,19,1,0
BRDA:267,20,0,0
BRDA:278,21,0,0
BRDA:278,22,0,0
BRDA:278,22,1,0
BRDA:278,22,2,0
BRDA:278,22,3,0
BRDA:291,23,0,0
BRDA:304,24,0,0
BRDA:304,24,1,0
BRF:37
BRH:0
end_of_record
TN:
SF:hooks/useDarkMode.ts
FN:3,(anonymous_0)
FN:4,(anonymous_1)
FN:13,(anonymous_2)
FN:26,(anonymous_3)
FN:29,(anonymous_4)
FN:37,(anonymous_5)
FN:40,(anonymous_6)
FN:40,(anonymous_7)
FNF:8
FNH:0
FNDA:0,(anonymous_0)
FNDA:0,(anonymous_1)
FNDA:0,(anonymous_2)
FNDA:0,(anonymous_3)
FNDA:0,(anonymous_4)
FNDA:0,(anonymous_5)
FNDA:0,(anonymous_6)
FNDA:0,(anonymous_7)
DA:1,0
DA:3,0
DA:4,0
DA:6,0
DA:7,0
DA:8,0
DA:10,0
DA:13,0
DA:14,0
DA:16,0
DA:17,0
DA:19,0
DA:22,0
DA:26,0
DA:27,0
DA:29,0
DA:30,0
DA:31,0
DA:32,0
DA:36,0
DA:37,0
DA:40,0
DA:42,0
LF:23
LH:0
BRDA:7,0,0,0
BRDA:16,1,0,0
BRDA:16,1,1,0
BRDA:31,2,0,0
BRF:4
BRH:0
end_of_record
TN:
SF:hooks/useEmployeeSync.ts
FN:21,(anonymous_0)
FN:34,(anonymous_1)
FN:38,(anonymous_2)
FN:45,(anonymous_3)
FN:72,(anonymous_4)
FN:73,(anonymous_5)
FN:90,(anonymous_6)
FN:93,(anonymous_7)
FN:113,(anonymous_8)
FN:125,(anonymous_9)
FN:191,(anonymous_10)
FN:192,(anonymous_11)
FN:193,(anonymous_12)
FN:200,(anonymous_13)
FN:201,(anonymous_14)
FN:202,(anonymous_15)
FN:204,(anonymous_16)
FN:211,(anonymous_17)
FN:212,(anonymous_18)
FN:213,(anonymous_19)
FNF:20
FNH:0
FNDA:0,(anonymous_0)
FNDA:0,(anonymous_1)
FNDA:0,(anonymous_2)
FNDA:0,(anonymous_3)
FNDA:0,(anonymous_4)
FNDA:0,(anonymous_5)
FNDA:0,(anonymous_6)
FNDA:0,(anonymous_7)
FNDA:0,(anonymous_8)
FNDA:0,(anonymous_9)
FNDA:0,(anonymous_10)
FNDA:0,(anonymous_11)
FNDA:0,(anonymous_12)
FNDA:0,(anonymous_13)
FNDA:0,(anonymous_14)
FNDA:0,(anonymous_15)
FNDA:0,(anonymous_16)
FNDA:0,(anonymous_17)
FNDA:0,(anonymous_18)
FNDA:0,(anonymous_19)
DA:1,0
DA:3,0
DA:4,0
DA:6,0
DA:21,0
DA:25,0
DA:27,0
DA:28,0
DA:29,0
DA:31,0
DA:34,0
DA:35,0
DA:38,0
DA:39,0
DA:40,0
DA:45,0
DA:46,0
DA:49,0
DA:50,0
DA:52,0
DA:53,0
DA:55,0
DA:56,0
DA:58,0
DA:59,0
DA:62,0
DA:66,0
DA:68,0
DA:71,0
DA:72,0
DA:74,0
DA:75,0
DA:76,0
DA:77,0
DA:80,0
DA:85,0
DA:90,0
DA:93,0
DA:94,0
DA:95,0
DA:96,0
DA:97,0
DA:101,0
DA:102,0
DA:103,0
DA:105,0
DA:106,0
DA:107,0
DA:109,0
DA:113,0
DA:114,0
DA:115,0
DA:116,0
DA:119,0
DA:120,0
DA:122,0
DA:125,0
DA:127,0
DA:128,0
DA:129,0
DA:130,0
DA:132,0
DA:134,0
DA:135,0
DA:136,0
DA:137,0
DA:139,0
DA:140,0
DA:141,0
DA:142,0
DA:144,0
DA:145,0
DA:147,0
DA:150,0
DA:159,0
DA:165,0
DA:172,0
DA:174,0
DA:175,0
DA:176,0
DA:177,0
DA:179,0
DA:182,0
DA:183,0
DA:184,0
DA:185,0
DA:187,0
DA:191,0
DA:192,0
DA:193,0
DA:195,0
DA:196,0
DA:200,0
DA:201,0
DA:202,0
DA:203,0
DA:204,0
DA:206,0
DA:207,0
DA:211,0
DA:212,0
DA:213,0
DA:215,0
DA:216,0
DA:220,0
LF:105
LH:0
BRDA:39,0,0,0
BRDA:46,1,0,0
BRDA:49,2,0,0
BRDA:68,3,0,0
BRDA:68,4,0,0
BRDA:68,4,1,0
BRDA:72,5,0,0
BRDA:72,5,1,0
BRDA:74,6,0,0
BRDA:74,6,1,0
BRDA:75,7,0,0
BRDA:75,7,1,0
BRDA:76,8,0,0
BRDA:76,8,1,0
BRDA:77,9,0,0
BRDA:77,9,1,0
BRDA:90,10,0,0
BRDA:90,10,1,0
BRDA:101,11,0,0
BRDA:101,12,0,0
BRDA:101,12,1,0
BRDA:114,13,0,0
BRDA:132,14,0,0
BRDA:132,14,1,0
BRDA:135,15,0,0
BRDA:135,15,1,0
BRDA:137,16,0,0
BRDA:137,16,1,0
BRDA:142,17,0,0
BRDA:142,17,1,0
BRDA:174,18,0,0
BRDA:174,18,1,0
BRDA:203,19,0,0
BRDA:203,19,1,0
BRF:34
BRH:0
end_of_record
TN:
SF:hooks/useFocusTrap.ts
FN:42,(anonymous_0)
FN:52,(anonymous_1)
FN:62,(anonymous_2)
FN:86,(anonymous_3)
FN:99,(anonymous_4)
FNF:5
FNH:0
FNDA:0,(anonymous_0)
FNDA:0,(anonymous_1)
FNDA:0,(anonymous_2)
FNDA:0,(anonymous_3)
FNDA:0,(anonymous_4)
DA:1,0
DA:22,0
DA:42,0
DA:48,0
DA:49,0
DA:52,0
DA:53,0
DA:55,0
DA:58,0
DA:59,0
DA:62,0
DA:63,0
DA:65,0
DA:67,0
DA:68,0
DA:69,0
DA:70,0
DA:71,0
DA:75,0
DA:77,0
DA:80,0
DA:84,0
DA:86,0
DA:87,0
DA:88,0
DA:91,0
DA:92,0
DA:99,0
DA:100,0
DA:103,0
DA:104,0
DA:105,0
DA:106,0
DA:107,0
DA:111,0
DA:112,0
DA:114,0
DA:115,0
DA:116,0
DA:119,0
DA:120,0
DA:121,0
DA:123,0
DA:125,0
DA:126,0
DA:127,0
DA:131,0
DA:132,0
DA:133,0
DA:139,0
DA:145,0
LF:51
LH:0
BRDA:45,0,0,0
BRDA:53,1,0,0
BRDA:63,2,0,0
BRDA:67,3,0,0
BRDA:68,4,0,0
BRDA:68,4,1,0
BRDA:70,5,0,0
BRDA:75,6,0,0
BRDA:91,7,0,0
BRDA:91,8,0,0
BRDA:91,8,1,0
BRDA:100,9,0,0
BRDA:100,10,0,0
BRDA:100,10,1,0
BRDA:103,11,0,0
BRDA:103,12,0,0
BRDA:103,12,1,0
BRDA:111,13,0,0
BRDA:114,14,0,0
BRDA:123,15,0,0
BRDA:123,15,1,0
BRDA:125,16,0,0
BRDA:125,17,0,0
BRDA:125,17,1,0
BRDA:131,18,0,0
BRDA:131,19,0,0
BRDA:131,19,1,0
BRF:27
BRH:0
end_of_record
TN:
SF:hooks/useKeyboardShortcuts.tsx
FN:12,(anonymous_1)
FN:13,(anonymous_2)
FN:34,(anonymous_3)
FN:36,(anonymous_4)
FN:50,(anonymous_5)
FN:53,(anonymous_6)
FN:64,(anonymous_7)
FN:73,(anonymous_8)
FNF:8
FNH:0
FNDA:0,(anonymous_1)
FNDA:0,(anonymous_2)
FNDA:0,(anonymous_3)
FNDA:0,(anonymous_4)
FNDA:0,(anonymous_5)
FNDA:0,(anonymous_6)
FNDA:0,(anonymous_7)
FNDA:0,(anonymous_8)
DA:1,0
DA:12,0
DA:13,0
DA:14,0
DA:17,0
DA:18,0
DA:20,0
DA:21,0
DA:22,0
DA:23,0
DA:24,0
DA:26,0
DA:27,0
DA:28,0
DA:29,0
DA:34,0
DA:35,0
DA:36,0
DA:41,0
DA:42,0
DA:50,0
DA:51,0
DA:53,0
DA:54,0
DA:55,0
DA:56,0
DA:57,0
DA:58,0
DA:61,0
DA:64,0
DA:74,0
LF:31
LH:0
BRDA:12,0,0,0
BRDA:14,1,0,0
BRDA:18,2,0,0
BRDA:22,3,0,0
BRDA:22,3,1,0
BRDA:22,4,0,0
BRDA:22,4,1,0
BRDA:23,5,0,0
BRDA:23,5,1,0
BRDA:24,6,0,0
BRDA:24,6,1,0
BRDA:26,7,0,0
BRDA:26,8,0,0
BRDA:26,8,1,0
BRDA:26,8,2,0
BRDA:26,8,3,0
BRDA:51,9,0,0
BRDA:55,10,0,0
BRDA:56,11,0,0
BRF:19
BRH:0
end_of_record
TN:
SF:hooks/useModals.ts
FN:41,(anonymous_0)
FN:44,(anonymous_1)
FN:45,(anonymous_2)
FN:48,(anonymous_3)
FN:49,(anonymous_4)
FN:52,(anonymous_5)
FN:53,(anonymous_6)
FN:56,(anonymous_7)
FN:60,(anonymous_8)
FNF:9
FNH:0
FNDA:0,(anonymous_0)
FNDA:0,(anonymous_1)
FNDA:0,(anonymous_2)
FNDA:0,(anonymous_3)
FNDA:0,(anonymous_4)
FNDA:0,(anonymous_5)
FNDA:0,(anonymous_6)
FNDA:0,(anonymous_7)
FNDA:0,(anonymous_8)
DA:1,0
DA:31,0
DA:41,0
DA:42,0
DA:44,0
DA:45,0
DA:48,0
DA:49,0
DA:52,0
DA:53,0
DA:56,0
DA:57,0
DA:60,0
DA:61,0
DA:65,0
DA:75,0
LF:16
LH:0
BRF:0
BRH:0
end_of_record
TN:
SF:hooks/useTheme.tsx
FN:73,(anonymous_9)
FN:74,(anonymous_10)
FN:79,(anonymous_11)
FN:88,(anonymous_12)
FN:99,(anonymous_13)
FNF:5
FNH:0
FNDA:0,(anonymous_9)
FNDA:0,(anonymous_10)
FNDA:0,(anonymous_11)
FNDA:0,(anonymous_12)
FNDA:0,(anonymous_13)
DA:1,0
DA:14,0
DA:71,0
DA:73,0
DA:74,0
DA:75,0
DA:76,0
DA:79,0
DA:80,0
DA:81,0
DA:84,0
DA:85,0
DA:88,0
DA:89,0
DA:92,0
DA:99,0
DA:100,0
DA:101,0
DA:102,0
DA:104,0
LF:20
LH:0
BRDA:76,0,0,0
BRDA:76,0,1,0
BRDA:101,1,0,0
BRF:3
BRH:0
end_of_record
TN:
SF:services/batchPdfGenerator.ts
FN:22,(anonymous_0)
FN:94,(anonymous_1)
FN:118,(anonymous_2)
FN:193,(anonymous_3)
FN:201,(anonymous_4)
FN:201,(anonymous_5)
FN:205,(anonymous_6)
FN:216,(anonymous_7)
FN:265,(anonymous_8)
FN:278,(anonymous_9)
FN:301,(anonymous_10)
FN:304,(anonymous_11)
FN:392,(anonymous_12)
FN:401,(anonymous_13)
FN:407,(anonymous_14)
FN:407,(anonymous_15)
FN:408,(anonymous_16)
FN:408,(anonymous_17)
FN:412,(anonymous_18)
FN:420,(anonymous_19)
FN:441,(anonymous_20)
FNF:21
FNH:0
FNDA:0,(anonymous_0)
FNDA:0,(anonymous_1)
FNDA:0,(anonymous_2)
FNDA:0,(anonymous_3)
FNDA:0,(anonymous_4)
FNDA:0,(anonymous_5)
FNDA:0,(anonymous_6)
FNDA:0,(anonymous_7)
FNDA:0,(anonymous_8)
FNDA:0,(anonymous_9)
FNDA:0,(anonymous_10)
FNDA:0,(anonymous_11)
FNDA:0,(anonymous_12)
FNDA:0,(anonymous_13)
FNDA:0,(anonymous_14)
FNDA:0,(anonymous_15)
FNDA:0,(anonymous_16)
FNDA:0,(anonymous_17)
FNDA:0,(anonymous_18)
FNDA:0,(anonymous_19)
FNDA:0,(anonymous_20)
DA:6,0
DA:7,0
DA:8,0
DA:10,0
DA:22,0
DA:23,0
DA:24,0
DA:25,0
DA:26,0
DA:27,0
DA:29,0
DA:43,0
DA:45,0
DA:66,0
DA:70,0
DA:77,0
DA:79,0
DA:81,0
DA:82,0
DA:83,0
DA:85,0
DA:88,0
DA:94,0
DA:95,0
DA:96,0
DA:97,0
DA:98,0
DA:100,0
DA:101,0
DA:102,0
DA:104,0
DA:105,0
DA:106,0
DA:107,0
DA:108,0
DA:109,0
DA:110,0
DA:111,0
DA:118,0
DA:122,0
DA:123,0
DA:124,0
DA:126,0
DA:129,0
DA:130,0
DA:131,0
DA:159,0
DA:160,0
DA:163,0
DA:164,0
DA:165,0
DA:166,0
DA:167,0
DA:168,0
DA:170,0
DA:171,0
DA:172,0
DA:176,0
DA:177,0
DA:178,0
DA:179,0
DA:180,0
DA:182,0
DA:185,0
DA:186,0
DA:189,0
DA:192,0
DA:193,0
DA:197,0
DA:200,0
DA:201,0
DA:202,0
DA:205,0
DA:216,0
DA:220,0
DA:265,0
DA:272,0
DA:278,0
DA:282,0
DA:283,0
DA:284,0
DA:288,0
DA:289,0
DA:290,0
DA:293,0
DA:300,0
DA:302,0
DA:303,0
DA:304,0
DA:307,0
DA:312,0
DA:386,0
DA:392,0
DA:396,0
DA:397,0
DA:398,0
DA:401,0
DA:402,0
DA:403,0
DA:407,0
DA:408,0
DA:409,0
DA:412,0
DA:413,0
DA:414,0
DA:415,0
DA:416,0
DA:419,0
DA:420,0
DA:423,0
DA:426,0
DA:441,0
LF:112
LH:0
BRDA:43,0,0,0
BRDA:43,0,1,0
BRDA:43,0,2,0
BRDA:43,1,0,0
BRDA:43,1,1,0
BRDA:45,2,0,0
BRDA:45,2,1,0
BRDA:47,3,0,0
BRDA:47,3,1,0
BRDA:48,4,0,0
BRDA:48,4,1,0
BRDA:49,5,0,0
BRDA:49,5,1,0
BRDA:50,6,0,0
BRDA:50,6,1,0
BRDA:51,7,0,0
BRDA:51,7,1,0
BRDA:52,8,0,0
BRDA:52,8,1,0
BRDA:52,9,0,0
BRDA:52,9,1,0
BRDA:53,10,0,0
BRDA:53,10,1,0
BRDA:54,11,0,0
BRDA:54,11,1,0
BRDA:55,12,0,0
BRDA:55,12,1,0
BRDA:56,13,0,0
BRDA:56,13,1,0
BRDA:57,14,0,0
BRDA:57,14,1,0
BRDA:57,15,0,0
BRDA:57,15,1,0
BRDA:66,16,0,0
BRDA:66,16,1,0
BRDA:67,17,0,0
BRDA:67,17,1,0
BRDA:77,18,0,0
BRDA:81,19,0,0
BRDA:81,19,1,0
BRDA:81,20,0,0
BRDA:81,20,1,0
BRDA:83,21,0,0
BRDA:83,22,0,0
BRDA:83,22,1,0
BRDA:88,23,0,0
BRDA:88,23,1,0
BRDA:130,24,0,0
BRDA:163,25,0,0
BRDA:163,26,0,0
BRDA:163,26,1,0
BRDA:170,27,0,0
BRDA:171,28,0,0
BRDA:172,29,0,0
BRDA:178,30,0,0
BRDA:178,30,1,0
BRDA:186,31,0,0
BRDA:186,31,1,0
BRDA:189,32,0,0
BRDA:192,33,0,0
BRDA:200,34,0,0
BRDA:200,35,0,0
BRDA:200,35,1,0
BRDA:210,36,0,0
BRDA:210,36,1,0
BRDA:211,37,0,0
BRDA:211,37,1,0
BRDA:264,38,0,0
BRDA:264,38,1,0
BRDA:265,39,0,0
BRDA:265,39,1,0
BRDA:280,40,0,0
BRDA:283,41,0,0
BRDA:289,42,0,0
BRDA:413,43,0,0
BRDA:414,44,0,0
BRDA:414,44,1,0
BRF:77
BRH:0
end_of_record
TN:
SF:services/excelExport.ts
FN:18,(anonymous_9)
FN:27,(anonymous_10)
FN:30,(anonymous_11)
FNF:3
FNH:0
FNDA:0,(anonymous_9)
FNDA:0,(anonymous_10)
FNDA:0,(anonymous_11)
DA:2,0
DA:3,0
DA:4,0
DA:6,0
DA:18,0
DA:19,0
DA:20,0
DA:23,0
DA:24,0
DA:27,0
DA:30,0
DA:48,0
DA:57,0
DA:58,0
DA:60,0
DA:61,0
DA:64,0
DA:65,0
DA:68,0
DA:69,0
DA:72,0
DA:73,0
DA:75,0
DA:76,0
DA:78,0
DA:80,0
DA:81,0
DA:84,0
DA:85,0
DA:86,0
LF:30
LH:0
BRDA:19,0,0,0
BRDA:57,1,0,0
BRDA:57,1,1,0
BRDA:61,2,0,0
BRDA:65,3,0,0
BRDA:69,4,0,0
BRDA:84,5,0,0
BRDA:84,5,1,0
BRF:8
BRH:0
end_of_record
TN:
SF:services/localBackup.ts
FN:21,(anonymous_0)
FN:24,(anonymous_1)
FN:25,(anonymous_2)
FN:28,(anonymous_3)
FN:33,(anonymous_4)
FN:39,(anonymous_5)
FN:67,(anonymous_6)
FN:70,(anonymous_7)
FN:77,(anonymous_8)
FN:82,(anonymous_9)
FN:87,(anonymous_10)
FN:94,(anonymous_11)
FN:97,(anonymous_12)
FN:102,(anonymous_13)
FN:106,(anonymous_14)
FN:112,(anonymous_15)
FN:115,(anonymous_16)
FN:120,(anonymous_17)
FN:122,(anonymous_18)
FN:127,(anonymous_19)
FN:131,(anonymous_20)
FN:134,(anonymous_21)
FN:139,(anonymous_22)
FN:140,(anonymous_23)
FN:144,(anonymous_24)
FN:147,(anonymous_25)
FN:152,(anonymous_26)
FN:153,(anonymous_27)
FN:157,(anonymous_28)
FN:160,(anonymous_29)
FN:165,(anonymous_30)
FN:166,(anonymous_31)
FN:170,(anonymous_32)
FN:173,(anonymous_33)
FN:178,(anonymous_34)
FN:179,(anonymous_35)
FN:183,(anonymous_36)
FN:186,(anonymous_37)
FN:191,(anonymous_38)
FN:194,(anonymous_39)
FN:198,(anonymous_40)
FNF:41
FNH:0
FNDA:0,(anonymous_0)
FNDA:0,(anonymous_1)
FNDA:0,(anonymous_2)
FNDA:0,(anonymous_3)
FNDA:0,(anonymous_4)
FNDA:0,(anonymous_5)
FNDA:0,(anonymous_6)
FNDA:0,(anonymous_7)
FNDA:0,(anonymous_8)
FNDA:0,(anonymous_9)
FNDA:0,(anonymous_10)
FNDA:0,(anonymous_11)
FNDA:0,(anonymous_12)
FNDA:0,(anonymous_13)
FNDA:0,(anonymous_14)
FNDA:0,(anonymous_15)
FNDA:0,(anonymous_16)
FNDA:0,(anonymous_17)
FNDA:0,(anonymous_18)
FNDA:0,(anonymous_19)
FNDA:0,(anonymous_20)
FNDA:0,(anonymous_21)
FNDA:0,(anonymous_22)
FNDA:0,(anonymous_23)
FNDA:0,(anonymous_24)
FNDA:0,(anonymous_25)
FNDA:0,(anonymous_26)
FNDA:0,(anonymous_27)
FNDA:0,(anonymous_28)
FNDA:0,(anonymous_29)
FNDA:0,(anonymous_30)
FNDA:0,(anonymous_31)
FNDA:0,(anonymous_32)
FNDA:0,(anonymous_33)
FNDA:0,(anonymous_34)
FNDA:0,(anonymous_35)
FNDA:0,(anonymous_36)
FNDA:0,(anonymous_37)
FNDA:0,(anonymous_38)
FNDA:0,(anonymous_39)
FNDA:0,(anonymous_40)
DA:7,0
DA:9,0
DA:11,0
DA:12,0
DA:22,0
DA:25,0
DA:26,0
DA:28,0
DA:29,0
DA:30,0
DA:33,0
DA:34,0
DA:35,0
DA:36,0
DA:39,0
DA:40,0
DA:43,0
DA:44,0
DA:48,0
DA:49,0
DA:53,0
DA:54,0
DA:58,0
DA:59,0
DA:62,0
DA:68,0
DA:70,0
DA:71,0
DA:72,0
DA:73,0
DA:76,0
DA:77,0
DA:80,0
DA:82,0
DA:83,0
DA:84,0
DA:87,0
DA:88,0
DA:89,0
DA:95,0
DA:97,0
DA:98,0
DA:99,0
DA:100,0
DA:102,0
DA:103,0
DA:106,0
DA:107,0
DA:113,0
DA:115,0
DA:116,0
DA:117,0
DA:119,0
DA:120,0
DA:122,0
DA:123,0
DA:124,0
DA:127,0
DA:132,0
DA:134,0
DA:135,0
DA:136,0
DA:137,0
DA:139,0
DA:140,0
DA:145,0
DA:147,0
DA:148,0
DA:149,0
DA:150,0
DA:152,0
DA:153,0
DA:158,0
DA:160,0
DA:161,0
DA:162,0
DA:163,0
DA:165,0
DA:166,0
DA:171,0
DA:173,0
DA:174,0
DA:175,0
DA:176,0
DA:178,0
DA:179,0
DA:184,0
DA:186,0
DA:187,0
DA:188,0
DA:189,0
DA:191,0
DA:192,0
DA:194,0
DA:199,0
DA:200,0
DA:201,0
DA:203,0
DA:211,0
LF:99
LH:0
BRDA:43,0,0,0
BRDA:48,1,0,0
BRDA:53,2,0,0
BRDA:58,3,0,0
BRDA:68,4,0,0
BRDA:95,5,0,0
BRDA:103,6,0,0
BRDA:103,6,1,0
BRDA:113,7,0,0
BRDA:132,8,0,0
BRDA:139,9,0,0
BRDA:139,9,1,0
BRDA:145,10,0,0
BRDA:158,11,0,0
BRDA:165,12,0,0
BRDA:165,12,1,0
BRDA:171,13,0,0
BRDA:184,14,0,0
BRDA:192,15,0,0
BRDA:192,15,1,0
BRF:20
BRH:0
end_of_record
TN:
SF:services/pdfGenerator.ts
FN:6,(anonymous_0)
FNF:1
FNH:0
FNDA:0,(anonymous_0)
DA:3,0
DA:4,0
DA:6,0
DA:7,0
DA:9,0
DA:10,0
DA:11,0
DA:12,0
DA:15,0
DA:17,0
DA:18,0
DA:76,0
DA:91,0
DA:94,0
DA:115,0
DA:117,0
DA:120,0
DA:127,0
DA:129,0
DA:131,0
DA:132,0
DA:133,0
DA:134,0
DA:136,0
DA:138,0
DA:139,0
DA:140,0
DA:141,0
DA:143,0
DA:144,0
DA:145,0
DA:148,0
DA:149,0
DA:150,0
DA:151,0
DA:152,0
DA:153,0
DA:157,0
DA:176,0
DA:208,0
DA:211,0
DA:212,0
DA:213,0
LF:43
LH:0
BRDA:6,0,0,0
BRDA:17,1,0,0
BRDA:91,2,0,0
BRDA:91,2,1,0
BRDA:91,2,2,0
BRDA:91,3,0,0
BRDA:91,3,1,0
BRDA:94,4,0,0
BRDA:94,4,1,0
BRDA:96,5,0,0
BRDA:96,5,1,0
BRDA:97,6,0,0
BRDA:97,6,1,0
BRDA:98,7,0,0
BRDA:98,7,1,0
BRDA:99,8,0,0
BRDA:99,8,1,0
BRDA:100,9,0,0
BRDA:100,9,1,0
BRDA:101,10,0,0
BRDA:101,10,1,0
BRDA:101,11,0,0
BRDA:101,11,1,0
BRDA:102,12,0,0
BRDA:102,12,1,0
BRDA:103,13,0,0
BRDA:103,13,1,0
BRDA:104,14,0,0
BRDA:104,14,1,0
BRDA:105,15,0,0
BRDA:105,15,1,0
BRDA:106,16,0,0
BRDA:106,16,1,0
BRDA:106,17,0,0
BRDA:106,17,1,0
BRDA:117,18,0,0
BRDA:117,18,1,0
BRDA:118,19,0,0
BRDA:118,19,1,0
BRDA:127,20,0,0
BRDA:131,21,0,0
BRDA:131,21,1,0
BRDA:131,22,0,0
BRDA:131,22,1,0
BRDA:131,22,2,0
BRDA:136,23,0,0
BRDA:157,24,0,0
BRDA:157,24,1,0
BRDA:191,25,0,0
BRDA:191,25,1,0
BRDA:208,26,0,0
BRDA:208,26,1,0
BRDA:211,27,0,0
BRDA:211,27,1,0
BRDA:212,28,0,0
BRF:55
BRH:0
end_of_record
TN:
SF:utils/aiProcessor.ts
FN:43,(anonymous_0)
FN:72,(anonymous_1)
FN:168,(anonymous_2)
FN:204,(anonymous_3)
FNF:4
FNH:0
FNDA:0,(anonymous_0)
FNDA:0,(anonymous_1)
FNDA:0,(anonymous_2)
FNDA:0,(anonymous_3)
DA:6,0
DA:8,0
DA:9,0
DA:11,0
DA:33,0
DA:36,0
DA:37,0
DA:43,0
DA:44,0
DA:46,0
DA:48,0
DA:59,0
DA:61,0
DA:62,0
DA:65,0
DA:72,0
DA:73,0
DA:75,0
DA:76,0
DA:77,0
DA:80,0
DA:106,0
DA:136,0
DA:155,0
DA:156,0
DA:157,0
DA:158,0
DA:161,0
DA:168,0
DA:169,0
DA:170,0
DA:172,0
DA:174,0
DA:175,0
DA:176,0
DA:177,0
DA:179,0
DA:184,0
DA:187,0
DA:188,0
DA:191,0
DA:194,0
DA:195,0
DA:196,0
DA:204,0
DA:205,0
DA:207,0
DA:209,0
DA:210,0
DA:211,0
DA:212,0
DA:214,0
DA:219,0
DA:222,0
DA:223,0
DA:226,0
DA:229,0
DA:230,0
DA:231,0
LF:59
LH:0
BRDA:36,0,0,0
BRDA:36,0,1,0
BRDA:37,1,0,0
BRDA:37,1,1,0
BRDA:46,2,0,0
BRDA:46,2,1,0
BRDA:61,3,0,0
BRDA:62,4,0,0
BRDA:62,4,1,0
BRDA:75,5,0,0
BRDA:80,6,0,0
BRDA:80,6,1,0
BRDA:106,7,0,0
BRDA:106,7,1,0
BRDA:156,8,0,0
BRDA:174,9,0,0
BRDA:187,10,0,0
BRDA:194,11,0,0
BRDA:194,11,1,0
BRDA:209,12,0,0
BRDA:222,13,0,0
BRDA:229,14,0,0
BRDA:229,14,1,0
BRF:23
BRH:0
end_of_record
TN:
SF:utils/formatters.ts
FN:2,(anonymous_0)
FN:10,(anonymous_1)
FN:16,(anonymous_2)
FN:20,(anonymous_3)
FN:28,(anonymous_4)
FN:37,(anonymous_5)
FN:45,(anonymous_6)
FN:62,(anonymous_7)
FN:90,(anonymous_8)
FN:104,(anonymous_9)
FN:110,(anonymous_10)
FNF:11
FNH:0
FNDA:0,(anonymous_0)
FNDA:0,(anonymous_1)
FNDA:0,(anonymous_2)
FNDA:0,(anonymous_3)
FNDA:0,(anonymous_4)
FNDA:0,(anonymous_5)
FNDA:0,(anonymous_6)
FNDA:0,(anonymous_7)
FNDA:0,(anonymous_8)
FNDA:0,(anonymous_9)
FNDA:0,(anonymous_10)
DA:2,1
DA:3,0
DA:4,0
DA:5,0
DA:6,0
DA:7,0
DA:10,1
DA:11,0
DA:12,0
DA:16,0
DA:20,1
DA:21,0
DA:22,0
DA:23,0
DA:28,1
DA:29,0
DA:30,0
DA:31,0
DA:32,0
DA:33,0
DA:34,0
DA:37,1
DA:38,0
DA:39,0
DA:40,0
DA:41,0
DA:42,0
DA:45,1
DA:46,0
DA:47,0
DA:48,0
DA:62,1
DA:63,0
DA:64,0
DA:67,0
DA:68,0
DA:69,0
DA:70,0
DA:71,0
DA:75,0
DA:76,0
DA:77,0
DA:80,0
DA:90,1
DA:91,0
DA:104,1
DA:108,0
DA:110,0
DA:111,0
DA:112,0
DA:113,0
DA:114,0
DA:115,0
DA:120,0
LF:54
LH:9
BRDA:4,0,0,0
BRDA:11,1,0,0
BRDA:21,2,0,0
BRDA:29,3,0,0
BRDA:38,4,0,0
BRDA:46,5,0,0
BRDA:64,6,0,0
BRDA:68,7,0,0
BRDA:71,8,0,0
BRDA:71,9,0,0
BRDA:71,9,1,0
BRDA:75,10,0,0
BRDA:75,11,0,0
BRDA:75,11,1,0
BRDA:77,12,0,0
BRDA:77,12,1,0
BRDA:112,13,0,0
BRDA:112,14,0,0
BRDA:112,14,1,0
BRDA:113,15,0,0
BRDA:113,15,1,0
BRDA:114,16,0,0
BRDA:114,17,0,0
BRDA:114,17,1,0
BRF:24
BRH:0
end_of_record
TN:
SF:utils/logger.ts
FN:7,(anonymous_0)
FN:27,(anonymous_1)
FN:45,(anonymous_2)
FN:51,(anonymous_3)
FN:57,(anonymous_4)
FN:63,(anonymous_5)
FN:69,(anonymous_6)
FN:70,(anonymous_7)
FN:75,(anonymous_8)
FN:80,(anonymous_9)
FN:85,(anonymous_10)
FN:88,(anonymous_11)
FNF:12
FNH:0
FNDA:0,(anonymous_0)
FNDA:0,(anonymous_1)
FNDA:0,(anonymous_2)
FNDA:0,(anonymous_3)
FNDA:0,(anonymous_4)
FNDA:0,(anonymous_5)
FNDA:0,(anonymous_6)
FNDA:0,(anonymous_7)
FNDA:0,(anonymous_8)
FNDA:0,(anonymous_9)
FNDA:0,(anonymous_10)
FNDA:0,(anonymous_11)
DA:7,0
DA:8,0
DA:10,0
DA:11,0
DA:17,0
DA:27,0
DA:28,0
DA:30,0
DA:31,0
DA:34,0
DA:35,0
DA:38,0
DA:39,0
DA:41,0
DA:44,0
DA:46,0
DA:47,0
DA:52,0
DA:53,0
DA:58,0
DA:59,0
DA:65,0
DA:69,0
DA:71,0
DA:72,0
DA:76,0
DA:77,0
DA:81,0
DA:82,0
DA:86,0
DA:88,0
DA:92,0
LF:32
LH:0
BRDA:10,0,0,0
BRDA:10,1,0,0
BRDA:10,1,1,0
BRDA:27,2,0,0
BRDA:30,3,0,0
BRDA:34,4,0,0
BRDA:46,5,0,0
BRDA:52,6,0,0
BRDA:58,7,0,0
BRDA:71,8,0,0
BRDA:76,9,0,0
BRDA:81,10,0,0
BRF:12
BRH:0
end_of_record
TN:
SF:utils/parsers/dateParser.ts
FN:17,(anonymous_0)
FN:49,(anonymous_1)
FN:56,(anonymous_2)
FN:66,(anonymous_3)
FN:75,(anonymous_4)
FNF:5
FNH:5
FNDA:28,(anonymous_0)
FNDA:3,(anonymous_1)
FNDA:8,(anonymous_2)
FNDA:5,(anonymous_3)
FNDA:7,(anonymous_4)
DA:6,2
DA:17,2
DA:18,28
DA:21,24
DA:22,3
DA:26,21
DA:27,21
DA:28,4
DA:29,4
DA:30,4
DA:31,4
DA:35,17
DA:36,17
DA:37,15
DA:38,15
DA:39,15
DA:40,15
DA:43,2
DA:49,2
DA:50,3
DA:56,2
DA:57,8
DA:60,8
DA:66,2
DA:67,5
DA:68,5
DA:69,3
DA:75,2
DA:76,7
DA:79,6
DA:80,6
DA:81,5
DA:82,5
DA:86,1
DA:87,1
LF:35
LH:35
BRDA:18,0,0,4
BRDA:21,1,0,3
BRDA:27,2,0,4
BRDA:36,3,0,15
BRDA:38,4,0,15
BRDA:38,4,1,0
BRDA:50,5,0,3
BRDA:50,5,1,1
BRDA:57,6,0,3
BRDA:57,6,1,5
BRDA:59,7,0,5
BRDA:59,7,1,1
BRDA:60,8,0,3
BRDA:60,8,1,5
BRDA:68,9,0,2
BRDA:75,10,0,7
BRDA:75,11,0,7
BRDA:76,12,0,1
BRDA:80,13,0,5
BRDA:82,14,0,5
BRDA:82,14,1,4
BRDA:87,15,0,1
BRDA:87,15,1,0
BRDA:87,15,2,0
BRF:24
BRH:21
end_of_record
TN:
SF:utils/parsers/index.ts
FNF:0
FNH:0
DA:5,0
DA:6,0
LF:2
LH:0
BRF:0
BRH:0
end_of_record
TN:
SF:utils/parsers/recordParser.ts
FN:21,(anonymous_0)
FN:31,(anonymous_1)
FN:42,(anonymous_2)
FN:52,(anonymous_3)
FN:88,(anonymous_4)
FN:103,(anonymous_5)
FN:111,(anonymous_6)
FN:122,(anonymous_7)
FN:151,(anonymous_8)
FN:153,(anonymous_9)
FN:157,(anonymous_10)
FN:217,(anonymous_11)
FN:219,(anonymous_12)
FN:222,(anonymous_13)
FN:303,(anonymous_14)
FN:305,(anonymous_15)
FN:307,(anonymous_16)
FN:349,(anonymous_17)
FN:351,(anonymous_18)
FN:353,(anonymous_19)
FNF:20
FNH:6
FNDA:26,(anonymous_0)
FNDA:5,(anonymous_1)
FNDA:17,(anonymous_2)
FNDA:4,(anonymous_3)
FNDA:11,(anonymous_4)
FNDA:5,(anonymous_5)
FNDA:0,(anonymous_6)
FNDA:0,(anonymous_7)
FNDA:0,(anonymous_8)
FNDA:0,(anonymous_9)
FNDA:0,(anonymous_10)
FNDA:0,(anonymous_11)
FNDA:0,(anonymous_12)
FNDA:0,(anonymous_13)
FNDA:0,(anonymous_14)
FNDA:0,(anonymous_15)
FNDA:0,(anonymous_16)
FNDA:0,(anonymous_17)
FNDA:0,(anonymous_18)
FNDA:0,(anonymous_19)
DA:7,1
DA:8,1
DA:16,1
DA:21,1
DA:22,26
DA:23,26
DA:24,22
DA:25,17
DA:31,1
DA:32,5
DA:33,9
DA:34,9
DA:36,2
DA:42,1
DA:43,17
DA:44,17
DA:45,14
DA:46,7
DA:52,1
DA:53,4
DA:54,4
DA:55,4
DA:56,4
DA:57,4
DA:58,4
DA:60,4
DA:62,4
DA:63,1
DA:65,3
DA:66,1
DA:68,2
DA:69,1
DA:72,1
DA:73,0
DA:75,1
DA:76,0
DA:79,1
DA:88,1
DA:89,11
DA:90,11
DA:92,10
DA:93,10
DA:94,7
DA:95,4
DA:97,1
DA:103,1
DA:104,5
DA:105,5
DA:111,1
DA:112,0
DA:113,0
DA:114,0
DA:115,0
DA:116,0
DA:122,1
DA:123,0
DA:125,0
DA:126,0
DA:128,0
DA:129,0
DA:130,0
DA:131,0
DA:134,0
DA:135,0
DA:136,0
DA:137,0
DA:140,0
DA:151,1
DA:152,0
DA:153,0
DA:154,0
DA:155,0
DA:157,0
DA:158,0
DA:159,0
DA:160,0
DA:161,0
DA:162,0
DA:163,0
DA:164,0
DA:165,0
DA:166,0
DA:167,0
DA:169,0
DA:170,0
DA:171,0
DA:172,0
DA:173,0
DA:174,0
DA:175,0
DA:177,0
DA:178,0
DA:180,0
DA:181,0
DA:183,0
DA:184,0
DA:186,0
DA:187,0
DA:190,0
DA:211,0
DA:217,1
DA:218,0
DA:219,0
DA:220,0
DA:222,0
DA:223,0
DA:225,0
DA:226,0
DA:227,0
DA:228,0
DA:229,0
DA:230,0
DA:231,0
DA:232,0
DA:233,0
DA:234,0
DA:235,0
DA:236,0
DA:237,0
DA:238,0
DA:239,0
DA:240,0
DA:241,0
DA:242,0
DA:244,0
DA:245,0
DA:246,0
DA:247,0
DA:248,0
DA:249,0
DA:250,0
DA:251,0
DA:252,0
DA:253,0
DA:255,0
DA:257,0
DA:258,0
DA:260,0
DA:261,0
DA:263,0
DA:264,0
DA:267,0
DA:297,0
DA:303,1
DA:304,0
DA:305,0
DA:307,0
DA:308,0
DA:309,0
DA:310,0
DA:311,0
DA:312,0
DA:313,0
DA:314,0
DA:315,0
DA:316,0
DA:317,0
DA:318,0
DA:320,0
DA:321,0
DA:322,0
DA:324,0
DA:343,0
DA:349,1
DA:350,0
DA:351,0
DA:353,0
DA:354,0
DA:355,0
DA:356,0
DA:357,0
DA:358,0
DA:359,0
DA:360,0
DA:361,0
DA:362,0
DA:364,0
DA:365,0
DA:366,0
DA:367,0
DA:369,0
DA:394,0
LF:182
LH:52
BRDA:23,0,0,4
BRDA:24,1,0,5
BRDA:34,2,0,3
BRDA:44,3,0,3
BRDA:45,4,0,7
BRDA:62,5,0,1
BRDA:62,6,0,4
BRDA:62,6,1,2
BRDA:63,7,0,0
BRDA:63,7,1,1
BRDA:63,8,0,1
BRDA:63,8,1,0
BRDA:65,9,0,1
BRDA:65,10,0,3
BRDA:65,10,1,2
BRDA:66,11,0,0
BRDA:66,11,1,1
BRDA:66,12,0,1
BRDA:66,12,1,0
BRDA:68,13,0,1
BRDA:68,14,0,2
BRDA:68,14,1,1
BRDA:72,15,0,0
BRDA:72,16,0,1
BRDA:72,16,1,0
BRDA:73,17,0,0
BRDA:73,17,1,0
BRDA:73,18,0,0
BRDA:73,18,1,0
BRDA:75,19,0,0
BRDA:75,20,0,1
BRDA:75,20,1,0
BRDA:76,21,0,0
BRDA:76,21,1,0
BRDA:76,22,0,0
BRDA:76,22,1,0
BRDA:80,23,0,1
BRDA:80,23,1,1
BRDA:81,24,0,1
BRDA:81,24,1,1
BRDA:81,24,2,1
BRDA:90,25,0,1
BRDA:93,26,0,3
BRDA:93,27,0,10
BRDA:93,27,1,9
BRDA:94,28,0,3
BRDA:95,29,0,3
BRDA:105,30,0,2
BRDA:105,30,1,3
BRDA:112,31,0,0
BRDA:112,31,1,0
BRDA:113,32,0,0
BRDA:114,33,0,0
BRDA:114,33,1,0
BRDA:115,34,0,0
BRDA:116,35,0,0
BRDA:116,35,1,0
BRDA:123,36,0,0
BRDA:128,37,0,0
BRDA:128,37,1,0
BRDA:129,38,0,0
BRDA:129,38,1,0
BRDA:130,39,0,0
BRDA:130,40,0,0
BRDA:130,40,1,0
BRDA:134,41,0,0
BRDA:134,41,1,0
BRDA:135,42,0,0
BRDA:135,42,1,0
BRDA:136,43,0,0
BRDA:136,44,0,0
BRDA:136,44,1,0
BRDA:153,45,0,0
BRDA:153,45,1,0
BRDA:154,46,0,0
BRDA:154,46,1,0
BRDA:159,47,0,0
BRDA:159,47,1,0
BRDA:160,48,0,0
BRDA:160,48,1,0
BRDA:161,49,0,0
BRDA:161,49,1,0
BRDA:162,50,0,0
BRDA:162,50,1,0
BRDA:163,51,0,0
BRDA:163,51,1,0
BRDA:164,52,0,0
BRDA:164,52,1,0
BRDA:165,53,0,0
BRDA:165,53,1,0
BRDA:166,54,0,0
BRDA:166,54,1,0
BRDA:167,55,0,0
BRDA:167,55,1,0
BRDA:177,56,0,0
BRDA:177,57,0,0
BRDA:177,57,1,0
BRDA:177,57,2,0
BRDA:180,58,0,0
BRDA:180,59,0,0
BRDA:180,59,1,0
BRDA:183,60,0,0
BRDA:183,61,0,0
BRDA:183,61,1,0
BRDA:186,62,0,0
BRDA:186,63,0,0
BRDA:186,63,1,0
BRDA:191,64,0,0
BRDA:191,64,1,0
BRDA:195,65,0,0
BRDA:195,65,1,0
BRDA:196,66,0,0
BRDA:196,66,1,0
BRDA:200,67,0,0
BRDA:200,67,1,0
BRDA:203,68,0,0
BRDA:203,68,1,0
BRDA:204,69,0,0
BRDA:204,69,1,0
BRDA:219,70,0,0
BRDA:219,70,1,0
BRDA:225,71,0,0
BRDA:225,71,1,0
BRDA:226,72,0,0
BRDA:226,72,1,0
BRDA:227,73,0,0
BRDA:227,73,1,0
BRDA:228,74,0,0
BRDA:228,74,1,0
BRDA:229,75,0,0
BRDA:229,75,1,0
BRDA:230,76,0,0
BRDA:230,76,1,0
BRDA:231,77,0,0
BRDA:231,77,1,0
BRDA:232,78,0,0
BRDA:232,78,1,0
BRDA:233,79,0,0
BRDA:233,79,1,0
BRDA:234,80,0,0
BRDA:234,80,1,0
BRDA:235,81,0,0
BRDA:235,81,1,0
BRDA:236,82,0,0
BRDA:236,82,1,0
BRDA:237,83,0,0
BRDA:237,83,1,0
BRDA:238,84,0,0
BRDA:238,84,1,0
BRDA:239,85,0,0
BRDA:239,85,1,0
BRDA:240,86,0,0
BRDA:240,86,1,0
BRDA:241,87,0,0
BRDA:241,87,1,0
BRDA:242,88,0,0
BRDA:242,88,1,0
BRDA:257,89,0,0
BRDA:257,90,0,0
BRDA:257,90,1,0
BRDA:260,91,0,0
BRDA:260,92,0,0
BRDA:260,92,1,0
BRDA:263,93,0,0
BRDA:268,94,0,0
BRDA:268,94,1,0
BRDA:309,95,0,0
BRDA:309,95,1,0
BRDA:310,96,0,0
BRDA:310,96,1,0
BRDA:311,97,0,0
BRDA:311,97,1,0
BRDA:312,98,0,0
BRDA:312,98,1,0
BRDA:315,99,0,0
BRDA:315,99,1,0
BRDA:316,100,0,0
BRDA:316,100,1,0
BRDA:317,101,0,0
BRDA:317,101,1,0
BRDA:318,102,0,0
BRDA:318,102,1,0
BRDA:320,103,0,0
BRDA:321,104,0,0
BRDA:322,105,0,0
BRDA:334,106,0,0
BRDA:334,106,1,0
BRDA:338,107,0,0
BRDA:338,107,1,0
BRDA:339,108,0,0
BRDA:339,108,1,0
BRDA:355,109,0,0
BRDA:355,109,1,0
BRDA:356,110,0,0
BRDA:356,110,1,0
BRDA:357,111,0,0
BRDA:357,111,1,0
BRDA:359,112,0,0
BRDA:359,112,1,0
BRDA:360,113,0,0
BRDA:360,113,1,0
BRDA:361,114,0,0
BRDA:361,114,1,0
BRDA:362,115,0,0
BRDA:362,115,1,0
BRDA:364,116,0,0
BRDA:365,117,0,0
BRDA:366,118,0,0
BRDA:367,119,0,0
BRDA:377,120,0,0
BRDA:377,120,1,0
BRDA:378,121,0,0
BRDA:378,121,1,0
BRDA:379,122,0,0
BRDA:379,122,1,0
BRDA:380,123,0,0
BRDA:380,123,1,0
BRDA:381,124,0,0
BRDA:381,124,1,0
BRDA:382,125,0,0
BRDA:382,125,1,0
BRDA:383,126,0,0
BRDA:383,126,1,0
BRDA:384,127,0,0
BRDA:384,127,1,0
BRDA:388,128,0,0
BRDA:388,128,1,0
BRDA:389,129,0,0
BRDA:389,129,1,0
BRDA:390,130,0,0
BRDA:390,130,1,0
BRF:231
BRH:33
end_of_record
